20/11/10 11:42:44 INFO  dnsserver: Autodiscovery is enabled - trying to discover your system's DNS Servers
20/11/10 11:42:44 INFO  dnsserver: Adding autodiscovered server 192.168.1.1
20/11/10 11:42:44 INFO  dnsserver: DNS Server is: 192.168.1.1
20/11/10 11:42:46 INFO  dnsserver: Couldn't resolve MX records for domain test.com.
20/11/10 11:42:46 INFO  dnsserver: Couldn't find CNAME records for domain test.com.
20/11/10 11:43:08 INFO  dnsserver: Couldn't resolve MX records for domain test.com.
20/11/10 11:43:08 INFO  dnsserver: Couldn't find CNAME records for domain test.com.
20/11/10 11:43:29 INFO  dnsserver: Couldn't resolve MX records for domain test.com.
20/11/10 11:43:29 INFO  dnsserver: Couldn't find CNAME records for domain test.com.
20/11/10 11:43:50 INFO  dnsserver: Couldn't resolve MX records for domain test.com.
20/11/10 11:43:50 INFO  dnsserver: Couldn't find CNAME records for domain test.com.
20/11/10 11:44:11 INFO  dnsserver: Couldn't resolve MX records for domain test.com.
20/11/10 11:44:11 INFO  dnsserver: Couldn't find CNAME records for domain test.com.
20/11/10 11:44:32 INFO  dnsserver: Couldn't resolve MX records for domain test.com.
20/11/10 11:44:32 INFO  dnsserver: Couldn't find CNAME records for domain test.com.
20/11/10 11:44:53 INFO  dnsserver: Couldn't resolve MX records for domain test.com.
20/11/10 11:44:53 INFO  dnsserver: Couldn't find CNAME records for domain test.com.
20/11/10 11:45:14 INFO  dnsserver: Couldn't resolve MX records for domain test.com.
20/11/10 11:45:14 INFO  dnsserver: Couldn't find CNAME records for domain test.com.
20/11/10 11:45:35 INFO  dnsserver: Couldn't resolve MX records for domain test.com.
20/11/10 11:45:35 INFO  dnsserver: Couldn't find CNAME records for domain test.com.
20/11/10 11:45:56 INFO  dnsserver: Couldn't resolve MX records for domain test.com.
20/11/10 11:45:56 INFO  dnsserver: Couldn't find CNAME records for domain test.com.
20/11/10 11:46:17 INFO  dnsserver: Couldn't resolve MX records for domain test.com.
20/11/10 11:46:17 INFO  dnsserver: Couldn't find CNAME records for domain test.com.
20/11/10 11:46:38 INFO  dnsserver: Couldn't resolve MX records for domain test.com.
20/11/10 11:46:38 INFO  dnsserver: Couldn't find CNAME records for domain test.com.
20/11/10 11:46:59 INFO  dnsserver: Couldn't resolve MX records for domain test.com.
20/11/10 11:46:59 INFO  dnsserver: Couldn't find CNAME records for domain test.com.
20/11/10 11:47:20 INFO  dnsserver: Couldn't resolve MX records for domain test.com.
20/11/10 11:47:20 INFO  dnsserver: Couldn't find CNAME records for domain test.com.
20/11/10 11:47:42 INFO  dnsserver: Couldn't resolve MX records for domain test.com.
20/11/10 11:47:42 INFO  dnsserver: Couldn't find CNAME records for domain test.com.
20/11/10 11:48:03 INFO  dnsserver: Couldn't resolve MX records for domain test.com.
20/11/10 11:48:03 INFO  dnsserver: Couldn't find CNAME records for domain test.com.
20/11/10 11:48:24 INFO  dnsserver: Couldn't resolve MX records for domain test.com.
20/11/10 11:48:24 INFO  dnsserver: Couldn't find CNAME records for domain test.com.
20/11/10 11:48:45 INFO  dnsserver: Couldn't resolve MX records for domain test.com.
20/11/10 11:48:45 INFO  dnsserver: Couldn't find CNAME records for domain test.com.
20/11/10 11:49:06 INFO  dnsserver: Couldn't resolve MX records for domain test.com.
20/11/10 11:49:06 INFO  dnsserver: Couldn't find CNAME records for domain test.com.
20/11/10 11:49:27 INFO  dnsserver: Couldn't resolve MX records for domain test.com.
20/11/10 11:49:27 INFO  dnsserver: Couldn't find CNAME records for domain test.com.
20/11/10 11:49:48 INFO  dnsserver: Couldn't resolve MX records for domain test.com.
20/11/10 11:49:48 INFO  dnsserver: Couldn't find CNAME records for domain test.com.
20/11/10 11:50:09 INFO  dnsserver: Couldn't resolve MX records for domain test.com.
20/11/10 11:50:09 INFO  dnsserver: Couldn't find CNAME records for domain test.com.
20/11/10 11:50:30 INFO  dnsserver: Couldn't resolve MX records for domain test.com.
20/11/10 11:50:30 INFO  dnsserver: Couldn't find CNAME records for domain test.com.
20/11/10 11:50:51 INFO  dnsserver: Couldn't resolve MX records for domain test.com.
20/11/10 11:50:51 INFO  dnsserver: Couldn't find CNAME records for domain test.com.
20/11/10 11:51:13 INFO  dnsserver: Couldn't resolve MX records for domain test.com.
20/11/10 11:51:13 INFO  dnsserver: Couldn't find CNAME records for domain test.com.
20/11/10 11:51:34 INFO  dnsserver: Couldn't resolve MX records for domain test.com.
20/11/10 11:51:34 INFO  dnsserver: Couldn't find CNAME records for domain test.com.
20/11/10 11:51:55 INFO  dnsserver: Couldn't resolve MX records for domain test.com.
20/11/10 11:51:55 INFO  dnsserver: Couldn't find CNAME records for domain test.com.
20/11/10 11:52:16 INFO  dnsserver: Couldn't resolve MX records for domain test.com.
20/11/10 11:52:16 INFO  dnsserver: Couldn't find CNAME records for domain test.com.
20/11/10 11:52:37 INFO  dnsserver: Couldn't resolve MX records for domain test.com.
20/11/10 11:52:37 INFO  dnsserver: Couldn't find CNAME records for domain test.com.
20/11/10 11:52:58 INFO  dnsserver: Couldn't resolve MX records for domain test.com.
20/11/10 11:52:58 INFO  dnsserver: Couldn't find CNAME records for domain test.com.
20/11/10 11:53:19 INFO  dnsserver: Couldn't resolve MX records for domain test.com.
20/11/10 11:53:19 INFO  dnsserver: Couldn't find CNAME records for domain test.com.
20/11/10 11:57:58 INFO  dnsserver: Couldn't resolve MX records for domain test.com.
20/11/10 11:57:58 INFO  dnsserver: Couldn't find CNAME records for domain test.com.
20/11/10 12:08:19 INFO  dnsserver: Couldn't resolve MX records for domain test.com.
20/11/10 12:08:19 INFO  dnsserver: Couldn't find CNAME records for domain test.com.
20/11/10 12:34:48 INFO  dnsserver: Couldn't resolve MX records for domain test.com.
20/11/10 12:34:48 INFO  dnsserver: Couldn't find CNAME records for domain test.com.
20/11/10 12:53:40 INFO  dnsserver: Couldn't resolve MX records for domain test.com.
20/11/10 12:53:40 INFO  dnsserver: Couldn't find CNAME records for domain test.com.
20/11/10 14:35:09 INFO  dnsserver: Couldn't resolve MX records for domain test.com.
20/11/10 14:35:09 INFO  dnsserver: Couldn't find CNAME records for domain test.com.
20/11/10 14:43:50 INFO  dnsserver: Couldn't resolve MX records for domain test.com.
20/11/10 14:43:50 INFO  dnsserver: Couldn't find CNAME records for domain test.com.
20/11/10 14:44:11 INFO  dnsserver: Couldn't resolve MX records for domain test.com.
20/11/10 14:44:11 INFO  dnsserver: Couldn't find CNAME records for domain test.com.
20/11/10 14:46:59 INFO  dnsserver: Couldn't resolve MX records for domain test.com.
20/11/10 14:46:59 INFO  dnsserver: Couldn't find CNAME records for domain test.com.
20/11/10 14:48:24 INFO  dnsserver: Couldn't resolve MX records for domain test.com.
20/11/10 14:48:24 INFO  dnsserver: Couldn't find CNAME records for domain test.com.
20/11/10 14:49:06 INFO  dnsserver: Couldn't resolve MX records for domain test.com.
20/11/10 14:49:06 INFO  dnsserver: Couldn't find CNAME records for domain test.com.
20/11/10 14:51:34 INFO  dnsserver: Couldn't resolve MX records for domain test.com.
20/11/10 14:51:34 INFO  dnsserver: Couldn't find CNAME records for domain test.com.
20/11/10 14:51:55 INFO  dnsserver: Couldn't resolve MX records for domain test.com.
20/11/10 14:51:55 INFO  dnsserver: Couldn't find CNAME records for domain test.com.
20/11/10 14:54:02 INFO  dnsserver: Couldn't resolve MX records for domain test.com.
20/11/10 14:54:02 INFO  dnsserver: Couldn't find CNAME records for domain test.com.
20/11/10 17:35:30 INFO  dnsserver: Couldn't resolve MX records for domain test.com.
20/11/10 17:35:30 INFO  dnsserver: Couldn't find CNAME records for domain test.com.
20/11/10 17:43:08 INFO  dnsserver: Couldn't resolve MX records for domain test.com.
20/11/10 17:43:08 INFO  dnsserver: Couldn't find CNAME records for domain test.com.
20/11/10 17:43:29 INFO  dnsserver: Couldn't resolve MX records for domain test.com.
20/11/10 17:43:29 INFO  dnsserver: Couldn't find CNAME records for domain test.com.
20/11/10 17:44:32 INFO  dnsserver: Couldn't resolve MX records for domain test.com.
20/11/10 17:44:32 INFO  dnsserver: Couldn't find CNAME records for domain test.com.
20/11/10 17:44:53 INFO  dnsserver: Couldn't resolve MX records for domain test.com.
20/11/10 17:44:53 INFO  dnsserver: Couldn't find CNAME records for domain test.com.
20/11/10 17:45:14 INFO  dnsserver: Couldn't resolve MX records for domain test.com.
20/11/10 17:45:14 INFO  dnsserver: Couldn't find CNAME records for domain test.com.
20/11/10 17:45:35 INFO  dnsserver: Couldn't resolve MX records for domain test.com.
20/11/10 17:45:35 INFO  dnsserver: Couldn't find CNAME records for domain test.com.
20/11/10 17:45:56 INFO  dnsserver: Couldn't resolve MX records for domain test.com.
20/11/10 17:45:56 INFO  dnsserver: Couldn't find CNAME records for domain test.com.
20/11/10 17:46:17 INFO  dnsserver: Couldn't resolve MX records for domain test.com.
20/11/10 17:46:17 INFO  dnsserver: Couldn't find CNAME records for domain test.com.
20/11/10 17:46:38 INFO  dnsserver: Couldn't resolve MX records for domain test.com.
20/11/10 17:46:38 INFO  dnsserver: Couldn't find CNAME records for domain test.com.
20/11/10 17:47:20 INFO  dnsserver: Couldn't resolve MX records for domain test.com.
20/11/10 17:47:20 INFO  dnsserver: Couldn't find CNAME records for domain test.com.
20/11/10 17:47:42 INFO  dnsserver: Couldn't resolve MX records for domain test.com.
20/11/10 17:47:42 INFO  dnsserver: Couldn't find CNAME records for domain test.com.
20/11/10 17:48:03 INFO  dnsserver: Couldn't resolve MX records for domain test.com.
20/11/10 17:48:03 INFO  dnsserver: Couldn't find CNAME records for domain test.com.
20/11/10 17:48:45 INFO  dnsserver: Couldn't resolve MX records for domain test.com.
20/11/10 17:48:45 INFO  dnsserver: Couldn't find CNAME records for domain test.com.
20/11/10 17:49:27 INFO  dnsserver: Couldn't resolve MX records for domain test.com.
20/11/10 17:49:27 INFO  dnsserver: Couldn't find CNAME records for domain test.com.
20/11/10 17:50:09 INFO  dnsserver: Couldn't resolve MX records for domain test.com.
20/11/10 17:50:09 INFO  dnsserver: Couldn't find CNAME records for domain test.com.
20/11/10 17:50:30 INFO  dnsserver: Couldn't resolve MX records for domain test.com.
20/11/10 17:50:30 INFO  dnsserver: Couldn't find CNAME records for domain test.com.
20/11/10 17:50:51 INFO  dnsserver: Couldn't resolve MX records for domain test.com.
20/11/10 17:50:51 INFO  dnsserver: Couldn't find CNAME records for domain test.com.
20/11/10 17:51:12 INFO  dnsserver: Couldn't resolve MX records for domain test.com.
20/11/10 17:51:12 INFO  dnsserver: Couldn't find CNAME records for domain test.com.
20/11/10 17:52:16 INFO  dnsserver: Couldn't resolve MX records for domain test.com.
20/11/10 17:52:16 INFO  dnsserver: Couldn't find CNAME records for domain test.com.
20/11/10 17:52:37 INFO  dnsserver: Couldn't resolve MX records for domain test.com.
20/11/10 17:52:37 INFO  dnsserver: Couldn't find CNAME records for domain test.com.
20/11/10 17:53:19 INFO  dnsserver: Couldn't resolve MX records for domain test.com.
20/11/10 17:53:19 INFO  dnsserver: Couldn't find CNAME records for domain test.com.
20/11/10 17:53:40 INFO  dnsserver: Couldn't resolve MX records for domain test.com.
20/11/10 17:53:40 INFO  dnsserver: Couldn't find CNAME records for domain test.com.
20/11/10 17:54:23 INFO  dnsserver: Couldn't resolve MX records for domain test.com.
20/11/10 17:54:23 INFO  dnsserver: Couldn't find CNAME records for domain test.com.
