21/11/10 00:36:36 INFO  dnsserver: Autodiscovery is enabled - trying to discover your system's DNS Servers
21/11/10 00:36:36 INFO  dnsserver: Adding autodiscovered server 192.168.1.1
21/11/10 00:36:36 INFO  dnsserver: DNS Server is: 192.168.1.1
21/11/10 00:36:38 INFO  dnsserver: Couldn't resolve MX records for domain test.com.
21/11/10 00:36:38 INFO  dnsserver: Couldn't find CNAME records for domain test.com.
21/11/10 00:37:00 INFO  dnsserver: Couldn't resolve MX records for domain test.com.
21/11/10 00:37:00 INFO  dnsserver: Couldn't find CNAME records for domain test.com.
21/11/10 00:37:21 INFO  dnsserver: Couldn't resolve MX records for domain test.com.
21/11/10 00:37:21 INFO  dnsserver: Couldn't find CNAME records for domain test.com.
21/11/10 00:37:42 INFO  dnsserver: Couldn't resolve MX records for domain test.com.
21/11/10 00:37:42 INFO  dnsserver: Couldn't find CNAME records for domain test.com.
21/11/10 00:38:03 INFO  dnsserver: Couldn't resolve MX records for domain test.com.
21/11/10 00:38:03 INFO  dnsserver: Couldn't find CNAME records for domain test.com.
21/11/10 00:38:24 INFO  dnsserver: Couldn't resolve MX records for domain test.com.
21/11/10 00:38:24 INFO  dnsserver: Couldn't find CNAME records for domain test.com.
21/11/10 00:38:45 INFO  dnsserver: Couldn't resolve MX records for domain test.com.
21/11/10 00:38:45 INFO  dnsserver: Couldn't find CNAME records for domain test.com.
21/11/10 00:39:06 INFO  dnsserver: Couldn't resolve MX records for domain test.com.
21/11/10 00:39:06 INFO  dnsserver: Couldn't find CNAME records for domain test.com.
21/11/10 00:39:27 INFO  dnsserver: Couldn't resolve MX records for domain test.com.
21/11/10 00:39:27 INFO  dnsserver: Couldn't find CNAME records for domain test.com.
21/11/10 00:39:48 INFO  dnsserver: Couldn't resolve MX records for domain test.com.
21/11/10 00:39:48 INFO  dnsserver: Couldn't find CNAME records for domain test.com.
21/11/10 00:40:09 INFO  dnsserver: Couldn't resolve MX records for domain test.com.
21/11/10 00:40:09 INFO  dnsserver: Couldn't find CNAME records for domain test.com.
21/11/10 00:40:30 INFO  dnsserver: Couldn't resolve MX records for domain test.com.
21/11/10 00:40:30 INFO  dnsserver: Couldn't find CNAME records for domain test.com.
21/11/10 00:40:51 INFO  dnsserver: Couldn't resolve MX records for domain test.com.
21/11/10 00:40:51 INFO  dnsserver: Couldn't find CNAME records for domain test.com.
21/11/10 00:41:12 INFO  dnsserver: Couldn't resolve MX records for domain test.com.
21/11/10 00:41:12 INFO  dnsserver: Couldn't find CNAME records for domain test.com.
21/11/10 00:41:33 INFO  dnsserver: Couldn't resolve MX records for domain test.com.
21/11/10 00:41:33 INFO  dnsserver: Couldn't find CNAME records for domain test.com.
21/11/10 00:41:54 INFO  dnsserver: Couldn't resolve MX records for domain test.com.
21/11/10 00:41:54 INFO  dnsserver: Couldn't find CNAME records for domain test.com.
21/11/10 00:42:15 INFO  dnsserver: Couldn't resolve MX records for domain test.com.
21/11/10 00:42:15 INFO  dnsserver: Couldn't find CNAME records for domain test.com.
21/11/10 00:42:37 INFO  dnsserver: Couldn't resolve MX records for domain test.com.
21/11/10 00:42:37 INFO  dnsserver: Couldn't find CNAME records for domain test.com.
21/11/10 00:42:58 INFO  dnsserver: Couldn't resolve MX records for domain test.com.
21/11/10 00:42:58 INFO  dnsserver: Couldn't find CNAME records for domain test.com.
21/11/10 00:43:19 INFO  dnsserver: Couldn't resolve MX records for domain test.com.
21/11/10 00:43:19 INFO  dnsserver: Couldn't find CNAME records for domain test.com.
21/11/10 00:43:40 INFO  dnsserver: Couldn't resolve MX records for domain test.com.
21/11/10 00:43:40 INFO  dnsserver: Couldn't find CNAME records for domain test.com.
21/11/10 00:44:01 INFO  dnsserver: Couldn't resolve MX records for domain test.com.
21/11/10 00:44:01 INFO  dnsserver: Couldn't find CNAME records for domain test.com.
21/11/10 00:44:22 INFO  dnsserver: Couldn't resolve MX records for domain test.com.
21/11/10 00:44:22 INFO  dnsserver: Couldn't find CNAME records for domain test.com.
21/11/10 00:44:43 INFO  dnsserver: Couldn't resolve MX records for domain test.com.
21/11/10 00:44:43 INFO  dnsserver: Couldn't find CNAME records for domain test.com.
21/11/10 00:45:04 INFO  dnsserver: Couldn't resolve MX records for domain test.com.
21/11/10 00:45:04 INFO  dnsserver: Couldn't find CNAME records for domain test.com.
21/11/10 00:45:25 INFO  dnsserver: Couldn't resolve MX records for domain test.com.
21/11/10 00:45:25 INFO  dnsserver: Couldn't find CNAME records for domain test.com.
21/11/10 00:45:46 INFO  dnsserver: Couldn't resolve MX records for domain test.com.
21/11/10 00:45:46 INFO  dnsserver: Couldn't find CNAME records for domain test.com.
21/11/10 00:46:07 INFO  dnsserver: Couldn't resolve MX records for domain test.com.
21/11/10 00:46:07 INFO  dnsserver: Couldn't find CNAME records for domain test.com.
21/11/10 00:46:28 INFO  dnsserver: Couldn't resolve MX records for domain test.com.
21/11/10 00:46:28 INFO  dnsserver: Couldn't find CNAME records for domain test.com.
21/11/10 00:46:50 INFO  dnsserver: Couldn't resolve MX records for domain test.com.
21/11/10 00:46:50 INFO  dnsserver: Couldn't find CNAME records for domain test.com.
21/11/10 00:47:11 INFO  dnsserver: Couldn't resolve MX records for domain test.com.
21/11/10 00:47:11 INFO  dnsserver: Couldn't find CNAME records for domain test.com.
21/11/10 00:47:32 INFO  dnsserver: Couldn't resolve MX records for domain test.com.
21/11/10 00:47:32 INFO  dnsserver: Couldn't find CNAME records for domain test.com.
21/11/10 00:47:53 INFO  dnsserver: Couldn't resolve MX records for domain test.com.
21/11/10 00:47:53 INFO  dnsserver: Couldn't find CNAME records for domain test.com.
21/11/10 00:56:07 INFO  dnsserver: Couldn't resolve MX records for domain test.com.
21/11/10 00:56:07 INFO  dnsserver: Couldn't find CNAME records for domain test.com.
21/11/10 01:06:54 INFO  dnsserver: Couldn't resolve MX records for domain test.com.
21/11/10 01:06:54 INFO  dnsserver: Couldn't find CNAME records for domain test.com.
21/11/10 01:12:15 INFO  dnsserver: Couldn't resolve MX records for domain test.com.
21/11/10 01:12:15 INFO  dnsserver: Couldn't find CNAME records for domain test.com.
