25/02/11 11:59:29 INFO  James.Mailet: RemoteAddrNotInNetwork: Authorized addresses: [127.0.0.1/255.255.255.255]
25/02/11 11:59:29 INFO  James.Mailet: RemoteDelivery: maxRetries is larger than total number of attempts specified. Increasing last delayTime with 19 attempts 
25/02/11 11:59:29 INFO  James.Mailet: RemoteDelivery: Delay of 21600000 msecs is now attempted: 20 times
25/02/11 11:59:31 INFO  James.Mailet: RemoteDelivery: Exception caught in RemoteDelivery.run()
java.lang.ClassCastException: org.xbill.DNS.ARecord cannot be cast to org.xbill.DNS.CNAMERecord
	at org.apache.james.dnsserver.DNSServer.findMXRecords(DNSServer.java:252)
	at org.apache.james.dnsserver.DNSServer$1.<init>(DNSServer.java:427)
	at org.apache.james.dnsserver.DNSServer.getSMTPHostAddresses(DNSServer.java:426)
	at sun.reflect.NativeMethodAccessorImpl.invoke0(Native Method)
	at sun.reflect.NativeMethodAccessorImpl.invoke(NativeMethodAccessorImpl.java:39)
	at sun.reflect.DelegatingMethodAccessorImpl.invoke(DelegatingMethodAccessorImpl.java:25)
	at java.lang.reflect.Method.invoke(Method.java:597)
	at org.apache.avalon.phoenix.components.application.BlockInvocationHandler.invoke(BlockInvocationHandler.java:134)
	at $Proxy0.getSMTPHostAddresses(Unknown Source)
	at org.apache.james.James.getSMTPHostAddresses(James.java:860)
	at sun.reflect.NativeMethodAccessorImpl.invoke0(Native Method)
	at sun.reflect.NativeMethodAccessorImpl.invoke(NativeMethodAccessorImpl.java:39)
	at sun.reflect.DelegatingMethodAccessorImpl.invoke(DelegatingMethodAccessorImpl.java:25)
	at java.lang.reflect.Method.invoke(Method.java:597)
	at org.apache.avalon.phoenix.components.application.BlockInvocationHandler.invoke(BlockInvocationHandler.java:134)
	at $Proxy9.getSMTPHostAddresses(Unknown Source)
	at org.apache.james.transport.mailets.RemoteDelivery.deliver(RemoteDelivery.java:452)
	at org.apache.james.transport.mailets.RemoteDelivery.run(RemoteDelivery.java:1139)
	at java.lang.Thread.run(Thread.java:619)
25/02/11 11:59:31 INFO  James.Mailet: RemoteDelivery: Exception caught in RemoteDelivery.run()
java.lang.ClassCastException: org.xbill.DNS.ARecord cannot be cast to org.xbill.DNS.CNAMERecord
	at org.apache.james.dnsserver.DNSServer.findMXRecords(DNSServer.java:252)
	at org.apache.james.dnsserver.DNSServer$1.<init>(DNSServer.java:427)
	at org.apache.james.dnsserver.DNSServer.getSMTPHostAddresses(DNSServer.java:426)
	at sun.reflect.NativeMethodAccessorImpl.invoke0(Native Method)
	at sun.reflect.NativeMethodAccessorImpl.invoke(NativeMethodAccessorImpl.java:39)
	at sun.reflect.DelegatingMethodAccessorImpl.invoke(DelegatingMethodAccessorImpl.java:25)
	at java.lang.reflect.Method.invoke(Method.java:597)
	at org.apache.avalon.phoenix.components.application.BlockInvocationHandler.invoke(BlockInvocationHandler.java:134)
	at $Proxy0.getSMTPHostAddresses(Unknown Source)
	at org.apache.james.James.getSMTPHostAddresses(James.java:860)
	at sun.reflect.NativeMethodAccessorImpl.invoke0(Native Method)
	at sun.reflect.NativeMethodAccessorImpl.invoke(NativeMethodAccessorImpl.java:39)
	at sun.reflect.DelegatingMethodAccessorImpl.invoke(DelegatingMethodAccessorImpl.java:25)
	at java.lang.reflect.Method.invoke(Method.java:597)
	at org.apache.avalon.phoenix.components.application.BlockInvocationHandler.invoke(BlockInvocationHandler.java:134)
	at $Proxy9.getSMTPHostAddresses(Unknown Source)
	at org.apache.james.transport.mailets.RemoteDelivery.deliver(RemoteDelivery.java:452)
	at org.apache.james.transport.mailets.RemoteDelivery.run(RemoteDelivery.java:1139)
	at java.lang.Thread.run(Thread.java:619)
25/02/11 11:59:31 INFO  James.Mailet: RemoteDelivery: Exception caught in RemoteDelivery.run()
java.lang.ClassCastException: org.xbill.DNS.ARecord cannot be cast to org.xbill.DNS.CNAMERecord
	at org.apache.james.dnsserver.DNSServer.findMXRecords(DNSServer.java:252)
	at org.apache.james.dnsserver.DNSServer$1.<init>(DNSServer.java:427)
	at org.apache.james.dnsserver.DNSServer.getSMTPHostAddresses(DNSServer.java:426)
	at sun.reflect.NativeMethodAccessorImpl.invoke0(Native Method)
	at sun.reflect.NativeMethodAccessorImpl.invoke(NativeMethodAccessorImpl.java:39)
	at sun.reflect.DelegatingMethodAccessorImpl.invoke(DelegatingMethodAccessorImpl.java:25)
	at java.lang.reflect.Method.invoke(Method.java:597)
	at org.apache.avalon.phoenix.components.application.BlockInvocationHandler.invoke(BlockInvocationHandler.java:134)
	at $Proxy0.getSMTPHostAddresses(Unknown Source)
	at org.apache.james.James.getSMTPHostAddresses(James.java:860)
	at sun.reflect.NativeMethodAccessorImpl.invoke0(Native Method)
	at sun.reflect.NativeMethodAccessorImpl.invoke(NativeMethodAccessorImpl.java:39)
	at sun.reflect.DelegatingMethodAccessorImpl.invoke(DelegatingMethodAccessorImpl.java:25)
	at java.lang.reflect.Method.invoke(Method.java:597)
	at org.apache.avalon.phoenix.components.application.BlockInvocationHandler.invoke(BlockInvocationHandler.java:134)
	at $Proxy9.getSMTPHostAddresses(Unknown Source)
	at org.apache.james.transport.mailets.RemoteDelivery.deliver(RemoteDelivery.java:452)
	at org.apache.james.transport.mailets.RemoteDelivery.run(RemoteDelivery.java:1139)
	at java.lang.Thread.run(Thread.java:619)
25/02/11 11:59:31 INFO  James.Mailet: RemoteDelivery: Exception caught in RemoteDelivery.run()
java.lang.ClassCastException: org.xbill.DNS.ARecord cannot be cast to org.xbill.DNS.CNAMERecord
	at org.apache.james.dnsserver.DNSServer.findMXRecords(DNSServer.java:252)
	at org.apache.james.dnsserver.DNSServer$1.<init>(DNSServer.java:427)
	at org.apache.james.dnsserver.DNSServer.getSMTPHostAddresses(DNSServer.java:426)
	at sun.reflect.NativeMethodAccessorImpl.invoke0(Native Method)
	at sun.reflect.NativeMethodAccessorImpl.invoke(NativeMethodAccessorImpl.java:39)
	at sun.reflect.DelegatingMethodAccessorImpl.invoke(DelegatingMethodAccessorImpl.java:25)
	at java.lang.reflect.Method.invoke(Method.java:597)
	at org.apache.avalon.phoenix.components.application.BlockInvocationHandler.invoke(BlockInvocationHandler.java:134)
	at $Proxy0.getSMTPHostAddresses(Unknown Source)
	at org.apache.james.James.getSMTPHostAddresses(James.java:860)
	at sun.reflect.NativeMethodAccessorImpl.invoke0(Native Method)
	at sun.reflect.NativeMethodAccessorImpl.invoke(NativeMethodAccessorImpl.java:39)
	at sun.reflect.DelegatingMethodAccessorImpl.invoke(DelegatingMethodAccessorImpl.java:25)
	at java.lang.reflect.Method.invoke(Method.java:597)
	at org.apache.avalon.phoenix.components.application.BlockInvocationHandler.invoke(BlockInvocationHandler.java:134)
	at $Proxy9.getSMTPHostAddresses(Unknown Source)
	at org.apache.james.transport.mailets.RemoteDelivery.deliver(RemoteDelivery.java:452)
	at org.apache.james.transport.mailets.RemoteDelivery.run(RemoteDelivery.java:1139)
	at java.lang.Thread.run(Thread.java:619)
25/02/11 11:59:31 INFO  James.Mailet: RemoteDelivery: Exception caught in RemoteDelivery.run()
java.lang.ClassCastException: org.xbill.DNS.ARecord cannot be cast to org.xbill.DNS.CNAMERecord
	at org.apache.james.dnsserver.DNSServer.findMXRecords(DNSServer.java:252)
	at org.apache.james.dnsserver.DNSServer$1.<init>(DNSServer.java:427)
	at org.apache.james.dnsserver.DNSServer.getSMTPHostAddresses(DNSServer.java:426)
	at sun.reflect.NativeMethodAccessorImpl.invoke0(Native Method)
	at sun.reflect.NativeMethodAccessorImpl.invoke(NativeMethodAccessorImpl.java:39)
	at sun.reflect.DelegatingMethodAccessorImpl.invoke(DelegatingMethodAccessorImpl.java:25)
	at java.lang.reflect.Method.invoke(Method.java:597)
	at org.apache.avalon.phoenix.components.application.BlockInvocationHandler.invoke(BlockInvocationHandler.java:134)
	at $Proxy0.getSMTPHostAddresses(Unknown Source)
	at org.apache.james.James.getSMTPHostAddresses(James.java:860)
	at sun.reflect.NativeMethodAccessorImpl.invoke0(Native Method)
	at sun.reflect.NativeMethodAccessorImpl.invoke(NativeMethodAccessorImpl.java:39)
	at sun.reflect.DelegatingMethodAccessorImpl.invoke(DelegatingMethodAccessorImpl.java:25)
	at java.lang.reflect.Method.invoke(Method.java:597)
	at org.apache.avalon.phoenix.components.application.BlockInvocationHandler.invoke(BlockInvocationHandler.java:134)
	at $Proxy9.getSMTPHostAddresses(Unknown Source)
	at org.apache.james.transport.mailets.RemoteDelivery.deliver(RemoteDelivery.java:452)
	at org.apache.james.transport.mailets.RemoteDelivery.run(RemoteDelivery.java:1139)
	at java.lang.Thread.run(Thread.java:619)
25/02/11 11:59:31 INFO  James.Mailet: RemoteDelivery: Exception caught in RemoteDelivery.run()
java.lang.ClassCastException: org.xbill.DNS.ARecord cannot be cast to org.xbill.DNS.CNAMERecord
	at org.apache.james.dnsserver.DNSServer.findMXRecords(DNSServer.java:252)
	at org.apache.james.dnsserver.DNSServer$1.<init>(DNSServer.java:427)
	at org.apache.james.dnsserver.DNSServer.getSMTPHostAddresses(DNSServer.java:426)
	at sun.reflect.NativeMethodAccessorImpl.invoke0(Native Method)
	at sun.reflect.NativeMethodAccessorImpl.invoke(NativeMethodAccessorImpl.java:39)
	at sun.reflect.DelegatingMethodAccessorImpl.invoke(DelegatingMethodAccessorImpl.java:25)
	at java.lang.reflect.Method.invoke(Method.java:597)
	at org.apache.avalon.phoenix.components.application.BlockInvocationHandler.invoke(BlockInvocationHandler.java:134)
	at $Proxy0.getSMTPHostAddresses(Unknown Source)
	at org.apache.james.James.getSMTPHostAddresses(James.java:860)
	at sun.reflect.NativeMethodAccessorImpl.invoke0(Native Method)
	at sun.reflect.NativeMethodAccessorImpl.invoke(NativeMethodAccessorImpl.java:39)
	at sun.reflect.DelegatingMethodAccessorImpl.invoke(DelegatingMethodAccessorImpl.java:25)
	at java.lang.reflect.Method.invoke(Method.java:597)
	at org.apache.avalon.phoenix.components.application.BlockInvocationHandler.invoke(BlockInvocationHandler.java:134)
	at $Proxy9.getSMTPHostAddresses(Unknown Source)
	at org.apache.james.transport.mailets.RemoteDelivery.deliver(RemoteDelivery.java:452)
	at org.apache.james.transport.mailets.RemoteDelivery.run(RemoteDelivery.java:1139)
	at java.lang.Thread.run(Thread.java:619)
25/02/11 11:59:31 INFO  James.Mailet: RemoteDelivery: Exception caught in RemoteDelivery.run()
java.lang.ClassCastException: org.xbill.DNS.ARecord cannot be cast to org.xbill.DNS.CNAMERecord
	at org.apache.james.dnsserver.DNSServer.findMXRecords(DNSServer.java:252)
	at org.apache.james.dnsserver.DNSServer$1.<init>(DNSServer.java:427)
	at org.apache.james.dnsserver.DNSServer.getSMTPHostAddresses(DNSServer.java:426)
	at sun.reflect.NativeMethodAccessorImpl.invoke0(Native Method)
	at sun.reflect.NativeMethodAccessorImpl.invoke(NativeMethodAccessorImpl.java:39)
	at sun.reflect.DelegatingMethodAccessorImpl.invoke(DelegatingMethodAccessorImpl.java:25)
	at java.lang.reflect.Method.invoke(Method.java:597)
	at org.apache.avalon.phoenix.components.application.BlockInvocationHandler.invoke(BlockInvocationHandler.java:134)
	at $Proxy0.getSMTPHostAddresses(Unknown Source)
	at org.apache.james.James.getSMTPHostAddresses(James.java:860)
	at sun.reflect.NativeMethodAccessorImpl.invoke0(Native Method)
	at sun.reflect.NativeMethodAccessorImpl.invoke(NativeMethodAccessorImpl.java:39)
	at sun.reflect.DelegatingMethodAccessorImpl.invoke(DelegatingMethodAccessorImpl.java:25)
	at java.lang.reflect.Method.invoke(Method.java:597)
	at org.apache.avalon.phoenix.components.application.BlockInvocationHandler.invoke(BlockInvocationHandler.java:134)
	at $Proxy9.getSMTPHostAddresses(Unknown Source)
	at org.apache.james.transport.mailets.RemoteDelivery.deliver(RemoteDelivery.java:452)
	at org.apache.james.transport.mailets.RemoteDelivery.run(RemoteDelivery.java:1139)
	at java.lang.Thread.run(Thread.java:619)
25/02/11 11:59:31 INFO  James.Mailet: RemoteDelivery: Exception caught in RemoteDelivery.run()
java.lang.ClassCastException: org.xbill.DNS.ARecord cannot be cast to org.xbill.DNS.CNAMERecord
	at org.apache.james.dnsserver.DNSServer.findMXRecords(DNSServer.java:252)
	at org.apache.james.dnsserver.DNSServer$1.<init>(DNSServer.java:427)
	at org.apache.james.dnsserver.DNSServer.getSMTPHostAddresses(DNSServer.java:426)
	at sun.reflect.NativeMethodAccessorImpl.invoke0(Native Method)
	at sun.reflect.NativeMethodAccessorImpl.invoke(NativeMethodAccessorImpl.java:39)
	at sun.reflect.DelegatingMethodAccessorImpl.invoke(DelegatingMethodAccessorImpl.java:25)
	at java.lang.reflect.Method.invoke(Method.java:597)
	at org.apache.avalon.phoenix.components.application.BlockInvocationHandler.invoke(BlockInvocationHandler.java:134)
	at $Proxy0.getSMTPHostAddresses(Unknown Source)
	at org.apache.james.James.getSMTPHostAddresses(James.java:860)
	at sun.reflect.NativeMethodAccessorImpl.invoke0(Native Method)
	at sun.reflect.NativeMethodAccessorImpl.invoke(NativeMethodAccessorImpl.java:39)
	at sun.reflect.DelegatingMethodAccessorImpl.invoke(DelegatingMethodAccessorImpl.java:25)
	at java.lang.reflect.Method.invoke(Method.java:597)
	at org.apache.avalon.phoenix.components.application.BlockInvocationHandler.invoke(BlockInvocationHandler.java:134)
	at $Proxy9.getSMTPHostAddresses(Unknown Source)
	at org.apache.james.transport.mailets.RemoteDelivery.deliver(RemoteDelivery.java:452)
	at org.apache.james.transport.mailets.RemoteDelivery.run(RemoteDelivery.java:1139)
	at java.lang.Thread.run(Thread.java:619)
25/02/11 11:59:31 INFO  James.Mailet: RemoteDelivery: Exception caught in RemoteDelivery.run()
java.lang.ClassCastException: org.xbill.DNS.ARecord cannot be cast to org.xbill.DNS.CNAMERecord
	at org.apache.james.dnsserver.DNSServer.findMXRecords(DNSServer.java:252)
	at org.apache.james.dnsserver.DNSServer$1.<init>(DNSServer.java:427)
	at org.apache.james.dnsserver.DNSServer.getSMTPHostAddresses(DNSServer.java:426)
	at sun.reflect.NativeMethodAccessorImpl.invoke0(Native Method)
	at sun.reflect.NativeMethodAccessorImpl.invoke(NativeMethodAccessorImpl.java:39)
	at sun.reflect.DelegatingMethodAccessorImpl.invoke(DelegatingMethodAccessorImpl.java:25)
	at java.lang.reflect.Method.invoke(Method.java:597)
	at org.apache.avalon.phoenix.components.application.BlockInvocationHandler.invoke(BlockInvocationHandler.java:134)
	at $Proxy0.getSMTPHostAddresses(Unknown Source)
	at org.apache.james.James.getSMTPHostAddresses(James.java:860)
	at sun.reflect.NativeMethodAccessorImpl.invoke0(Native Method)
	at sun.reflect.NativeMethodAccessorImpl.invoke(NativeMethodAccessorImpl.java:39)
	at sun.reflect.DelegatingMethodAccessorImpl.invoke(DelegatingMethodAccessorImpl.java:25)
	at java.lang.reflect.Method.invoke(Method.java:597)
	at org.apache.avalon.phoenix.components.application.BlockInvocationHandler.invoke(BlockInvocationHandler.java:134)
	at $Proxy9.getSMTPHostAddresses(Unknown Source)
	at org.apache.james.transport.mailets.RemoteDelivery.deliver(RemoteDelivery.java:452)
	at org.apache.james.transport.mailets.RemoteDelivery.run(RemoteDelivery.java:1139)
	at java.lang.Thread.run(Thread.java:619)
25/02/11 11:59:31 INFO  James.Mailet: RemoteDelivery: Exception caught in RemoteDelivery.run()
java.lang.ClassCastException: org.xbill.DNS.ARecord cannot be cast to org.xbill.DNS.CNAMERecord
	at org.apache.james.dnsserver.DNSServer.findMXRecords(DNSServer.java:252)
	at org.apache.james.dnsserver.DNSServer$1.<init>(DNSServer.java:427)
	at org.apache.james.dnsserver.DNSServer.getSMTPHostAddresses(DNSServer.java:426)
	at sun.reflect.NativeMethodAccessorImpl.invoke0(Native Method)
	at sun.reflect.NativeMethodAccessorImpl.invoke(NativeMethodAccessorImpl.java:39)
	at sun.reflect.DelegatingMethodAccessorImpl.invoke(DelegatingMethodAccessorImpl.java:25)
	at java.lang.reflect.Method.invoke(Method.java:597)
	at org.apache.avalon.phoenix.components.application.BlockInvocationHandler.invoke(BlockInvocationHandler.java:134)
	at $Proxy0.getSMTPHostAddresses(Unknown Source)
	at org.apache.james.James.getSMTPHostAddresses(James.java:860)
	at sun.reflect.NativeMethodAccessorImpl.invoke0(Native Method)
	at sun.reflect.NativeMethodAccessorImpl.invoke(NativeMethodAccessorImpl.java:39)
	at sun.reflect.DelegatingMethodAccessorImpl.invoke(DelegatingMethodAccessorImpl.java:25)
	at java.lang.reflect.Method.invoke(Method.java:597)
	at org.apache.avalon.phoenix.components.application.BlockInvocationHandler.invoke(BlockInvocationHandler.java:134)
	at $Proxy9.getSMTPHostAddresses(Unknown Source)
	at org.apache.james.transport.mailets.RemoteDelivery.deliver(RemoteDelivery.java:452)
	at org.apache.james.transport.mailets.RemoteDelivery.run(RemoteDelivery.java:1139)
	at java.lang.Thread.run(Thread.java:619)
25/02/11 11:59:31 INFO  James.Mailet: RemoteDelivery: Exception caught in RemoteDelivery.run()
java.lang.ClassCastException: org.xbill.DNS.ARecord cannot be cast to org.xbill.DNS.CNAMERecord
	at org.apache.james.dnsserver.DNSServer.findMXRecords(DNSServer.java:252)
	at org.apache.james.dnsserver.DNSServer$1.<init>(DNSServer.java:427)
	at org.apache.james.dnsserver.DNSServer.getSMTPHostAddresses(DNSServer.java:426)
	at sun.reflect.NativeMethodAccessorImpl.invoke0(Native Method)
	at sun.reflect.NativeMethodAccessorImpl.invoke(NativeMethodAccessorImpl.java:39)
	at sun.reflect.DelegatingMethodAccessorImpl.invoke(DelegatingMethodAccessorImpl.java:25)
	at java.lang.reflect.Method.invoke(Method.java:597)
	at org.apache.avalon.phoenix.components.application.BlockInvocationHandler.invoke(BlockInvocationHandler.java:134)
	at $Proxy0.getSMTPHostAddresses(Unknown Source)
	at org.apache.james.James.getSMTPHostAddresses(James.java:860)
	at sun.reflect.NativeMethodAccessorImpl.invoke0(Native Method)
	at sun.reflect.NativeMethodAccessorImpl.invoke(NativeMethodAccessorImpl.java:39)
	at sun.reflect.DelegatingMethodAccessorImpl.invoke(DelegatingMethodAccessorImpl.java:25)
	at java.lang.reflect.Method.invoke(Method.java:597)
	at org.apache.avalon.phoenix.components.application.BlockInvocationHandler.invoke(BlockInvocationHandler.java:134)
	at $Proxy9.getSMTPHostAddresses(Unknown Source)
	at org.apache.james.transport.mailets.RemoteDelivery.deliver(RemoteDelivery.java:452)
	at org.apache.james.transport.mailets.RemoteDelivery.run(RemoteDelivery.java:1139)
	at java.lang.Thread.run(Thread.java:619)
25/02/11 11:59:31 INFO  James.Mailet: RemoteDelivery: Exception caught in RemoteDelivery.run()
java.lang.ClassCastException: org.xbill.DNS.ARecord cannot be cast to org.xbill.DNS.CNAMERecord
	at org.apache.james.dnsserver.DNSServer.findMXRecords(DNSServer.java:252)
	at org.apache.james.dnsserver.DNSServer$1.<init>(DNSServer.java:427)
	at org.apache.james.dnsserver.DNSServer.getSMTPHostAddresses(DNSServer.java:426)
	at sun.reflect.NativeMethodAccessorImpl.invoke0(Native Method)
	at sun.reflect.NativeMethodAccessorImpl.invoke(NativeMethodAccessorImpl.java:39)
	at sun.reflect.DelegatingMethodAccessorImpl.invoke(DelegatingMethodAccessorImpl.java:25)
	at java.lang.reflect.Method.invoke(Method.java:597)
	at org.apache.avalon.phoenix.components.application.BlockInvocationHandler.invoke(BlockInvocationHandler.java:134)
	at $Proxy0.getSMTPHostAddresses(Unknown Source)
	at org.apache.james.James.getSMTPHostAddresses(James.java:860)
	at sun.reflect.NativeMethodAccessorImpl.invoke0(Native Method)
	at sun.reflect.NativeMethodAccessorImpl.invoke(NativeMethodAccessorImpl.java:39)
	at sun.reflect.DelegatingMethodAccessorImpl.invoke(DelegatingMethodAccessorImpl.java:25)
	at java.lang.reflect.Method.invoke(Method.java:597)
	at org.apache.avalon.phoenix.components.application.BlockInvocationHandler.invoke(BlockInvocationHandler.java:134)
	at $Proxy9.getSMTPHostAddresses(Unknown Source)
	at org.apache.james.transport.mailets.RemoteDelivery.deliver(RemoteDelivery.java:452)
	at org.apache.james.transport.mailets.RemoteDelivery.run(RemoteDelivery.java:1139)
	at java.lang.Thread.run(Thread.java:619)
25/02/11 11:59:31 INFO  James.Mailet: RemoteDelivery: Exception caught in RemoteDelivery.run()
java.lang.ClassCastException: org.xbill.DNS.ARecord cannot be cast to org.xbill.DNS.CNAMERecord
	at org.apache.james.dnsserver.DNSServer.findMXRecords(DNSServer.java:252)
	at org.apache.james.dnsserver.DNSServer$1.<init>(DNSServer.java:427)
	at org.apache.james.dnsserver.DNSServer.getSMTPHostAddresses(DNSServer.java:426)
	at sun.reflect.NativeMethodAccessorImpl.invoke0(Native Method)
	at sun.reflect.NativeMethodAccessorImpl.invoke(NativeMethodAccessorImpl.java:39)
	at sun.reflect.DelegatingMethodAccessorImpl.invoke(DelegatingMethodAccessorImpl.java:25)
	at java.lang.reflect.Method.invoke(Method.java:597)
	at org.apache.avalon.phoenix.components.application.BlockInvocationHandler.invoke(BlockInvocationHandler.java:134)
	at $Proxy0.getSMTPHostAddresses(Unknown Source)
	at org.apache.james.James.getSMTPHostAddresses(James.java:860)
	at sun.reflect.NativeMethodAccessorImpl.invoke0(Native Method)
	at sun.reflect.NativeMethodAccessorImpl.invoke(NativeMethodAccessorImpl.java:39)
	at sun.reflect.DelegatingMethodAccessorImpl.invoke(DelegatingMethodAccessorImpl.java:25)
	at java.lang.reflect.Method.invoke(Method.java:597)
	at org.apache.avalon.phoenix.components.application.BlockInvocationHandler.invoke(BlockInvocationHandler.java:134)
	at $Proxy9.getSMTPHostAddresses(Unknown Source)
	at org.apache.james.transport.mailets.RemoteDelivery.deliver(RemoteDelivery.java:452)
	at org.apache.james.transport.mailets.RemoteDelivery.run(RemoteDelivery.java:1139)
	at java.lang.Thread.run(Thread.java:619)
25/02/11 11:59:31 INFO  James.Mailet: RemoteDelivery: Exception caught in RemoteDelivery.run()
java.lang.ClassCastException: org.xbill.DNS.ARecord cannot be cast to org.xbill.DNS.CNAMERecord
	at org.apache.james.dnsserver.DNSServer.findMXRecords(DNSServer.java:252)
	at org.apache.james.dnsserver.DNSServer$1.<init>(DNSServer.java:427)
	at org.apache.james.dnsserver.DNSServer.getSMTPHostAddresses(DNSServer.java:426)
	at sun.reflect.NativeMethodAccessorImpl.invoke0(Native Method)
	at sun.reflect.NativeMethodAccessorImpl.invoke(NativeMethodAccessorImpl.java:39)
	at sun.reflect.DelegatingMethodAccessorImpl.invoke(DelegatingMethodAccessorImpl.java:25)
	at java.lang.reflect.Method.invoke(Method.java:597)
	at org.apache.avalon.phoenix.components.application.BlockInvocationHandler.invoke(BlockInvocationHandler.java:134)
	at $Proxy0.getSMTPHostAddresses(Unknown Source)
	at org.apache.james.James.getSMTPHostAddresses(James.java:860)
	at sun.reflect.NativeMethodAccessorImpl.invoke0(Native Method)
	at sun.reflect.NativeMethodAccessorImpl.invoke(NativeMethodAccessorImpl.java:39)
	at sun.reflect.DelegatingMethodAccessorImpl.invoke(DelegatingMethodAccessorImpl.java:25)
	at java.lang.reflect.Method.invoke(Method.java:597)
	at org.apache.avalon.phoenix.components.application.BlockInvocationHandler.invoke(BlockInvocationHandler.java:134)
	at $Proxy9.getSMTPHostAddresses(Unknown Source)
	at org.apache.james.transport.mailets.RemoteDelivery.deliver(RemoteDelivery.java:452)
	at org.apache.james.transport.mailets.RemoteDelivery.run(RemoteDelivery.java:1139)
	at java.lang.Thread.run(Thread.java:619)
25/02/11 11:59:31 INFO  James.Mailet: RemoteDelivery: Exception caught in RemoteDelivery.run()
java.lang.ClassCastException: org.xbill.DNS.ARecord cannot be cast to org.xbill.DNS.CNAMERecord
	at org.apache.james.dnsserver.DNSServer.findMXRecords(DNSServer.java:252)
	at org.apache.james.dnsserver.DNSServer$1.<init>(DNSServer.java:427)
	at org.apache.james.dnsserver.DNSServer.getSMTPHostAddresses(DNSServer.java:426)
	at sun.reflect.NativeMethodAccessorImpl.invoke0(Native Method)
	at sun.reflect.NativeMethodAccessorImpl.invoke(NativeMethodAccessorImpl.java:39)
	at sun.reflect.DelegatingMethodAccessorImpl.invoke(DelegatingMethodAccessorImpl.java:25)
	at java.lang.reflect.Method.invoke(Method.java:597)
	at org.apache.avalon.phoenix.components.application.BlockInvocationHandler.invoke(BlockInvocationHandler.java:134)
	at $Proxy0.getSMTPHostAddresses(Unknown Source)
	at org.apache.james.James.getSMTPHostAddresses(James.java:860)
	at sun.reflect.NativeMethodAccessorImpl.invoke0(Native Method)
	at sun.reflect.NativeMethodAccessorImpl.invoke(NativeMethodAccessorImpl.java:39)
	at sun.reflect.DelegatingMethodAccessorImpl.invoke(DelegatingMethodAccessorImpl.java:25)
	at java.lang.reflect.Method.invoke(Method.java:597)
	at org.apache.avalon.phoenix.components.application.BlockInvocationHandler.invoke(BlockInvocationHandler.java:134)
	at $Proxy9.getSMTPHostAddresses(Unknown Source)
	at org.apache.james.transport.mailets.RemoteDelivery.deliver(RemoteDelivery.java:452)
	at org.apache.james.transport.mailets.RemoteDelivery.run(RemoteDelivery.java:1139)
	at java.lang.Thread.run(Thread.java:619)
25/02/11 11:59:31 INFO  James.Mailet: RemoteDelivery: Exception caught in RemoteDelivery.run()
java.lang.ClassCastException: org.xbill.DNS.ARecord cannot be cast to org.xbill.DNS.CNAMERecord
	at org.apache.james.dnsserver.DNSServer.findMXRecords(DNSServer.java:252)
	at org.apache.james.dnsserver.DNSServer$1.<init>(DNSServer.java:427)
	at org.apache.james.dnsserver.DNSServer.getSMTPHostAddresses(DNSServer.java:426)
	at sun.reflect.NativeMethodAccessorImpl.invoke0(Native Method)
	at sun.reflect.NativeMethodAccessorImpl.invoke(NativeMethodAccessorImpl.java:39)
	at sun.reflect.DelegatingMethodAccessorImpl.invoke(DelegatingMethodAccessorImpl.java:25)
	at java.lang.reflect.Method.invoke(Method.java:597)
	at org.apache.avalon.phoenix.components.application.BlockInvocationHandler.invoke(BlockInvocationHandler.java:134)
	at $Proxy0.getSMTPHostAddresses(Unknown Source)
	at org.apache.james.James.getSMTPHostAddresses(James.java:860)
	at sun.reflect.NativeMethodAccessorImpl.invoke0(Native Method)
	at sun.reflect.NativeMethodAccessorImpl.invoke(NativeMethodAccessorImpl.java:39)
	at sun.reflect.DelegatingMethodAccessorImpl.invoke(DelegatingMethodAccessorImpl.java:25)
	at java.lang.reflect.Method.invoke(Method.java:597)
	at org.apache.avalon.phoenix.components.application.BlockInvocationHandler.invoke(BlockInvocationHandler.java:134)
	at $Proxy9.getSMTPHostAddresses(Unknown Source)
	at org.apache.james.transport.mailets.RemoteDelivery.deliver(RemoteDelivery.java:452)
	at org.apache.james.transport.mailets.RemoteDelivery.run(RemoteDelivery.java:1139)
	at java.lang.Thread.run(Thread.java:619)
25/02/11 11:59:31 INFO  James.Mailet: RemoteDelivery: Exception caught in RemoteDelivery.run()
java.lang.ClassCastException: org.xbill.DNS.ARecord cannot be cast to org.xbill.DNS.CNAMERecord
	at org.apache.james.dnsserver.DNSServer.findMXRecords(DNSServer.java:252)
	at org.apache.james.dnsserver.DNSServer$1.<init>(DNSServer.java:427)
	at org.apache.james.dnsserver.DNSServer.getSMTPHostAddresses(DNSServer.java:426)
	at sun.reflect.GeneratedMethodAccessor8.invoke(Unknown Source)
	at sun.reflect.DelegatingMethodAccessorImpl.invoke(DelegatingMethodAccessorImpl.java:25)
	at java.lang.reflect.Method.invoke(Method.java:597)
	at org.apache.avalon.phoenix.components.application.BlockInvocationHandler.invoke(BlockInvocationHandler.java:134)
	at $Proxy0.getSMTPHostAddresses(Unknown Source)
	at org.apache.james.James.getSMTPHostAddresses(James.java:860)
	at sun.reflect.GeneratedMethodAccessor7.invoke(Unknown Source)
	at sun.reflect.DelegatingMethodAccessorImpl.invoke(DelegatingMethodAccessorImpl.java:25)
	at java.lang.reflect.Method.invoke(Method.java:597)
	at org.apache.avalon.phoenix.components.application.BlockInvocationHandler.invoke(BlockInvocationHandler.java:134)
	at $Proxy9.getSMTPHostAddresses(Unknown Source)
	at org.apache.james.transport.mailets.RemoteDelivery.deliver(RemoteDelivery.java:452)
	at org.apache.james.transport.mailets.RemoteDelivery.run(RemoteDelivery.java:1139)
	at java.lang.Thread.run(Thread.java:619)
25/02/11 11:59:31 INFO  James.Mailet: RemoteDelivery: Exception caught in RemoteDelivery.run()
java.lang.ClassCastException: org.xbill.DNS.ARecord cannot be cast to org.xbill.DNS.CNAMERecord
	at org.apache.james.dnsserver.DNSServer.findMXRecords(DNSServer.java:252)
	at org.apache.james.dnsserver.DNSServer$1.<init>(DNSServer.java:427)
	at org.apache.james.dnsserver.DNSServer.getSMTPHostAddresses(DNSServer.java:426)
	at sun.reflect.GeneratedMethodAccessor8.invoke(Unknown Source)
	at sun.reflect.DelegatingMethodAccessorImpl.invoke(DelegatingMethodAccessorImpl.java:25)
	at java.lang.reflect.Method.invoke(Method.java:597)
	at org.apache.avalon.phoenix.components.application.BlockInvocationHandler.invoke(BlockInvocationHandler.java:134)
	at $Proxy0.getSMTPHostAddresses(Unknown Source)
	at org.apache.james.James.getSMTPHostAddresses(James.java:860)
	at sun.reflect.GeneratedMethodAccessor7.invoke(Unknown Source)
	at sun.reflect.DelegatingMethodAccessorImpl.invoke(DelegatingMethodAccessorImpl.java:25)
	at java.lang.reflect.Method.invoke(Method.java:597)
	at org.apache.avalon.phoenix.components.application.BlockInvocationHandler.invoke(BlockInvocationHandler.java:134)
	at $Proxy9.getSMTPHostAddresses(Unknown Source)
	at org.apache.james.transport.mailets.RemoteDelivery.deliver(RemoteDelivery.java:452)
	at org.apache.james.transport.mailets.RemoteDelivery.run(RemoteDelivery.java:1139)
	at java.lang.Thread.run(Thread.java:619)
25/02/11 11:59:31 INFO  James.Mailet: RemoteDelivery: Exception caught in RemoteDelivery.run()
java.lang.ClassCastException: org.xbill.DNS.ARecord cannot be cast to org.xbill.DNS.CNAMERecord
	at org.apache.james.dnsserver.DNSServer.findMXRecords(DNSServer.java:252)
	at org.apache.james.dnsserver.DNSServer$1.<init>(DNSServer.java:427)
	at org.apache.james.dnsserver.DNSServer.getSMTPHostAddresses(DNSServer.java:426)
	at sun.reflect.GeneratedMethodAccessor8.invoke(Unknown Source)
	at sun.reflect.DelegatingMethodAccessorImpl.invoke(DelegatingMethodAccessorImpl.java:25)
	at java.lang.reflect.Method.invoke(Method.java:597)
	at org.apache.avalon.phoenix.components.application.BlockInvocationHandler.invoke(BlockInvocationHandler.java:134)
	at $Proxy0.getSMTPHostAddresses(Unknown Source)
	at org.apache.james.James.getSMTPHostAddresses(James.java:860)
	at sun.reflect.GeneratedMethodAccessor7.invoke(Unknown Source)
	at sun.reflect.DelegatingMethodAccessorImpl.invoke(DelegatingMethodAccessorImpl.java:25)
	at java.lang.reflect.Method.invoke(Method.java:597)
	at org.apache.avalon.phoenix.components.application.BlockInvocationHandler.invoke(BlockInvocationHandler.java:134)
	at $Proxy9.getSMTPHostAddresses(Unknown Source)
	at org.apache.james.transport.mailets.RemoteDelivery.deliver(RemoteDelivery.java:452)
	at org.apache.james.transport.mailets.RemoteDelivery.run(RemoteDelivery.java:1139)
	at java.lang.Thread.run(Thread.java:619)
25/02/11 11:59:32 INFO  James.Mailet: RemoteDelivery: Exception caught in RemoteDelivery.run()
java.lang.ClassCastException: org.xbill.DNS.ARecord cannot be cast to org.xbill.DNS.CNAMERecord
	at org.apache.james.dnsserver.DNSServer.findMXRecords(DNSServer.java:252)
	at org.apache.james.dnsserver.DNSServer$1.<init>(DNSServer.java:427)
	at org.apache.james.dnsserver.DNSServer.getSMTPHostAddresses(DNSServer.java:426)
	at sun.reflect.GeneratedMethodAccessor8.invoke(Unknown Source)
	at sun.reflect.DelegatingMethodAccessorImpl.invoke(DelegatingMethodAccessorImpl.java:25)
	at java.lang.reflect.Method.invoke(Method.java:597)
	at org.apache.avalon.phoenix.components.application.BlockInvocationHandler.invoke(BlockInvocationHandler.java:134)
	at $Proxy0.getSMTPHostAddresses(Unknown Source)
	at org.apache.james.James.getSMTPHostAddresses(James.java:860)
	at sun.reflect.GeneratedMethodAccessor7.invoke(Unknown Source)
	at sun.reflect.DelegatingMethodAccessorImpl.invoke(DelegatingMethodAccessorImpl.java:25)
	at java.lang.reflect.Method.invoke(Method.java:597)
	at org.apache.avalon.phoenix.components.application.BlockInvocationHandler.invoke(BlockInvocationHandler.java:134)
	at $Proxy9.getSMTPHostAddresses(Unknown Source)
	at org.apache.james.transport.mailets.RemoteDelivery.deliver(RemoteDelivery.java:452)
	at org.apache.james.transport.mailets.RemoteDelivery.run(RemoteDelivery.java:1139)
	at java.lang.Thread.run(Thread.java:619)
25/02/11 11:59:32 INFO  James.Mailet: RemoteDelivery: Exception caught in RemoteDelivery.run()
java.lang.ClassCastException: org.xbill.DNS.ARecord cannot be cast to org.xbill.DNS.CNAMERecord
	at org.apache.james.dnsserver.DNSServer.findMXRecords(DNSServer.java:252)
	at org.apache.james.dnsserver.DNSServer$1.<init>(DNSServer.java:427)
	at org.apache.james.dnsserver.DNSServer.getSMTPHostAddresses(DNSServer.java:426)
	at sun.reflect.GeneratedMethodAccessor8.invoke(Unknown Source)
	at sun.reflect.DelegatingMethodAccessorImpl.invoke(DelegatingMethodAccessorImpl.java:25)
	at java.lang.reflect.Method.invoke(Method.java:597)
	at org.apache.avalon.phoenix.components.application.BlockInvocationHandler.invoke(BlockInvocationHandler.java:134)
	at $Proxy0.getSMTPHostAddresses(Unknown Source)
	at org.apache.james.James.getSMTPHostAddresses(James.java:860)
	at sun.reflect.GeneratedMethodAccessor7.invoke(Unknown Source)
	at sun.reflect.DelegatingMethodAccessorImpl.invoke(DelegatingMethodAccessorImpl.java:25)
	at java.lang.reflect.Method.invoke(Method.java:597)
	at org.apache.avalon.phoenix.components.application.BlockInvocationHandler.invoke(BlockInvocationHandler.java:134)
	at $Proxy9.getSMTPHostAddresses(Unknown Source)
	at org.apache.james.transport.mailets.RemoteDelivery.deliver(RemoteDelivery.java:452)
	at org.apache.james.transport.mailets.RemoteDelivery.run(RemoteDelivery.java:1139)
	at java.lang.Thread.run(Thread.java:619)
25/02/11 11:59:32 INFO  James.Mailet: RemoteDelivery: Exception caught in RemoteDelivery.run()
java.lang.ClassCastException: org.xbill.DNS.ARecord cannot be cast to org.xbill.DNS.CNAMERecord
	at org.apache.james.dnsserver.DNSServer.findMXRecords(DNSServer.java:252)
	at org.apache.james.dnsserver.DNSServer$1.<init>(DNSServer.java:427)
	at org.apache.james.dnsserver.DNSServer.getSMTPHostAddresses(DNSServer.java:426)
	at sun.reflect.GeneratedMethodAccessor8.invoke(Unknown Source)
	at sun.reflect.DelegatingMethodAccessorImpl.invoke(DelegatingMethodAccessorImpl.java:25)
	at java.lang.reflect.Method.invoke(Method.java:597)
	at org.apache.avalon.phoenix.components.application.BlockInvocationHandler.invoke(BlockInvocationHandler.java:134)
	at $Proxy0.getSMTPHostAddresses(Unknown Source)
	at org.apache.james.James.getSMTPHostAddresses(James.java:860)
	at sun.reflect.GeneratedMethodAccessor7.invoke(Unknown Source)
	at sun.reflect.DelegatingMethodAccessorImpl.invoke(DelegatingMethodAccessorImpl.java:25)
	at java.lang.reflect.Method.invoke(Method.java:597)
	at org.apache.avalon.phoenix.components.application.BlockInvocationHandler.invoke(BlockInvocationHandler.java:134)
	at $Proxy9.getSMTPHostAddresses(Unknown Source)
	at org.apache.james.transport.mailets.RemoteDelivery.deliver(RemoteDelivery.java:452)
	at org.apache.james.transport.mailets.RemoteDelivery.run(RemoteDelivery.java:1139)
	at java.lang.Thread.run(Thread.java:619)
25/02/11 11:59:32 INFO  James.Mailet: RemoteDelivery: Exception caught in RemoteDelivery.run()
java.lang.ClassCastException: org.xbill.DNS.ARecord cannot be cast to org.xbill.DNS.CNAMERecord
	at org.apache.james.dnsserver.DNSServer.findMXRecords(DNSServer.java:252)
	at org.apache.james.dnsserver.DNSServer$1.<init>(DNSServer.java:427)
	at org.apache.james.dnsserver.DNSServer.getSMTPHostAddresses(DNSServer.java:426)
	at sun.reflect.GeneratedMethodAccessor8.invoke(Unknown Source)
	at sun.reflect.DelegatingMethodAccessorImpl.invoke(DelegatingMethodAccessorImpl.java:25)
	at java.lang.reflect.Method.invoke(Method.java:597)
	at org.apache.avalon.phoenix.components.application.BlockInvocationHandler.invoke(BlockInvocationHandler.java:134)
	at $Proxy0.getSMTPHostAddresses(Unknown Source)
	at org.apache.james.James.getSMTPHostAddresses(James.java:860)
	at sun.reflect.GeneratedMethodAccessor7.invoke(Unknown Source)
	at sun.reflect.DelegatingMethodAccessorImpl.invoke(DelegatingMethodAccessorImpl.java:25)
	at java.lang.reflect.Method.invoke(Method.java:597)
	at org.apache.avalon.phoenix.components.application.BlockInvocationHandler.invoke(BlockInvocationHandler.java:134)
	at $Proxy9.getSMTPHostAddresses(Unknown Source)
	at org.apache.james.transport.mailets.RemoteDelivery.deliver(RemoteDelivery.java:452)
	at org.apache.james.transport.mailets.RemoteDelivery.run(RemoteDelivery.java:1139)
	at java.lang.Thread.run(Thread.java:619)
25/02/11 11:59:32 INFO  James.Mailet: RemoteDelivery: Exception caught in RemoteDelivery.run()
java.lang.ClassCastException: org.xbill.DNS.ARecord cannot be cast to org.xbill.DNS.CNAMERecord
	at org.apache.james.dnsserver.DNSServer.findMXRecords(DNSServer.java:252)
	at org.apache.james.dnsserver.DNSServer$1.<init>(DNSServer.java:427)
	at org.apache.james.dnsserver.DNSServer.getSMTPHostAddresses(DNSServer.java:426)
	at sun.reflect.GeneratedMethodAccessor8.invoke(Unknown Source)
	at sun.reflect.DelegatingMethodAccessorImpl.invoke(DelegatingMethodAccessorImpl.java:25)
	at java.lang.reflect.Method.invoke(Method.java:597)
	at org.apache.avalon.phoenix.components.application.BlockInvocationHandler.invoke(BlockInvocationHandler.java:134)
	at $Proxy0.getSMTPHostAddresses(Unknown Source)
	at org.apache.james.James.getSMTPHostAddresses(James.java:860)
	at sun.reflect.GeneratedMethodAccessor7.invoke(Unknown Source)
	at sun.reflect.DelegatingMethodAccessorImpl.invoke(DelegatingMethodAccessorImpl.java:25)
	at java.lang.reflect.Method.invoke(Method.java:597)
	at org.apache.avalon.phoenix.components.application.BlockInvocationHandler.invoke(BlockInvocationHandler.java:134)
	at $Proxy9.getSMTPHostAddresses(Unknown Source)
	at org.apache.james.transport.mailets.RemoteDelivery.deliver(RemoteDelivery.java:452)
	at org.apache.james.transport.mailets.RemoteDelivery.run(RemoteDelivery.java:1139)
	at java.lang.Thread.run(Thread.java:619)
25/02/11 11:59:32 INFO  James.Mailet: RemoteDelivery: Exception caught in RemoteDelivery.run()
java.lang.ClassCastException: org.xbill.DNS.ARecord cannot be cast to org.xbill.DNS.CNAMERecord
	at org.apache.james.dnsserver.DNSServer.findMXRecords(DNSServer.java:252)
	at org.apache.james.dnsserver.DNSServer$1.<init>(DNSServer.java:427)
	at org.apache.james.dnsserver.DNSServer.getSMTPHostAddresses(DNSServer.java:426)
	at sun.reflect.GeneratedMethodAccessor8.invoke(Unknown Source)
	at sun.reflect.DelegatingMethodAccessorImpl.invoke(DelegatingMethodAccessorImpl.java:25)
	at java.lang.reflect.Method.invoke(Method.java:597)
	at org.apache.avalon.phoenix.components.application.BlockInvocationHandler.invoke(BlockInvocationHandler.java:134)
	at $Proxy0.getSMTPHostAddresses(Unknown Source)
	at org.apache.james.James.getSMTPHostAddresses(James.java:860)
	at sun.reflect.GeneratedMethodAccessor7.invoke(Unknown Source)
	at sun.reflect.DelegatingMethodAccessorImpl.invoke(DelegatingMethodAccessorImpl.java:25)
	at java.lang.reflect.Method.invoke(Method.java:597)
	at org.apache.avalon.phoenix.components.application.BlockInvocationHandler.invoke(BlockInvocationHandler.java:134)
	at $Proxy9.getSMTPHostAddresses(Unknown Source)
	at org.apache.james.transport.mailets.RemoteDelivery.deliver(RemoteDelivery.java:452)
	at org.apache.james.transport.mailets.RemoteDelivery.run(RemoteDelivery.java:1139)
	at java.lang.Thread.run(Thread.java:619)
25/02/11 11:59:32 INFO  James.Mailet: RemoteDelivery: Exception caught in RemoteDelivery.run()
java.lang.ClassCastException: org.xbill.DNS.ARecord cannot be cast to org.xbill.DNS.CNAMERecord
	at org.apache.james.dnsserver.DNSServer.findMXRecords(DNSServer.java:252)
	at org.apache.james.dnsserver.DNSServer$1.<init>(DNSServer.java:427)
	at org.apache.james.dnsserver.DNSServer.getSMTPHostAddresses(DNSServer.java:426)
	at sun.reflect.GeneratedMethodAccessor8.invoke(Unknown Source)
	at sun.reflect.DelegatingMethodAccessorImpl.invoke(DelegatingMethodAccessorImpl.java:25)
	at java.lang.reflect.Method.invoke(Method.java:597)
	at org.apache.avalon.phoenix.components.application.BlockInvocationHandler.invoke(BlockInvocationHandler.java:134)
	at $Proxy0.getSMTPHostAddresses(Unknown Source)
	at org.apache.james.James.getSMTPHostAddresses(James.java:860)
	at sun.reflect.GeneratedMethodAccessor7.invoke(Unknown Source)
	at sun.reflect.DelegatingMethodAccessorImpl.invoke(DelegatingMethodAccessorImpl.java:25)
	at java.lang.reflect.Method.invoke(Method.java:597)
	at org.apache.avalon.phoenix.components.application.BlockInvocationHandler.invoke(BlockInvocationHandler.java:134)
	at $Proxy9.getSMTPHostAddresses(Unknown Source)
	at org.apache.james.transport.mailets.RemoteDelivery.deliver(RemoteDelivery.java:452)
	at org.apache.james.transport.mailets.RemoteDelivery.run(RemoteDelivery.java:1139)
	at java.lang.Thread.run(Thread.java:619)
25/02/11 11:59:32 INFO  James.Mailet: RemoteDelivery: Exception caught in RemoteDelivery.run()
java.lang.ClassCastException: org.xbill.DNS.ARecord cannot be cast to org.xbill.DNS.CNAMERecord
	at org.apache.james.dnsserver.DNSServer.findMXRecords(DNSServer.java:252)
	at org.apache.james.dnsserver.DNSServer$1.<init>(DNSServer.java:427)
	at org.apache.james.dnsserver.DNSServer.getSMTPHostAddresses(DNSServer.java:426)
	at sun.reflect.GeneratedMethodAccessor8.invoke(Unknown Source)
	at sun.reflect.DelegatingMethodAccessorImpl.invoke(DelegatingMethodAccessorImpl.java:25)
	at java.lang.reflect.Method.invoke(Method.java:597)
	at org.apache.avalon.phoenix.components.application.BlockInvocationHandler.invoke(BlockInvocationHandler.java:134)
	at $Proxy0.getSMTPHostAddresses(Unknown Source)
	at org.apache.james.James.getSMTPHostAddresses(James.java:860)
	at sun.reflect.GeneratedMethodAccessor7.invoke(Unknown Source)
	at sun.reflect.DelegatingMethodAccessorImpl.invoke(DelegatingMethodAccessorImpl.java:25)
	at java.lang.reflect.Method.invoke(Method.java:597)
	at org.apache.avalon.phoenix.components.application.BlockInvocationHandler.invoke(BlockInvocationHandler.java:134)
	at $Proxy9.getSMTPHostAddresses(Unknown Source)
	at org.apache.james.transport.mailets.RemoteDelivery.deliver(RemoteDelivery.java:452)
	at org.apache.james.transport.mailets.RemoteDelivery.run(RemoteDelivery.java:1139)
	at java.lang.Thread.run(Thread.java:619)
25/02/11 11:59:32 INFO  James.Mailet: RemoteDelivery: Exception caught in RemoteDelivery.run()
java.lang.ClassCastException: org.xbill.DNS.ARecord cannot be cast to org.xbill.DNS.CNAMERecord
	at org.apache.james.dnsserver.DNSServer.findMXRecords(DNSServer.java:252)
	at org.apache.james.dnsserver.DNSServer$1.<init>(DNSServer.java:427)
	at org.apache.james.dnsserver.DNSServer.getSMTPHostAddresses(DNSServer.java:426)
	at sun.reflect.GeneratedMethodAccessor8.invoke(Unknown Source)
	at sun.reflect.DelegatingMethodAccessorImpl.invoke(DelegatingMethodAccessorImpl.java:25)
	at java.lang.reflect.Method.invoke(Method.java:597)
	at org.apache.avalon.phoenix.components.application.BlockInvocationHandler.invoke(BlockInvocationHandler.java:134)
	at $Proxy0.getSMTPHostAddresses(Unknown Source)
	at org.apache.james.James.getSMTPHostAddresses(James.java:860)
	at sun.reflect.GeneratedMethodAccessor7.invoke(Unknown Source)
	at sun.reflect.DelegatingMethodAccessorImpl.invoke(DelegatingMethodAccessorImpl.java:25)
	at java.lang.reflect.Method.invoke(Method.java:597)
	at org.apache.avalon.phoenix.components.application.BlockInvocationHandler.invoke(BlockInvocationHandler.java:134)
	at $Proxy9.getSMTPHostAddresses(Unknown Source)
	at org.apache.james.transport.mailets.RemoteDelivery.deliver(RemoteDelivery.java:452)
	at org.apache.james.transport.mailets.RemoteDelivery.run(RemoteDelivery.java:1139)
	at java.lang.Thread.run(Thread.java:619)
25/02/11 11:59:32 INFO  James.Mailet: RemoteDelivery: Exception caught in RemoteDelivery.run()
java.lang.ClassCastException: org.xbill.DNS.ARecord cannot be cast to org.xbill.DNS.CNAMERecord
	at org.apache.james.dnsserver.DNSServer.findMXRecords(DNSServer.java:252)
	at org.apache.james.dnsserver.DNSServer$1.<init>(DNSServer.java:427)
	at org.apache.james.dnsserver.DNSServer.getSMTPHostAddresses(DNSServer.java:426)
	at sun.reflect.GeneratedMethodAccessor8.invoke(Unknown Source)
	at sun.reflect.DelegatingMethodAccessorImpl.invoke(DelegatingMethodAccessorImpl.java:25)
	at java.lang.reflect.Method.invoke(Method.java:597)
	at org.apache.avalon.phoenix.components.application.BlockInvocationHandler.invoke(BlockInvocationHandler.java:134)
	at $Proxy0.getSMTPHostAddresses(Unknown Source)
	at org.apache.james.James.getSMTPHostAddresses(James.java:860)
	at sun.reflect.GeneratedMethodAccessor7.invoke(Unknown Source)
	at sun.reflect.DelegatingMethodAccessorImpl.invoke(DelegatingMethodAccessorImpl.java:25)
	at java.lang.reflect.Method.invoke(Method.java:597)
	at org.apache.avalon.phoenix.components.application.BlockInvocationHandler.invoke(BlockInvocationHandler.java:134)
	at $Proxy9.getSMTPHostAddresses(Unknown Source)
	at org.apache.james.transport.mailets.RemoteDelivery.deliver(RemoteDelivery.java:452)
	at org.apache.james.transport.mailets.RemoteDelivery.run(RemoteDelivery.java:1139)
	at java.lang.Thread.run(Thread.java:619)
25/02/11 11:59:32 INFO  James.Mailet: RemoteDelivery: Exception caught in RemoteDelivery.run()
java.lang.ClassCastException: org.xbill.DNS.ARecord cannot be cast to org.xbill.DNS.CNAMERecord
	at org.apache.james.dnsserver.DNSServer.findMXRecords(DNSServer.java:252)
	at org.apache.james.dnsserver.DNSServer$1.<init>(DNSServer.java:427)
	at org.apache.james.dnsserver.DNSServer.getSMTPHostAddresses(DNSServer.java:426)
	at sun.reflect.GeneratedMethodAccessor8.invoke(Unknown Source)
	at sun.reflect.DelegatingMethodAccessorImpl.invoke(DelegatingMethodAccessorImpl.java:25)
	at java.lang.reflect.Method.invoke(Method.java:597)
	at org.apache.avalon.phoenix.components.application.BlockInvocationHandler.invoke(BlockInvocationHandler.java:134)
	at $Proxy0.getSMTPHostAddresses(Unknown Source)
	at org.apache.james.James.getSMTPHostAddresses(James.java:860)
	at sun.reflect.GeneratedMethodAccessor7.invoke(Unknown Source)
	at sun.reflect.DelegatingMethodAccessorImpl.invoke(DelegatingMethodAccessorImpl.java:25)
	at java.lang.reflect.Method.invoke(Method.java:597)
	at org.apache.avalon.phoenix.components.application.BlockInvocationHandler.invoke(BlockInvocationHandler.java:134)
	at $Proxy9.getSMTPHostAddresses(Unknown Source)
	at org.apache.james.transport.mailets.RemoteDelivery.deliver(RemoteDelivery.java:452)
	at org.apache.james.transport.mailets.RemoteDelivery.run(RemoteDelivery.java:1139)
	at java.lang.Thread.run(Thread.java:619)
25/02/11 11:59:32 INFO  James.Mailet: RemoteDelivery: Exception caught in RemoteDelivery.run()
java.lang.ClassCastException: org.xbill.DNS.ARecord cannot be cast to org.xbill.DNS.CNAMERecord
	at org.apache.james.dnsserver.DNSServer.findMXRecords(DNSServer.java:252)
	at org.apache.james.dnsserver.DNSServer$1.<init>(DNSServer.java:427)
	at org.apache.james.dnsserver.DNSServer.getSMTPHostAddresses(DNSServer.java:426)
	at sun.reflect.GeneratedMethodAccessor8.invoke(Unknown Source)
	at sun.reflect.DelegatingMethodAccessorImpl.invoke(DelegatingMethodAccessorImpl.java:25)
	at java.lang.reflect.Method.invoke(Method.java:597)
	at org.apache.avalon.phoenix.components.application.BlockInvocationHandler.invoke(BlockInvocationHandler.java:134)
	at $Proxy0.getSMTPHostAddresses(Unknown Source)
	at org.apache.james.James.getSMTPHostAddresses(James.java:860)
	at sun.reflect.GeneratedMethodAccessor7.invoke(Unknown Source)
	at sun.reflect.DelegatingMethodAccessorImpl.invoke(DelegatingMethodAccessorImpl.java:25)
	at java.lang.reflect.Method.invoke(Method.java:597)
	at org.apache.avalon.phoenix.components.application.BlockInvocationHandler.invoke(BlockInvocationHandler.java:134)
	at $Proxy9.getSMTPHostAddresses(Unknown Source)
	at org.apache.james.transport.mailets.RemoteDelivery.deliver(RemoteDelivery.java:452)
	at org.apache.james.transport.mailets.RemoteDelivery.run(RemoteDelivery.java:1139)
	at java.lang.Thread.run(Thread.java:619)
25/02/11 11:59:32 INFO  James.Mailet: RemoteDelivery: Exception caught in RemoteDelivery.run()
java.lang.ClassCastException: org.xbill.DNS.ARecord cannot be cast to org.xbill.DNS.CNAMERecord
	at org.apache.james.dnsserver.DNSServer.findMXRecords(DNSServer.java:252)
	at org.apache.james.dnsserver.DNSServer$1.<init>(DNSServer.java:427)
	at org.apache.james.dnsserver.DNSServer.getSMTPHostAddresses(DNSServer.java:426)
	at sun.reflect.GeneratedMethodAccessor8.invoke(Unknown Source)
	at sun.reflect.DelegatingMethodAccessorImpl.invoke(DelegatingMethodAccessorImpl.java:25)
	at java.lang.reflect.Method.invoke(Method.java:597)
	at org.apache.avalon.phoenix.components.application.BlockInvocationHandler.invoke(BlockInvocationHandler.java:134)
	at $Proxy0.getSMTPHostAddresses(Unknown Source)
	at org.apache.james.James.getSMTPHostAddresses(James.java:860)
	at sun.reflect.GeneratedMethodAccessor7.invoke(Unknown Source)
	at sun.reflect.DelegatingMethodAccessorImpl.invoke(DelegatingMethodAccessorImpl.java:25)
	at java.lang.reflect.Method.invoke(Method.java:597)
	at org.apache.avalon.phoenix.components.application.BlockInvocationHandler.invoke(BlockInvocationHandler.java:134)
	at $Proxy9.getSMTPHostAddresses(Unknown Source)
	at org.apache.james.transport.mailets.RemoteDelivery.deliver(RemoteDelivery.java:452)
	at org.apache.james.transport.mailets.RemoteDelivery.run(RemoteDelivery.java:1139)
	at java.lang.Thread.run(Thread.java:619)
25/02/11 11:59:32 INFO  James.Mailet: RemoteDelivery: Exception caught in RemoteDelivery.run()
java.lang.ClassCastException: org.xbill.DNS.ARecord cannot be cast to org.xbill.DNS.CNAMERecord
	at org.apache.james.dnsserver.DNSServer.findMXRecords(DNSServer.java:252)
	at org.apache.james.dnsserver.DNSServer$1.<init>(DNSServer.java:427)
	at org.apache.james.dnsserver.DNSServer.getSMTPHostAddresses(DNSServer.java:426)
	at sun.reflect.GeneratedMethodAccessor8.invoke(Unknown Source)
	at sun.reflect.DelegatingMethodAccessorImpl.invoke(DelegatingMethodAccessorImpl.java:25)
	at java.lang.reflect.Method.invoke(Method.java:597)
	at org.apache.avalon.phoenix.components.application.BlockInvocationHandler.invoke(BlockInvocationHandler.java:134)
	at $Proxy0.getSMTPHostAddresses(Unknown Source)
	at org.apache.james.James.getSMTPHostAddresses(James.java:860)
	at sun.reflect.GeneratedMethodAccessor7.invoke(Unknown Source)
	at sun.reflect.DelegatingMethodAccessorImpl.invoke(DelegatingMethodAccessorImpl.java:25)
	at java.lang.reflect.Method.invoke(Method.java:597)
	at org.apache.avalon.phoenix.components.application.BlockInvocationHandler.invoke(BlockInvocationHandler.java:134)
	at $Proxy9.getSMTPHostAddresses(Unknown Source)
	at org.apache.james.transport.mailets.RemoteDelivery.deliver(RemoteDelivery.java:452)
	at org.apache.james.transport.mailets.RemoteDelivery.run(RemoteDelivery.java:1139)
	at java.lang.Thread.run(Thread.java:619)
25/02/11 11:59:32 INFO  James.Mailet: RemoteDelivery: Exception caught in RemoteDelivery.run()
java.lang.ClassCastException: org.xbill.DNS.ARecord cannot be cast to org.xbill.DNS.CNAMERecord
	at org.apache.james.dnsserver.DNSServer.findMXRecords(DNSServer.java:252)
	at org.apache.james.dnsserver.DNSServer$1.<init>(DNSServer.java:427)
	at org.apache.james.dnsserver.DNSServer.getSMTPHostAddresses(DNSServer.java:426)
	at sun.reflect.GeneratedMethodAccessor8.invoke(Unknown Source)
	at sun.reflect.DelegatingMethodAccessorImpl.invoke(DelegatingMethodAccessorImpl.java:25)
	at java.lang.reflect.Method.invoke(Method.java:597)
	at org.apache.avalon.phoenix.components.application.BlockInvocationHandler.invoke(BlockInvocationHandler.java:134)
	at $Proxy0.getSMTPHostAddresses(Unknown Source)
	at org.apache.james.James.getSMTPHostAddresses(James.java:860)
	at sun.reflect.GeneratedMethodAccessor7.invoke(Unknown Source)
	at sun.reflect.DelegatingMethodAccessorImpl.invoke(DelegatingMethodAccessorImpl.java:25)
	at java.lang.reflect.Method.invoke(Method.java:597)
	at org.apache.avalon.phoenix.components.application.BlockInvocationHandler.invoke(BlockInvocationHandler.java:134)
	at $Proxy9.getSMTPHostAddresses(Unknown Source)
	at org.apache.james.transport.mailets.RemoteDelivery.deliver(RemoteDelivery.java:452)
	at org.apache.james.transport.mailets.RemoteDelivery.run(RemoteDelivery.java:1139)
	at java.lang.Thread.run(Thread.java:619)
25/02/11 11:59:32 INFO  James.Mailet: RemoteDelivery: Exception caught in RemoteDelivery.run()
java.lang.ClassCastException: org.xbill.DNS.ARecord cannot be cast to org.xbill.DNS.CNAMERecord
	at org.apache.james.dnsserver.DNSServer.findMXRecords(DNSServer.java:252)
	at org.apache.james.dnsserver.DNSServer$1.<init>(DNSServer.java:427)
	at org.apache.james.dnsserver.DNSServer.getSMTPHostAddresses(DNSServer.java:426)
	at sun.reflect.GeneratedMethodAccessor8.invoke(Unknown Source)
	at sun.reflect.DelegatingMethodAccessorImpl.invoke(DelegatingMethodAccessorImpl.java:25)
	at java.lang.reflect.Method.invoke(Method.java:597)
	at org.apache.avalon.phoenix.components.application.BlockInvocationHandler.invoke(BlockInvocationHandler.java:134)
	at $Proxy0.getSMTPHostAddresses(Unknown Source)
	at org.apache.james.James.getSMTPHostAddresses(James.java:860)
	at sun.reflect.GeneratedMethodAccessor7.invoke(Unknown Source)
	at sun.reflect.DelegatingMethodAccessorImpl.invoke(DelegatingMethodAccessorImpl.java:25)
	at java.lang.reflect.Method.invoke(Method.java:597)
	at org.apache.avalon.phoenix.components.application.BlockInvocationHandler.invoke(BlockInvocationHandler.java:134)
	at $Proxy9.getSMTPHostAddresses(Unknown Source)
	at org.apache.james.transport.mailets.RemoteDelivery.deliver(RemoteDelivery.java:452)
	at org.apache.james.transport.mailets.RemoteDelivery.run(RemoteDelivery.java:1139)
	at java.lang.Thread.run(Thread.java:619)
25/02/11 12:07:51 INFO  James.Mailet: RemoteDelivery: Exception caught in RemoteDelivery.run()
java.lang.ClassCastException: org.xbill.DNS.ARecord cannot be cast to org.xbill.DNS.CNAMERecord
	at org.apache.james.dnsserver.DNSServer.findMXRecords(DNSServer.java:252)
	at org.apache.james.dnsserver.DNSServer$1.<init>(DNSServer.java:427)
	at org.apache.james.dnsserver.DNSServer.getSMTPHostAddresses(DNSServer.java:426)
	at sun.reflect.GeneratedMethodAccessor8.invoke(Unknown Source)
	at sun.reflect.DelegatingMethodAccessorImpl.invoke(DelegatingMethodAccessorImpl.java:25)
	at java.lang.reflect.Method.invoke(Method.java:597)
	at org.apache.avalon.phoenix.components.application.BlockInvocationHandler.invoke(BlockInvocationHandler.java:134)
	at $Proxy0.getSMTPHostAddresses(Unknown Source)
	at org.apache.james.James.getSMTPHostAddresses(James.java:860)
	at sun.reflect.GeneratedMethodAccessor7.invoke(Unknown Source)
	at sun.reflect.DelegatingMethodAccessorImpl.invoke(DelegatingMethodAccessorImpl.java:25)
	at java.lang.reflect.Method.invoke(Method.java:597)
	at org.apache.avalon.phoenix.components.application.BlockInvocationHandler.invoke(BlockInvocationHandler.java:134)
	at $Proxy9.getSMTPHostAddresses(Unknown Source)
	at org.apache.james.transport.mailets.RemoteDelivery.deliver(RemoteDelivery.java:452)
	at org.apache.james.transport.mailets.RemoteDelivery.run(RemoteDelivery.java:1139)
	at java.lang.Thread.run(Thread.java:619)
25/02/11 12:46:33 INFO  James.Mailet: RemoteDelivery: Attempting delivery of Mail1298655968187-1-to-test.com to host test.com at 204.12.0.50 for addresses [test@test.com]
25/02/11 12:46:54 INFO  James.Mailet: RemoteDelivery: Could not connect to SMTP host: 204.12.0.50, port: 25
25/02/11 12:46:54 INFO  James.Mailet: RemoteDelivery: Temporary exception delivering mail (Mail1298655968187-1-to-test.com: 
25/02/11 12:46:54 INFO  James.Mailet: RemoteDelivery: Storing message Mail1298655968187-1-to-test.com into outgoing after 0 retries
25/02/11 12:46:54 INFO  James.Mailet: RemoteDelivery: Attempting delivery of Mail1298655995791-2-to-test.com to host test.com at 204.12.0.50 for addresses [test@test.com]
25/02/11 12:47:15 INFO  James.Mailet: RemoteDelivery: Could not connect to SMTP host: 204.12.0.50, port: 25
25/02/11 12:47:15 INFO  James.Mailet: RemoteDelivery: Temporary exception delivering mail (Mail1298655995791-2-to-test.com: 
25/02/11 12:47:15 INFO  James.Mailet: RemoteDelivery: Storing message Mail1298655995791-2-to-test.com into outgoing after 0 retries
25/02/11 12:51:54 INFO  James.Mailet: RemoteDelivery: Attempting delivery of Mail1298655968187-1-to-test.com to host test.com at 204.12.0.50 for addresses [test@test.com]
25/02/11 12:52:15 INFO  James.Mailet: RemoteDelivery: Could not connect to SMTP host: 204.12.0.50, port: 25
25/02/11 12:52:15 INFO  James.Mailet: RemoteDelivery: Temporary exception delivering mail (Mail1298655968187-1-to-test.com: 
25/02/11 12:52:15 INFO  James.Mailet: RemoteDelivery: Storing message Mail1298655968187-1-to-test.com into outgoing after 1 retries
25/02/11 12:52:15 INFO  James.Mailet: RemoteDelivery: Attempting delivery of Mail1298655995791-2-to-test.com to host test.com at 204.12.0.50 for addresses [test@test.com]
25/02/11 12:52:36 INFO  James.Mailet: RemoteDelivery: Could not connect to SMTP host: 204.12.0.50, port: 25
25/02/11 12:52:36 INFO  James.Mailet: RemoteDelivery: Temporary exception delivering mail (Mail1298655995791-2-to-test.com: 
25/02/11 12:52:36 INFO  James.Mailet: RemoteDelivery: Storing message Mail1298655995791-2-to-test.com into outgoing after 1 retries
25/02/11 13:02:15 INFO  James.Mailet: RemoteDelivery: Attempting delivery of Mail1298655968187-1-to-test.com to host test.com at 204.12.0.50 for addresses [test@test.com]
25/02/11 13:02:36 INFO  James.Mailet: RemoteDelivery: Could not connect to SMTP host: 204.12.0.50, port: 25
25/02/11 13:02:36 INFO  James.Mailet: RemoteDelivery: Temporary exception delivering mail (Mail1298655968187-1-to-test.com: 
25/02/11 13:02:36 INFO  James.Mailet: RemoteDelivery: Storing message Mail1298655968187-1-to-test.com into outgoing after 2 retries
25/02/11 13:02:36 INFO  James.Mailet: RemoteDelivery: Attempting delivery of Mail1298655995791-2-to-test.com to host test.com at 204.12.0.50 for addresses [test@test.com]
25/02/11 13:02:57 INFO  James.Mailet: RemoteDelivery: Could not connect to SMTP host: 204.12.0.50, port: 25
25/02/11 13:02:57 INFO  James.Mailet: RemoteDelivery: Temporary exception delivering mail (Mail1298655995791-2-to-test.com: 
25/02/11 13:02:57 INFO  James.Mailet: RemoteDelivery: Storing message Mail1298655995791-2-to-test.com into outgoing after 2 retries
25/02/11 13:47:51 INFO  James.Mailet: RemoteDelivery: Attempting delivery of Mail1298655968187-1-to-test.com to host test.com at 204.12.0.50 for addresses [test@test.com]
25/02/11 13:48:12 INFO  James.Mailet: RemoteDelivery: Could not connect to SMTP host: 204.12.0.50, port: 25
25/02/11 13:48:12 INFO  James.Mailet: RemoteDelivery: Temporary exception delivering mail (Mail1298655968187-1-to-test.com: 
25/02/11 13:48:12 INFO  James.Mailet: RemoteDelivery: Storing message Mail1298655968187-1-to-test.com into outgoing after 3 retries
25/02/11 13:48:12 INFO  James.Mailet: RemoteDelivery: Attempting delivery of Mail1298655995791-2-to-test.com to host test.com at 204.12.0.50 for addresses [test@test.com]
25/02/11 13:48:33 INFO  James.Mailet: RemoteDelivery: Could not connect to SMTP host: 204.12.0.50, port: 25
25/02/11 13:48:33 INFO  James.Mailet: RemoteDelivery: Temporary exception delivering mail (Mail1298655995791-2-to-test.com: 
25/02/11 13:48:33 INFO  James.Mailet: RemoteDelivery: Storing message Mail1298655995791-2-to-test.com into outgoing after 3 retries
25/02/11 15:48:12 INFO  James.Mailet: RemoteDelivery: Exception caught in RemoteDelivery.run()
java.lang.ClassCastException: org.xbill.DNS.ARecord cannot be cast to org.xbill.DNS.CNAMERecord
	at org.apache.james.dnsserver.DNSServer.findMXRecords(DNSServer.java:252)
	at org.apache.james.dnsserver.DNSServer$1.<init>(DNSServer.java:427)
	at org.apache.james.dnsserver.DNSServer.getSMTPHostAddresses(DNSServer.java:426)
	at sun.reflect.GeneratedMethodAccessor8.invoke(Unknown Source)
	at sun.reflect.DelegatingMethodAccessorImpl.invoke(DelegatingMethodAccessorImpl.java:25)
	at java.lang.reflect.Method.invoke(Method.java:597)
	at org.apache.avalon.phoenix.components.application.BlockInvocationHandler.invoke(BlockInvocationHandler.java:134)
	at $Proxy0.getSMTPHostAddresses(Unknown Source)
	at org.apache.james.James.getSMTPHostAddresses(James.java:860)
	at sun.reflect.GeneratedMethodAccessor7.invoke(Unknown Source)
	at sun.reflect.DelegatingMethodAccessorImpl.invoke(DelegatingMethodAccessorImpl.java:25)
	at java.lang.reflect.Method.invoke(Method.java:597)
	at org.apache.avalon.phoenix.components.application.BlockInvocationHandler.invoke(BlockInvocationHandler.java:134)
	at $Proxy9.getSMTPHostAddresses(Unknown Source)
	at org.apache.james.transport.mailets.RemoteDelivery.deliver(RemoteDelivery.java:452)
	at org.apache.james.transport.mailets.RemoteDelivery.run(RemoteDelivery.java:1139)
	at java.lang.Thread.run(Thread.java:619)
25/02/11 15:48:33 INFO  James.Mailet: RemoteDelivery: Exception caught in RemoteDelivery.run()
java.lang.ClassCastException: org.xbill.DNS.ARecord cannot be cast to org.xbill.DNS.CNAMERecord
	at org.apache.james.dnsserver.DNSServer.findMXRecords(DNSServer.java:252)
	at org.apache.james.dnsserver.DNSServer$1.<init>(DNSServer.java:427)
	at org.apache.james.dnsserver.DNSServer.getSMTPHostAddresses(DNSServer.java:426)
	at sun.reflect.GeneratedMethodAccessor8.invoke(Unknown Source)
	at sun.reflect.DelegatingMethodAccessorImpl.invoke(DelegatingMethodAccessorImpl.java:25)
	at java.lang.reflect.Method.invoke(Method.java:597)
	at org.apache.avalon.phoenix.components.application.BlockInvocationHandler.invoke(BlockInvocationHandler.java:134)
	at $Proxy0.getSMTPHostAddresses(Unknown Source)
	at org.apache.james.James.getSMTPHostAddresses(James.java:860)
	at sun.reflect.GeneratedMethodAccessor7.invoke(Unknown Source)
	at sun.reflect.DelegatingMethodAccessorImpl.invoke(DelegatingMethodAccessorImpl.java:25)
	at java.lang.reflect.Method.invoke(Method.java:597)
	at org.apache.avalon.phoenix.components.application.BlockInvocationHandler.invoke(BlockInvocationHandler.java:134)
	at $Proxy9.getSMTPHostAddresses(Unknown Source)
	at org.apache.james.transport.mailets.RemoteDelivery.deliver(RemoteDelivery.java:452)
	at org.apache.james.transport.mailets.RemoteDelivery.run(RemoteDelivery.java:1139)
	at java.lang.Thread.run(Thread.java:619)
