07/11/10 10:57:05 INFO  smtpserver: SMTP Service uses default thread group.
07/11/10 10:57:05 INFO  smtpserver: SMTP Service is running on: UltimaWeapon
07/11/10 10:57:05 INFO  smtpserver: SMTP Service handler hello name is: UltimaWeapon
07/11/10 10:57:05 INFO  smtpserver: SMTP Service handler connection timeout is: 360000
07/11/10 10:57:05 INFO  smtpserver: SMTP Service connection backlog is: 5
07/11/10 10:57:05 INFO  smtpserver: SMTP Service will allow a maximum of 30 connections.
07/11/10 10:57:05 INFO  smtpserver: This SMTP server does not require authentication.
07/11/10 10:57:05 INFO  smtpserver: Authorized addresses: [127.0.0.0/255.0.0.0]
07/11/10 10:57:05 INFO  smtpserver: No maximum message size is enforced for this server.
07/11/10 10:57:05 INFO  smtpserver: The idle timeout will be reset every 20480 bytes.
07/11/10 10:57:05 INFO  smtpserver: Added Commandhandler: org.apache.james.smtpserver.VrfyCmdHandler
07/11/10 10:57:05 INFO  smtpserver: Added Commandhandler: org.apache.james.smtpserver.AuthCmdHandler
07/11/10 10:57:05 INFO  smtpserver: Added Commandhandler: org.apache.james.smtpserver.QuitCmdHandler
07/11/10 10:57:05 INFO  smtpserver: Added Commandhandler: org.apache.james.smtpserver.HelpCmdHandler
07/11/10 10:57:05 INFO  smtpserver: Added Commandhandler: org.apache.james.smtpserver.HeloCmdHandler
07/11/10 10:57:05 INFO  smtpserver: Added Commandhandler: org.apache.james.smtpserver.MailCmdHandler
07/11/10 10:57:05 INFO  smtpserver: Added Commandhandler: org.apache.james.smtpserver.DataCmdHandler
07/11/10 10:57:05 INFO  smtpserver: Added Commandhandler: org.apache.james.smtpserver.RcptCmdHandler
07/11/10 10:57:05 INFO  smtpserver: Added Commandhandler: org.apache.james.smtpserver.EhloCmdHandler
07/11/10 10:57:05 INFO  smtpserver: Added MessageHandler: org.apache.james.smtpserver.SendMailHandler
07/11/10 10:57:05 INFO  smtpserver: Added Commandhandler: org.apache.james.smtpserver.NoopCmdHandler
07/11/10 10:57:05 INFO  smtpserver: Added Commandhandler: org.apache.james.smtpserver.ExpnCmdHandler
07/11/10 10:57:05 INFO  smtpserver: Added Commandhandler: org.apache.james.smtpserver.RsetCmdHandler
07/11/10 10:57:05 INFO  smtpserver: SMTP Service started plain:25
07/11/10 11:14:58 INFO  smtpserver: Connection from 127.0.0.1 (127.0.0.1)
07/11/10 11:14:58 INFO  smtpserver: Successfully spooled mail Mail1289146498657-0 from admin@localhost on 127.0.0.1 for [caw4567@gmail.com]
