22/11/10 18:48:35 INFO  smtpserver: SMTP Service uses default thread group.
22/11/10 18:48:35 INFO  smtpserver: SMTP Service is running on: UltimaWeapon
22/11/10 18:48:35 INFO  smtpserver: SMTP Service handler hello name is: UltimaWeapon
22/11/10 18:48:35 INFO  smtpserver: SMTP Service handler connection timeout is: 360000
22/11/10 18:48:35 INFO  smtpserver: SMTP Service connection backlog is: 5
22/11/10 18:48:35 INFO  smtpserver: SMTP Service will allow a maximum of 30 connections.
22/11/10 18:48:35 INFO  smtpserver: This SMTP server does not require authentication.
22/11/10 18:48:35 INFO  smtpserver: Authorized addresses: [127.0.0.0/255.0.0.0]
22/11/10 18:48:35 INFO  smtpserver: No maximum message size is enforced for this server.
22/11/10 18:48:35 INFO  smtpserver: The idle timeout will be reset every 20480 bytes.
22/11/10 18:48:35 INFO  smtpserver: Added Commandhandler: org.apache.james.smtpserver.VrfyCmdHandler
22/11/10 18:48:35 INFO  smtpserver: Added Commandhandler: org.apache.james.smtpserver.AuthCmdHandler
22/11/10 18:48:35 INFO  smtpserver: Added Commandhandler: org.apache.james.smtpserver.QuitCmdHandler
22/11/10 18:48:35 INFO  smtpserver: Added Commandhandler: org.apache.james.smtpserver.HelpCmdHandler
22/11/10 18:48:35 INFO  smtpserver: Added Commandhandler: org.apache.james.smtpserver.HeloCmdHandler
22/11/10 18:48:35 INFO  smtpserver: Added Commandhandler: org.apache.james.smtpserver.MailCmdHandler
22/11/10 18:48:35 INFO  smtpserver: Added Commandhandler: org.apache.james.smtpserver.DataCmdHandler
22/11/10 18:48:35 INFO  smtpserver: Added Commandhandler: org.apache.james.smtpserver.RcptCmdHandler
22/11/10 18:48:35 INFO  smtpserver: Added Commandhandler: org.apache.james.smtpserver.EhloCmdHandler
22/11/10 18:48:35 INFO  smtpserver: Added MessageHandler: org.apache.james.smtpserver.SendMailHandler
22/11/10 18:48:35 INFO  smtpserver: Added Commandhandler: org.apache.james.smtpserver.NoopCmdHandler
22/11/10 18:48:35 INFO  smtpserver: Added Commandhandler: org.apache.james.smtpserver.ExpnCmdHandler
22/11/10 18:48:35 INFO  smtpserver: Added Commandhandler: org.apache.james.smtpserver.RsetCmdHandler
22/11/10 18:48:35 INFO  smtpserver: SMTP Service started plain:25
22/11/10 18:52:57 INFO  smtpserver: Connection from activate.adobe.com (127.0.0.1)
22/11/10 18:52:57 INFO  smtpserver: Successfully spooled mail Mail1290480777757-0 from admin@localhost on 127.0.0.1 for [test@test.com]
