04/11/10 11:57:27 INFO  spoolmanager: JamesSpoolManager init...
04/11/10 11:57:28 INFO  spoolmanager: Matcher All instantiated.
04/11/10 11:57:28 INFO  spoolmanager: Mailet PostmasterAlias instantiated.
04/11/10 11:57:28 INFO  spoolmanager: Matcher RelayLimit=30 instantiated.
04/11/10 11:57:28 INFO  spoolmanager: Mailet Null instantiated.
04/11/10 11:57:28 INFO  spoolmanager: Matcher HasMailAttributeWithValue=org.apache.james.infected, true instantiated.
04/11/10 11:57:28 INFO  spoolmanager: Mailet ToProcessor instantiated.
04/11/10 11:57:28 INFO  spoolmanager: Matcher HasMailAttribute=spamChecked instantiated.
04/11/10 11:57:28 INFO  spoolmanager: Mailet ToProcessor instantiated.
04/11/10 11:57:28 INFO  spoolmanager: Matcher All instantiated.
04/11/10 11:57:28 INFO  spoolmanager: Mailet SetMailAttribute instantiated.
04/11/10 11:57:28 INFO  spoolmanager: Matcher SMTPAuthSuccessful instantiated.
04/11/10 11:57:28 INFO  spoolmanager: Mailet ToProcessor instantiated.
04/11/10 11:57:28 INFO  spoolmanager: Matcher InSpammerBlacklist=query.bondedsender.org. instantiated.
04/11/10 11:57:28 INFO  spoolmanager: Mailet ToProcessor instantiated.
04/11/10 11:57:28 INFO  spoolmanager: Matcher InSpammerBlacklist=dnsbl.njabl.org. instantiated.
04/11/10 11:57:28 INFO  spoolmanager: Mailet ToProcessor instantiated.
04/11/10 11:57:28 INFO  spoolmanager: Matcher All instantiated.
04/11/10 11:57:28 INFO  spoolmanager: Mailet ToProcessor instantiated.
04/11/10 11:57:28 INFO  spoolmanager: Processor root instantiated.
04/11/10 11:57:28 INFO  spoolmanager: Matcher All instantiated.
04/11/10 11:57:28 INFO  spoolmanager: Mailet ToRepository instantiated.
04/11/10 11:57:28 INFO  spoolmanager: Processor error instantiated.
04/11/10 11:57:28 INFO  spoolmanager: Matcher SMTPAuthSuccessful instantiated.
04/11/10 11:57:28 INFO  spoolmanager: Mailet SetMimeHeader instantiated.
04/11/10 11:57:28 INFO  spoolmanager: Matcher HasMailAttribute=org.apache.james.SMIMECheckSignature instantiated.
04/11/10 11:57:28 INFO  spoolmanager: Mailet SetMimeHeader instantiated.
04/11/10 11:57:28 INFO  spoolmanager: Matcher RecipientIsLocal instantiated.
04/11/10 11:57:28 INFO  spoolmanager: Mailet LocalDelivery instantiated.
04/11/10 11:57:28 INFO  spoolmanager: Matcher HostIsLocal instantiated.
04/11/10 11:57:28 INFO  spoolmanager: Mailet ToProcessor instantiated.
04/11/10 11:57:28 INFO  spoolmanager: Matcher RemoteAddrNotInNetwork=127.0.0.1 instantiated.
04/11/10 11:57:28 INFO  spoolmanager: Mailet ToProcessor instantiated.
04/11/10 11:57:28 INFO  spoolmanager: Matcher All instantiated.
04/11/10 11:57:28 INFO  spoolmanager: Mailet RemoteDelivery instantiated.
04/11/10 11:57:28 INFO  spoolmanager: Processor transport instantiated.
04/11/10 11:57:28 INFO  spoolmanager: Matcher All instantiated.
04/11/10 11:57:28 INFO  spoolmanager: Mailet ToRepository instantiated.
04/11/10 11:57:28 INFO  spoolmanager: Processor spam instantiated.
04/11/10 11:57:28 INFO  spoolmanager: Matcher All instantiated.
04/11/10 11:57:28 INFO  spoolmanager: Mailet SetMailAttribute instantiated.
04/11/10 11:57:28 INFO  spoolmanager: Matcher SMTPAuthSuccessful instantiated.
04/11/10 11:57:28 INFO  spoolmanager: Mailet Bounce instantiated.
04/11/10 11:57:28 INFO  spoolmanager: Matcher All instantiated.
04/11/10 11:57:28 INFO  spoolmanager: Mailet Null instantiated.
04/11/10 11:57:28 INFO  spoolmanager: Processor virus instantiated.
04/11/10 11:57:28 INFO  spoolmanager: Matcher All instantiated.
04/11/10 11:57:28 INFO  spoolmanager: Mailet ToRepository instantiated.
04/11/10 11:57:28 INFO  spoolmanager: Processor local-address-error instantiated.
04/11/10 11:57:28 INFO  spoolmanager: Matcher All instantiated.
04/11/10 11:57:28 INFO  spoolmanager: Mailet ToRepository instantiated.
04/11/10 11:57:28 INFO  spoolmanager: Processor relay-denied instantiated.
04/11/10 11:57:28 INFO  spoolmanager: Matcher All instantiated.
04/11/10 11:57:28 INFO  spoolmanager: Mailet DSNBounce instantiated.
04/11/10 11:57:28 INFO  spoolmanager: Processor bounces instantiated.
04/11/10 11:57:28 INFO  spoolmanager: Spooler Manager uses 10 Thread(s)
04/11/10 11:57:28 INFO  spoolmanager: Run JamesSpoolManager: Spool Thread #0
04/11/10 11:57:28 INFO  spoolmanager: Spool=$Proxy5
04/11/10 11:57:28 INFO  spoolmanager: Run JamesSpoolManager: Spool Thread #1
04/11/10 11:57:28 INFO  spoolmanager: Spool=$Proxy5
04/11/10 11:57:28 INFO  spoolmanager: Run JamesSpoolManager: Spool Thread #4
04/11/10 11:57:28 INFO  spoolmanager: Spool=$Proxy5
04/11/10 11:57:28 INFO  spoolmanager: Run JamesSpoolManager: Spool Thread #2
04/11/10 11:57:28 INFO  spoolmanager: Spool=$Proxy5
04/11/10 11:57:28 INFO  spoolmanager: Run JamesSpoolManager: Spool Thread #3
04/11/10 11:57:28 INFO  spoolmanager: Run JamesSpoolManager: Spool Thread #6
04/11/10 11:57:28 INFO  spoolmanager: Spool=$Proxy5
04/11/10 11:57:28 INFO  spoolmanager: Spool=$Proxy5
04/11/10 11:57:28 INFO  spoolmanager: Run JamesSpoolManager: Spool Thread #5
04/11/10 11:57:28 INFO  spoolmanager: Spool=$Proxy5
04/11/10 11:57:28 INFO  spoolmanager: Run JamesSpoolManager: Spool Thread #7
04/11/10 11:57:28 INFO  spoolmanager: Spool=$Proxy5
04/11/10 11:57:28 INFO  spoolmanager: Run JamesSpoolManager: Spool Thread #8
04/11/10 11:57:28 INFO  spoolmanager: Spool=$Proxy5
04/11/10 11:57:28 INFO  spoolmanager: Run JamesSpoolManager: Spool Thread #9
04/11/10 11:57:28 INFO  spoolmanager: Spool=$Proxy5
