INFO    2011-02-25 11:59:25.208 [Phoenix ] (): Logger started
WARN    2011-02-25 11:59:25.270 [Phoenix ] (): Phoenix was not started by the daemon thus it will not be possible to restart the JVM via the Management interface.
INFO    2011-02-25 11:59:25.738 [Phoenix.] (): Installing Sar located at file:/C:/Users/Anthony/Desktop/kanban-taskboard/james-2.3.2/apps/james.sar.
WARN    2011-02-25 11:59:26.487 [Phoenix.] (): The file conf/sqlResources.xml can not be extracted from the Sar "file:/C:/Users/Anthony/Desktop/kanban-taskboard/james-2.3.2/apps/james.sar" into directory C:\Users\Anthony\Desktop\kanban-taskboard\james-2.3.2\apps\james\conf\sqlResources.xml because there is a file in the way.
WARN    2011-02-25 11:59:26.487 [Phoenix.] (): The file conf/james-fetchmail.xml can not be extracted from the Sar "file:/C:/Users/Anthony/Desktop/kanban-taskboard/james-2.3.2/apps/james.sar" into directory C:\Users\Anthony\Desktop\kanban-taskboard\james-2.3.2\apps\james\conf\james-fetchmail.xml because there is a file in the way.
WARN    2011-02-25 11:59:26.487 [Phoenix.] (): The file conf/james-smtphandlerchain.xml can not be extracted from the Sar "file:/C:/Users/Anthony/Desktop/kanban-taskboard/james-2.3.2/apps/james.sar" into directory C:\Users\Anthony\Desktop\kanban-taskboard\james-2.3.2\apps\james\conf\james-smtphandlerchain.xml because there is a file in the way.
WARN    2011-02-25 11:59:26.487 [Phoenix.] (): The file conf/miResources.xml can not be extracted from the Sar "file:/C:/Users/Anthony/Desktop/kanban-taskboard/james-2.3.2/apps/james.sar" into directory C:\Users\Anthony\Desktop\kanban-taskboard\james-2.3.2\apps\james\conf\miResources.xml because there is a file in the way.
WARN    2011-02-25 11:59:26.502 [Phoenix.] (): The file conf/james-listmanager.xml can not be extracted from the Sar "file:/C:/Users/Anthony/Desktop/kanban-taskboard/james-2.3.2/apps/james.sar" into directory C:\Users\Anthony\Desktop\kanban-taskboard\james-2.3.2\apps\james\conf\james-listmanager.xml because there is a file in the way.
WARN    2011-02-25 11:59:26.502 [Phoenix.] (): The file conf/james-liststores.xml can not be extracted from the Sar "file:/C:/Users/Anthony/Desktop/kanban-taskboard/james-2.3.2/apps/james.sar" into directory C:\Users\Anthony\Desktop\kanban-taskboard\james-2.3.2\apps\james\conf\james-liststores.xml because there is a file in the way.
WARN    2011-02-25 11:59:26.502 [Phoenix.] (): The file conf/samples/fetchmail/maxMessageSize.xml can not be extracted from the Sar "file:/C:/Users/Anthony/Desktop/kanban-taskboard/james-2.3.2/apps/james.sar" into directory C:\Users\Anthony\Desktop\kanban-taskboard\james-2.3.2\apps\james\conf\samples\fetchmail\maxMessageSize.xml because there is a file in the way.
WARN    2011-02-25 11:59:26.502 [Phoenix.] (): The file conf/samples/fetchmail/oneAccountManyUsers.xml can not be extracted from the Sar "file:/C:/Users/Anthony/Desktop/kanban-taskboard/james-2.3.2/apps/james.sar" into directory C:\Users\Anthony\Desktop\kanban-taskboard\james-2.3.2\apps\james\conf\samples\fetchmail\oneAccountManyUsers.xml because there is a file in the way.
WARN    2011-02-25 11:59:26.502 [Phoenix.] (): The file conf/samples/fetchmail/oneAccountManyUsersDynamic.xml can not be extracted from the Sar "file:/C:/Users/Anthony/Desktop/kanban-taskboard/james-2.3.2/apps/james.sar" into directory C:\Users\Anthony\Desktop\kanban-taskboard\james-2.3.2\apps\james\conf\samples\fetchmail\oneAccountManyUsersDynamic.xml because there is a file in the way.
WARN    2011-02-25 11:59:26.502 [Phoenix.] (): The file conf/samples/fetchmail/oneAccountPerUser.xml can not be extracted from the Sar "file:/C:/Users/Anthony/Desktop/kanban-taskboard/james-2.3.2/apps/james.sar" into directory C:\Users\Anthony\Desktop\kanban-taskboard\james-2.3.2\apps\james\conf\samples\fetchmail\oneAccountPerUser.xml because there is a file in the way.
WARN    2011-02-25 11:59:26.502 [Phoenix.] (): The file conf/samples/fetchmail/oneAccountPerUserDynamic.xml can not be extracted from the Sar "file:/C:/Users/Anthony/Desktop/kanban-taskboard/james-2.3.2/apps/james.sar" into directory C:\Users\Anthony\Desktop\kanban-taskboard\james-2.3.2\apps\james\conf\samples\fetchmail\oneAccountPerUserDynamic.xml because there is a file in the way.
WARN    2011-02-25 11:59:26.502 [Phoenix.] (): The file conf/samples/fetchmail/remoteReceivedHeader.xml can not be extracted from the Sar "file:/C:/Users/Anthony/Desktop/kanban-taskboard/james-2.3.2/apps/james.sar" into directory C:\Users\Anthony\Desktop\kanban-taskboard\james-2.3.2\apps\james\conf\samples\fetchmail\remoteReceivedHeader.xml because there is a file in the way.
WARN    2011-02-25 11:59:26.502 [Phoenix.] (): The file SAR-INF/config.xml can not be extracted from the Sar "file:/C:/Users/Anthony/Desktop/kanban-taskboard/james-2.3.2/apps/james.sar" into directory C:\Users\Anthony\Desktop\kanban-taskboard\james-2.3.2\apps\james\SAR-INF\config.xml because there is a file in the way.
WARN    2011-02-25 11:59:26.502 [Phoenix.] (): The file SAR-INF/assembly.xml can not be extracted from the Sar "file:/C:/Users/Anthony/Desktop/kanban-taskboard/james-2.3.2/apps/james.sar" into directory C:\Users\Anthony\Desktop\kanban-taskboard\james-2.3.2\apps\james\SAR-INF\assembly.xml because there is a file in the way.
WARN    2011-02-25 11:59:26.502 [Phoenix.] (): The file SAR-INF/environment.xml can not be extracted from the Sar "file:/C:/Users/Anthony/Desktop/kanban-taskboard/james-2.3.2/apps/james.sar" into directory C:\Users\Anthony\Desktop\kanban-taskboard\james-2.3.2\apps\james\SAR-INF\environment.xml because there is a file in the way.
INFO    2011-02-25 11:59:27.906 [Phoenix.] (): Verifying that all key-stores have valid names.
INFO    2011-02-25 11:59:27.906 [Phoenix.] (): Verify that any keystore names used by grant or permission reference actual keystores
INFO    2011-02-25 11:59:27.906 [Phoenix.] (): Verify that if target is null then actions is null.
INFO    2011-02-25 11:59:28.390 [Phoenix.] (): Verifying that the name specified for Blocks and BlockListeners are valid.
INFO    2011-02-25 11:59:28.406 [Phoenix.] (): Verifying that the names specified for Component are valid.
INFO    2011-02-25 11:59:28.406 [Phoenix.] (): Verifying that the names specified for the Components are unique.
INFO    2011-02-25 11:59:28.406 [Phoenix.] (): Verifying that the dependency mapping is valid according to ComponentInfos.
INFO    2011-02-25 11:59:28.406 [Phoenix.] (): Verifying that the dependency mapping for every Component is valid with respect to other components.
INFO    2011-02-25 11:59:28.406 [Phoenix.] (): Verifying that there are no circular dependencies between Components.
INFO    2011-02-25 11:59:28.421 [Phoenix.] (): Verifying that the name specified for Blocks and BlockListeners are unique.
INFO    2011-02-25 11:59:28.421 [Phoenix.] (): Verifying that the specified Blocks have valid types.
INFO    2011-02-25 11:59:28.577 [Phoenix.] (): Verifying that the specified BlockListeners have valid types.
INFO    2011-02-25 11:59:28.983 [Phoenix.] (): 20 Blocks to process for phase "startup". Order of processing = [dnsserver, database-connections, mailstore, users-store, localusersrepository, spoolrepository, sockets, thread-manager, scheduler, James, mailetpackages, matcherpackages, spoolmanager, connections, remotemanager, pop3server, smtpserver, nntp-repository, nntpserver, fetchmail].
