Nov 18, 2010 2:19:18 PM org.apache.catalina.core.AprLifecycleListener init
INFO: The Apache Tomcat Native library which allows optimal performance in production environments was not found on the java.library.path: C:\Program Files\Java\jre6\bin;.;C:\Windows\Sun\Java\bin;C:\Windows\system32;C:\Windows;C:\Windows\system32;C:\Windows;C:\Windows\System32\Wbem;C:\Windows\System32\WindowsPowerShell\v1.0\;C:\Program Files\ATI Technologies\ATI.ACE\Core-Static;C:\Program Files\TortoiseSVN\bin;C:\Program Files\Java\jdk1.6.0_21\bin;C:\Program Files\QuickTime\QTSystem\
Nov 18, 2010 2:19:18 PM org.apache.coyote.http11.Http11Protocol init
INFO: Initializing Coyote HTTP/1.1 on http-8400
Nov 18, 2010 2:19:18 PM org.apache.catalina.startup.Catalina load
INFO: Initialization processed in 677 ms
Nov 18, 2010 2:19:18 PM org.apache.catalina.core.StandardService start
INFO: Starting service Catalina
Nov 18, 2010 2:19:18 PM org.apache.catalina.core.StandardEngine start
INFO: Starting Servlet Engine: Apache Tomcat/6.0.14
Nov 18, 2010 2:19:19 PM org.apache.catalina.loader.WebappClassLoader validateJarFile
INFO: validateJarFile(C:\Users\Anthony\Desktop\kanban-taskboard\tomcat\webapps\testdrive\WEB-INF\lib\servlet-api.jar) - jar not loaded. See Servlet Spec 2.3, section 9.7.2. Offending class: javax/servlet/Servlet.class
Nov 18, 2010 2:19:20 PM org.apache.coyote.http11.Http11Protocol start
INFO: Starting Coyote HTTP/1.1 on http-8400
Nov 18, 2010 2:19:21 PM org.apache.jk.common.ChannelSocket init
INFO: JK: ajp13 listening on /0.0.0.0:8009
Nov 18, 2010 2:19:21 PM org.apache.jk.server.JkMain start
INFO: Jk running ID=0 time=0/40  config=null
Nov 18, 2010 2:19:21 PM org.apache.catalina.startup.Catalina start
INFO: Server startup in 2246 ms
Nov 18, 2010 5:19:33 PM org.apache.catalina.core.AprLifecycleListener init
INFO: The Apache Tomcat Native library which allows optimal performance in production environments was not found on the java.library.path: C:\Program Files\Java\jre6\bin;.;C:\Windows\Sun\Java\bin;C:\Windows\system32;C:\Windows;C:\Windows\system32;C:\Windows;C:\Windows\System32\Wbem;C:\Windows\System32\WindowsPowerShell\v1.0\;C:\Program Files\ATI Technologies\ATI.ACE\Core-Static;C:\Program Files\TortoiseSVN\bin;C:\Program Files\Java\jdk1.6.0_21\bin;C:\Program Files\QuickTime\QTSystem\
Nov 18, 2010 5:19:33 PM org.apache.coyote.http11.Http11Protocol init
INFO: Initializing Coyote HTTP/1.1 on http-8400
Nov 18, 2010 5:19:33 PM org.apache.catalina.startup.Catalina load
INFO: Initialization processed in 527 ms
Nov 18, 2010 5:19:33 PM org.apache.catalina.core.StandardService start
INFO: Starting service Catalina
Nov 18, 2010 5:19:33 PM org.apache.catalina.core.StandardEngine start
INFO: Starting Servlet Engine: Apache Tomcat/6.0.14
Nov 18, 2010 5:19:34 PM org.apache.catalina.loader.WebappClassLoader validateJarFile
INFO: validateJarFile(C:\Users\Anthony\Desktop\kanban-taskboard\tomcat\webapps\testdrive\WEB-INF\lib\servlet-api.jar) - jar not loaded. See Servlet Spec 2.3, section 9.7.2. Offending class: javax/servlet/Servlet.class
Nov 18, 2010 5:19:35 PM org.apache.coyote.http11.Http11Protocol start
INFO: Starting Coyote HTTP/1.1 on http-8400
Nov 18, 2010 5:19:35 PM org.apache.jk.common.ChannelSocket init
INFO: JK: ajp13 listening on /0.0.0.0:8009
Nov 18, 2010 5:19:35 PM org.apache.jk.server.JkMain start
INFO: Jk running ID=0 time=0/44  config=null
Nov 18, 2010 5:19:35 PM org.apache.catalina.startup.Catalina start
INFO: Server startup in 1826 ms
