Nov 19, 2010 7:34:14 PM kanbanbackend.db.SQLDriver getRowId
SEVERE: null
java.sql.SQLException: ResultSet closed
	at org.sqlite.RS.checkOpen(RS.java:57)
	at org.sqlite.RS.findColumn(RS.java:103)
	at org.sqlite.RS.getInt(RS.java:232)
	at kanbanbackend.db.SQLDriver.getRowId(SQLDriver.java:230)
	at kanbanbackend.model.ProjectUsersTuple.<init>(ProjectUsersTuple.java:44)
	at kanbanbackend.services.KanbanService.addUserToProject(KanbanService.java:195)
	at kanbanbackend.services.KanbanService.createNewProject(KanbanService.java:165)
	at sun.reflect.NativeMethodAccessorImpl.invoke0(Native Method)
	at sun.reflect.NativeMethodAccessorImpl.invoke(Unknown Source)
	at sun.reflect.DelegatingMethodAccessorImpl.invoke(Unknown Source)
	at java.lang.reflect.Method.invoke(Unknown Source)
	at flex.messaging.services.remoting.adapters.JavaAdapter.invoke(JavaAdapter.java:418)
	at flex.messaging.services.RemotingService.serviceMessage(RemotingService.java:183)
	at flex.messaging.MessageBroker.routeMessageToService(MessageBroker.java:1400)
	at flex.messaging.endpoints.AbstractEndpoint.serviceMessage(AbstractEndpoint.java:1005)
	at flex.messaging.endpoints.amf.MessageBrokerFilter.invoke(MessageBrokerFilter.java:103)
	at flex.messaging.endpoints.amf.LegacyFilter.invoke(LegacyFilter.java:158)
	at flex.messaging.endpoints.amf.SessionFilter.invoke(SessionFilter.java:44)
	at flex.messaging.endpoints.amf.BatchProcessFilter.invoke(BatchProcessFilter.java:67)
	at flex.messaging.endpoints.amf.SerializationFilter.invoke(SerializationFilter.java:166)
	at flex.messaging.endpoints.BaseHTTPEndpoint.service(BaseHTTPEndpoint.java:291)
	at flex.messaging.MessageBrokerServlet.service(MessageBrokerServlet.java:353)
	at javax.servlet.http.HttpServlet.service(HttpServlet.java:803)
	at org.apache.catalina.core.ApplicationFilterChain.internalDoFilter(ApplicationFilterChain.java:290)
	at org.apache.catalina.core.ApplicationFilterChain.doFilter(ApplicationFilterChain.java:206)
	at org.apache.catalina.core.StandardWrapperValve.invoke(StandardWrapperValve.java:233)
	at org.apache.catalina.core.StandardContextValve.invoke(StandardContextValve.java:175)
	at org.apache.catalina.core.StandardHostValve.invoke(StandardHostValve.java:128)
	at org.apache.catalina.valves.ErrorReportValve.invoke(ErrorReportValve.java:102)
	at org.apache.catalina.core.StandardEngineValve.invoke(StandardEngineValve.java:109)
	at org.apache.catalina.connector.CoyoteAdapter.service(CoyoteAdapter.java:263)
	at org.apache.coyote.http11.Http11Processor.process(Http11Processor.java:844)
	at org.apache.coyote.http11.Http11Protocol$Http11ConnectionHandler.process(Http11Protocol.java:584)
	at org.apache.tomcat.util.net.JIoEndpoint$Worker.run(JIoEndpoint.java:447)
	at java.lang.Thread.run(Unknown Source)
Nov 19, 2010 7:37:14 PM kanbanbackend.db.SQLDriver getRowId
SEVERE: null
java.sql.SQLException: ResultSet closed
	at org.sqlite.RS.checkOpen(RS.java:57)
	at org.sqlite.RS.findColumn(RS.java:103)
	at org.sqlite.RS.getInt(RS.java:232)
	at kanbanbackend.db.SQLDriver.getRowId(SQLDriver.java:230)
	at kanbanbackend.model.ProjectUsersTuple.<init>(ProjectUsersTuple.java:44)
	at kanbanbackend.services.KanbanService.addUserToProject(KanbanService.java:195)
	at kanbanbackend.services.KanbanService.createNewProject(KanbanService.java:165)
	at sun.reflect.NativeMethodAccessorImpl.invoke0(Native Method)
	at sun.reflect.NativeMethodAccessorImpl.invoke(Unknown Source)
	at sun.reflect.DelegatingMethodAccessorImpl.invoke(Unknown Source)
	at java.lang.reflect.Method.invoke(Unknown Source)
	at flex.messaging.services.remoting.adapters.JavaAdapter.invoke(JavaAdapter.java:418)
	at flex.messaging.services.RemotingService.serviceMessage(RemotingService.java:183)
	at flex.messaging.MessageBroker.routeMessageToService(MessageBroker.java:1400)
	at flex.messaging.endpoints.AbstractEndpoint.serviceMessage(AbstractEndpoint.java:1005)
	at flex.messaging.endpoints.amf.MessageBrokerFilter.invoke(MessageBrokerFilter.java:103)
	at flex.messaging.endpoints.amf.LegacyFilter.invoke(LegacyFilter.java:158)
	at flex.messaging.endpoints.amf.SessionFilter.invoke(SessionFilter.java:44)
	at flex.messaging.endpoints.amf.BatchProcessFilter.invoke(BatchProcessFilter.java:67)
	at flex.messaging.endpoints.amf.SerializationFilter.invoke(SerializationFilter.java:166)
	at flex.messaging.endpoints.BaseHTTPEndpoint.service(BaseHTTPEndpoint.java:291)
	at flex.messaging.MessageBrokerServlet.service(MessageBrokerServlet.java:353)
	at javax.servlet.http.HttpServlet.service(HttpServlet.java:803)
	at org.apache.catalina.core.ApplicationFilterChain.internalDoFilter(ApplicationFilterChain.java:290)
	at org.apache.catalina.core.ApplicationFilterChain.doFilter(ApplicationFilterChain.java:206)
	at org.apache.catalina.core.StandardWrapperValve.invoke(StandardWrapperValve.java:233)
	at org.apache.catalina.core.StandardContextValve.invoke(StandardContextValve.java:175)
	at org.apache.catalina.core.StandardHostValve.invoke(StandardHostValve.java:128)
	at org.apache.catalina.valves.ErrorReportValve.invoke(ErrorReportValve.java:102)
	at org.apache.catalina.core.StandardEngineValve.invoke(StandardEngineValve.java:109)
	at org.apache.catalina.connector.CoyoteAdapter.service(CoyoteAdapter.java:263)
	at org.apache.coyote.http11.Http11Processor.process(Http11Processor.java:844)
	at org.apache.coyote.http11.Http11Protocol$Http11ConnectionHandler.process(Http11Protocol.java:584)
	at org.apache.tomcat.util.net.JIoEndpoint$Worker.run(JIoEndpoint.java:447)
	at java.lang.Thread.run(Unknown Source)
Nov 19, 2010 7:59:44 PM kanbanbackend.db.SQLDriver getRowId
SEVERE: null
java.sql.SQLException: ResultSet closed
	at org.sqlite.RS.checkOpen(RS.java:57)
	at org.sqlite.RS.findColumn(RS.java:103)
	at org.sqlite.RS.getInt(RS.java:232)
	at kanbanbackend.db.SQLDriver.getRowId(SQLDriver.java:230)
	at kanbanbackend.model.ProjectUsersTuple.<init>(ProjectUsersTuple.java:44)
	at kanbanbackend.services.KanbanService.addUserToProject(KanbanService.java:195)
	at kanbanbackend.services.KanbanService.createNewProject(KanbanService.java:165)
	at sun.reflect.NativeMethodAccessorImpl.invoke0(Native Method)
	at sun.reflect.NativeMethodAccessorImpl.invoke(Unknown Source)
	at sun.reflect.DelegatingMethodAccessorImpl.invoke(Unknown Source)
	at java.lang.reflect.Method.invoke(Unknown Source)
	at flex.messaging.services.remoting.adapters.JavaAdapter.invoke(JavaAdapter.java:418)
	at flex.messaging.services.RemotingService.serviceMessage(RemotingService.java:183)
	at flex.messaging.MessageBroker.routeMessageToService(MessageBroker.java:1400)
	at flex.messaging.endpoints.AbstractEndpoint.serviceMessage(AbstractEndpoint.java:1005)
	at flex.messaging.endpoints.amf.MessageBrokerFilter.invoke(MessageBrokerFilter.java:103)
	at flex.messaging.endpoints.amf.LegacyFilter.invoke(LegacyFilter.java:158)
	at flex.messaging.endpoints.amf.SessionFilter.invoke(SessionFilter.java:44)
	at flex.messaging.endpoints.amf.BatchProcessFilter.invoke(BatchProcessFilter.java:67)
	at flex.messaging.endpoints.amf.SerializationFilter.invoke(SerializationFilter.java:166)
	at flex.messaging.endpoints.BaseHTTPEndpoint.service(BaseHTTPEndpoint.java:291)
	at flex.messaging.MessageBrokerServlet.service(MessageBrokerServlet.java:353)
	at javax.servlet.http.HttpServlet.service(HttpServlet.java:803)
	at org.apache.catalina.core.ApplicationFilterChain.internalDoFilter(ApplicationFilterChain.java:290)
	at org.apache.catalina.core.ApplicationFilterChain.doFilter(ApplicationFilterChain.java:206)
	at org.apache.catalina.core.StandardWrapperValve.invoke(StandardWrapperValve.java:233)
	at org.apache.catalina.core.StandardContextValve.invoke(StandardContextValve.java:175)
	at org.apache.catalina.core.StandardHostValve.invoke(StandardHostValve.java:128)
	at org.apache.catalina.valves.ErrorReportValve.invoke(ErrorReportValve.java:102)
	at org.apache.catalina.core.StandardEngineValve.invoke(StandardEngineValve.java:109)
	at org.apache.catalina.connector.CoyoteAdapter.service(CoyoteAdapter.java:263)
	at org.apache.coyote.http11.Http11Processor.process(Http11Processor.java:844)
	at org.apache.coyote.http11.Http11Protocol$Http11ConnectionHandler.process(Http11Protocol.java:584)
	at org.apache.tomcat.util.net.JIoEndpoint$Worker.run(JIoEndpoint.java:447)
	at java.lang.Thread.run(Unknown Source)
Nov 19, 2010 8:47:10 PM kanbanbackend.db.SQLDriver getRowId
SEVERE: null
java.sql.SQLException: ResultSet closed
	at org.sqlite.RS.checkOpen(RS.java:57)
	at org.sqlite.RS.findColumn(RS.java:103)
	at org.sqlite.RS.getInt(RS.java:232)
	at kanbanbackend.db.SQLDriver.getRowId(SQLDriver.java:230)
	at kanbanbackend.model.ProjectUsersTuple.<init>(ProjectUsersTuple.java:44)
	at kanbanbackend.services.KanbanService.addUserToProject(KanbanService.java:195)
	at kanbanbackend.services.KanbanService.createNewProject(KanbanService.java:165)
	at sun.reflect.NativeMethodAccessorImpl.invoke0(Native Method)
	at sun.reflect.NativeMethodAccessorImpl.invoke(Unknown Source)
	at sun.reflect.DelegatingMethodAccessorImpl.invoke(Unknown Source)
	at java.lang.reflect.Method.invoke(Unknown Source)
	at flex.messaging.services.remoting.adapters.JavaAdapter.invoke(JavaAdapter.java:418)
	at flex.messaging.services.RemotingService.serviceMessage(RemotingService.java:183)
	at flex.messaging.MessageBroker.routeMessageToService(MessageBroker.java:1400)
	at flex.messaging.endpoints.AbstractEndpoint.serviceMessage(AbstractEndpoint.java:1005)
	at flex.messaging.endpoints.amf.MessageBrokerFilter.invoke(MessageBrokerFilter.java:103)
	at flex.messaging.endpoints.amf.LegacyFilter.invoke(LegacyFilter.java:158)
	at flex.messaging.endpoints.amf.SessionFilter.invoke(SessionFilter.java:44)
	at flex.messaging.endpoints.amf.BatchProcessFilter.invoke(BatchProcessFilter.java:67)
	at flex.messaging.endpoints.amf.SerializationFilter.invoke(SerializationFilter.java:166)
	at flex.messaging.endpoints.BaseHTTPEndpoint.service(BaseHTTPEndpoint.java:291)
	at flex.messaging.MessageBrokerServlet.service(MessageBrokerServlet.java:353)
	at javax.servlet.http.HttpServlet.service(HttpServlet.java:803)
	at org.apache.catalina.core.ApplicationFilterChain.internalDoFilter(ApplicationFilterChain.java:290)
	at org.apache.catalina.core.ApplicationFilterChain.doFilter(ApplicationFilterChain.java:206)
	at org.apache.catalina.core.StandardWrapperValve.invoke(StandardWrapperValve.java:233)
	at org.apache.catalina.core.StandardContextValve.invoke(StandardContextValve.java:175)
	at org.apache.catalina.core.StandardHostValve.invoke(StandardHostValve.java:128)
	at org.apache.catalina.valves.ErrorReportValve.invoke(ErrorReportValve.java:102)
	at org.apache.catalina.core.StandardEngineValve.invoke(StandardEngineValve.java:109)
	at org.apache.catalina.connector.CoyoteAdapter.service(CoyoteAdapter.java:263)
	at org.apache.coyote.http11.Http11Processor.process(Http11Processor.java:844)
	at org.apache.coyote.http11.Http11Protocol$Http11ConnectionHandler.process(Http11Protocol.java:584)
	at org.apache.tomcat.util.net.JIoEndpoint$Worker.run(JIoEndpoint.java:447)
	at java.lang.Thread.run(Unknown Source)
Nov 19, 2010 8:51:52 PM kanbanbackend.db.SQLDriver getRowId
SEVERE: null
java.sql.SQLException: ResultSet closed
	at org.sqlite.RS.checkOpen(RS.java:57)
	at org.sqlite.RS.findColumn(RS.java:103)
	at org.sqlite.RS.getInt(RS.java:232)
	at kanbanbackend.db.SQLDriver.getRowId(SQLDriver.java:230)
	at kanbanbackend.model.ProjectUsersTuple.<init>(ProjectUsersTuple.java:44)
	at kanbanbackend.services.KanbanService.addUserToProject(KanbanService.java:195)
	at kanbanbackend.services.KanbanService.createNewProject(KanbanService.java:165)
	at sun.reflect.NativeMethodAccessorImpl.invoke0(Native Method)
	at sun.reflect.NativeMethodAccessorImpl.invoke(Unknown Source)
	at sun.reflect.DelegatingMethodAccessorImpl.invoke(Unknown Source)
	at java.lang.reflect.Method.invoke(Unknown Source)
	at flex.messaging.services.remoting.adapters.JavaAdapter.invoke(JavaAdapter.java:418)
	at flex.messaging.services.RemotingService.serviceMessage(RemotingService.java:183)
	at flex.messaging.MessageBroker.routeMessageToService(MessageBroker.java:1400)
	at flex.messaging.endpoints.AbstractEndpoint.serviceMessage(AbstractEndpoint.java:1005)
	at flex.messaging.endpoints.amf.MessageBrokerFilter.invoke(MessageBrokerFilter.java:103)
	at flex.messaging.endpoints.amf.LegacyFilter.invoke(LegacyFilter.java:158)
	at flex.messaging.endpoints.amf.SessionFilter.invoke(SessionFilter.java:44)
	at flex.messaging.endpoints.amf.BatchProcessFilter.invoke(BatchProcessFilter.java:67)
	at flex.messaging.endpoints.amf.SerializationFilter.invoke(SerializationFilter.java:166)
	at flex.messaging.endpoints.BaseHTTPEndpoint.service(BaseHTTPEndpoint.java:291)
	at flex.messaging.MessageBrokerServlet.service(MessageBrokerServlet.java:353)
	at javax.servlet.http.HttpServlet.service(HttpServlet.java:803)
	at org.apache.catalina.core.ApplicationFilterChain.internalDoFilter(ApplicationFilterChain.java:290)
	at org.apache.catalina.core.ApplicationFilterChain.doFilter(ApplicationFilterChain.java:206)
	at org.apache.catalina.core.StandardWrapperValve.invoke(StandardWrapperValve.java:233)
	at org.apache.catalina.core.StandardContextValve.invoke(StandardContextValve.java:175)
	at org.apache.catalina.core.StandardHostValve.invoke(StandardHostValve.java:128)
	at org.apache.catalina.valves.ErrorReportValve.invoke(ErrorReportValve.java:102)
	at org.apache.catalina.core.StandardEngineValve.invoke(StandardEngineValve.java:109)
	at org.apache.catalina.connector.CoyoteAdapter.service(CoyoteAdapter.java:263)
	at org.apache.coyote.http11.Http11Processor.process(Http11Processor.java:844)
	at org.apache.coyote.http11.Http11Protocol$Http11ConnectionHandler.process(Http11Protocol.java:584)
	at org.apache.tomcat.util.net.JIoEndpoint$Worker.run(JIoEndpoint.java:447)
	at java.lang.Thread.run(Unknown Source)
Nov 19, 2010 8:58:22 PM kanbanbackend.db.SQLDriver getRowId
SEVERE: null
java.sql.SQLException: ResultSet closed
	at org.sqlite.RS.checkOpen(RS.java:57)
	at org.sqlite.RS.findColumn(RS.java:103)
	at org.sqlite.RS.getInt(RS.java:232)
	at kanbanbackend.db.SQLDriver.getRowId(SQLDriver.java:230)
	at kanbanbackend.model.ProjectUsersTuple.<init>(ProjectUsersTuple.java:44)
	at kanbanbackend.services.KanbanService.addUserToProject(KanbanService.java:195)
	at kanbanbackend.services.KanbanService.createNewProject(KanbanService.java:165)
	at sun.reflect.NativeMethodAccessorImpl.invoke0(Native Method)
	at sun.reflect.NativeMethodAccessorImpl.invoke(Unknown Source)
	at sun.reflect.DelegatingMethodAccessorImpl.invoke(Unknown Source)
	at java.lang.reflect.Method.invoke(Unknown Source)
	at flex.messaging.services.remoting.adapters.JavaAdapter.invoke(JavaAdapter.java:418)
	at flex.messaging.services.RemotingService.serviceMessage(RemotingService.java:183)
	at flex.messaging.MessageBroker.routeMessageToService(MessageBroker.java:1400)
	at flex.messaging.endpoints.AbstractEndpoint.serviceMessage(AbstractEndpoint.java:1005)
	at flex.messaging.endpoints.amf.MessageBrokerFilter.invoke(MessageBrokerFilter.java:103)
	at flex.messaging.endpoints.amf.LegacyFilter.invoke(LegacyFilter.java:158)
	at flex.messaging.endpoints.amf.SessionFilter.invoke(SessionFilter.java:44)
	at flex.messaging.endpoints.amf.BatchProcessFilter.invoke(BatchProcessFilter.java:67)
	at flex.messaging.endpoints.amf.SerializationFilter.invoke(SerializationFilter.java:166)
	at flex.messaging.endpoints.BaseHTTPEndpoint.service(BaseHTTPEndpoint.java:291)
	at flex.messaging.MessageBrokerServlet.service(MessageBrokerServlet.java:353)
	at javax.servlet.http.HttpServlet.service(HttpServlet.java:803)
	at org.apache.catalina.core.ApplicationFilterChain.internalDoFilter(ApplicationFilterChain.java:290)
	at org.apache.catalina.core.ApplicationFilterChain.doFilter(ApplicationFilterChain.java:206)
	at org.apache.catalina.core.StandardWrapperValve.invoke(StandardWrapperValve.java:233)
	at org.apache.catalina.core.StandardContextValve.invoke(StandardContextValve.java:175)
	at org.apache.catalina.core.StandardHostValve.invoke(StandardHostValve.java:128)
	at org.apache.catalina.valves.ErrorReportValve.invoke(ErrorReportValve.java:102)
	at org.apache.catalina.core.StandardEngineValve.invoke(StandardEngineValve.java:109)
	at org.apache.catalina.connector.CoyoteAdapter.service(CoyoteAdapter.java:263)
	at org.apache.coyote.http11.Http11Processor.process(Http11Processor.java:844)
	at org.apache.coyote.http11.Http11Protocol$Http11ConnectionHandler.process(Http11Protocol.java:584)
	at org.apache.tomcat.util.net.JIoEndpoint$Worker.run(JIoEndpoint.java:447)
	at java.lang.Thread.run(Unknown Source)
Nov 19, 2010 9:00:55 PM kanbanbackend.db.SQLDriver getRowId
SEVERE: null
java.sql.SQLException: ResultSet closed
	at org.sqlite.RS.checkOpen(RS.java:57)
	at org.sqlite.RS.findColumn(RS.java:103)
	at org.sqlite.RS.getInt(RS.java:232)
	at kanbanbackend.db.SQLDriver.getRowId(SQLDriver.java:230)
	at kanbanbackend.model.ProjectUsersTuple.<init>(ProjectUsersTuple.java:44)
	at kanbanbackend.services.KanbanService.addUserToProject(KanbanService.java:195)
	at kanbanbackend.services.KanbanService.createNewProject(KanbanService.java:165)
	at sun.reflect.NativeMethodAccessorImpl.invoke0(Native Method)
	at sun.reflect.NativeMethodAccessorImpl.invoke(Unknown Source)
	at sun.reflect.DelegatingMethodAccessorImpl.invoke(Unknown Source)
	at java.lang.reflect.Method.invoke(Unknown Source)
	at flex.messaging.services.remoting.adapters.JavaAdapter.invoke(JavaAdapter.java:418)
	at flex.messaging.services.RemotingService.serviceMessage(RemotingService.java:183)
	at flex.messaging.MessageBroker.routeMessageToService(MessageBroker.java:1400)
	at flex.messaging.endpoints.AbstractEndpoint.serviceMessage(AbstractEndpoint.java:1005)
	at flex.messaging.endpoints.amf.MessageBrokerFilter.invoke(MessageBrokerFilter.java:103)
	at flex.messaging.endpoints.amf.LegacyFilter.invoke(LegacyFilter.java:158)
	at flex.messaging.endpoints.amf.SessionFilter.invoke(SessionFilter.java:44)
	at flex.messaging.endpoints.amf.BatchProcessFilter.invoke(BatchProcessFilter.java:67)
	at flex.messaging.endpoints.amf.SerializationFilter.invoke(SerializationFilter.java:166)
	at flex.messaging.endpoints.BaseHTTPEndpoint.service(BaseHTTPEndpoint.java:291)
	at flex.messaging.MessageBrokerServlet.service(MessageBrokerServlet.java:353)
	at javax.servlet.http.HttpServlet.service(HttpServlet.java:803)
	at org.apache.catalina.core.ApplicationFilterChain.internalDoFilter(ApplicationFilterChain.java:290)
	at org.apache.catalina.core.ApplicationFilterChain.doFilter(ApplicationFilterChain.java:206)
	at org.apache.catalina.core.StandardWrapperValve.invoke(StandardWrapperValve.java:233)
	at org.apache.catalina.core.StandardContextValve.invoke(StandardContextValve.java:175)
	at org.apache.catalina.core.StandardHostValve.invoke(StandardHostValve.java:128)
	at org.apache.catalina.valves.ErrorReportValve.invoke(ErrorReportValve.java:102)
	at org.apache.catalina.core.StandardEngineValve.invoke(StandardEngineValve.java:109)
	at org.apache.catalina.connector.CoyoteAdapter.service(CoyoteAdapter.java:263)
	at org.apache.coyote.http11.Http11Processor.process(Http11Processor.java:844)
	at org.apache.coyote.http11.Http11Protocol$Http11ConnectionHandler.process(Http11Protocol.java:584)
	at org.apache.tomcat.util.net.JIoEndpoint$Worker.run(JIoEndpoint.java:447)
	at java.lang.Thread.run(Unknown Source)
Nov 19, 2010 9:13:49 PM kanbanbackend.db.SQLDriver getRowId
SEVERE: null
java.sql.SQLException: ResultSet closed
	at org.sqlite.RS.checkOpen(RS.java:57)
	at org.sqlite.RS.findColumn(RS.java:103)
	at org.sqlite.RS.getInt(RS.java:232)
	at kanbanbackend.db.SQLDriver.getRowId(SQLDriver.java:230)
	at kanbanbackend.model.ProjectUsersTuple.<init>(ProjectUsersTuple.java:44)
	at kanbanbackend.services.KanbanService.addUserToProject(KanbanService.java:195)
	at kanbanbackend.services.KanbanService.createNewProject(KanbanService.java:165)
	at sun.reflect.NativeMethodAccessorImpl.invoke0(Native Method)
	at sun.reflect.NativeMethodAccessorImpl.invoke(Unknown Source)
	at sun.reflect.DelegatingMethodAccessorImpl.invoke(Unknown Source)
	at java.lang.reflect.Method.invoke(Unknown Source)
	at flex.messaging.services.remoting.adapters.JavaAdapter.invoke(JavaAdapter.java:418)
	at flex.messaging.services.RemotingService.serviceMessage(RemotingService.java:183)
	at flex.messaging.MessageBroker.routeMessageToService(MessageBroker.java:1400)
	at flex.messaging.endpoints.AbstractEndpoint.serviceMessage(AbstractEndpoint.java:1005)
	at flex.messaging.endpoints.amf.MessageBrokerFilter.invoke(MessageBrokerFilter.java:103)
	at flex.messaging.endpoints.amf.LegacyFilter.invoke(LegacyFilter.java:158)
	at flex.messaging.endpoints.amf.SessionFilter.invoke(SessionFilter.java:44)
	at flex.messaging.endpoints.amf.BatchProcessFilter.invoke(BatchProcessFilter.java:67)
	at flex.messaging.endpoints.amf.SerializationFilter.invoke(SerializationFilter.java:166)
	at flex.messaging.endpoints.BaseHTTPEndpoint.service(BaseHTTPEndpoint.java:291)
	at flex.messaging.MessageBrokerServlet.service(MessageBrokerServlet.java:353)
	at javax.servlet.http.HttpServlet.service(HttpServlet.java:803)
	at org.apache.catalina.core.ApplicationFilterChain.internalDoFilter(ApplicationFilterChain.java:290)
	at org.apache.catalina.core.ApplicationFilterChain.doFilter(ApplicationFilterChain.java:206)
	at org.apache.catalina.core.StandardWrapperValve.invoke(StandardWrapperValve.java:233)
	at org.apache.catalina.core.StandardContextValve.invoke(StandardContextValve.java:175)
	at org.apache.catalina.core.StandardHostValve.invoke(StandardHostValve.java:128)
	at org.apache.catalina.valves.ErrorReportValve.invoke(ErrorReportValve.java:102)
	at org.apache.catalina.core.StandardEngineValve.invoke(StandardEngineValve.java:109)
	at org.apache.catalina.connector.CoyoteAdapter.service(CoyoteAdapter.java:263)
	at org.apache.coyote.http11.Http11Processor.process(Http11Processor.java:844)
	at org.apache.coyote.http11.Http11Protocol$Http11ConnectionHandler.process(Http11Protocol.java:584)
	at org.apache.tomcat.util.net.JIoEndpoint$Worker.run(JIoEndpoint.java:447)
	at java.lang.Thread.run(Unknown Source)
Nov 19, 2010 9:14:42 PM kanbanbackend.db.SQLDriver getRowId
SEVERE: null
java.sql.SQLException: ResultSet closed
	at org.sqlite.RS.checkOpen(RS.java:57)
	at org.sqlite.RS.findColumn(RS.java:103)
	at org.sqlite.RS.getInt(RS.java:232)
	at kanbanbackend.db.SQLDriver.getRowId(SQLDriver.java:230)
	at kanbanbackend.model.ProjectUsersTuple.<init>(ProjectUsersTuple.java:44)
	at kanbanbackend.services.KanbanService.addUserToProject(KanbanService.java:195)
	at kanbanbackend.services.KanbanService.createNewProject(KanbanService.java:165)
	at sun.reflect.NativeMethodAccessorImpl.invoke0(Native Method)
	at sun.reflect.NativeMethodAccessorImpl.invoke(Unknown Source)
	at sun.reflect.DelegatingMethodAccessorImpl.invoke(Unknown Source)
	at java.lang.reflect.Method.invoke(Unknown Source)
	at flex.messaging.services.remoting.adapters.JavaAdapter.invoke(JavaAdapter.java:418)
	at flex.messaging.services.RemotingService.serviceMessage(RemotingService.java:183)
	at flex.messaging.MessageBroker.routeMessageToService(MessageBroker.java:1400)
	at flex.messaging.endpoints.AbstractEndpoint.serviceMessage(AbstractEndpoint.java:1005)
	at flex.messaging.endpoints.amf.MessageBrokerFilter.invoke(MessageBrokerFilter.java:103)
	at flex.messaging.endpoints.amf.LegacyFilter.invoke(LegacyFilter.java:158)
	at flex.messaging.endpoints.amf.SessionFilter.invoke(SessionFilter.java:44)
	at flex.messaging.endpoints.amf.BatchProcessFilter.invoke(BatchProcessFilter.java:67)
	at flex.messaging.endpoints.amf.SerializationFilter.invoke(SerializationFilter.java:166)
	at flex.messaging.endpoints.BaseHTTPEndpoint.service(BaseHTTPEndpoint.java:291)
	at flex.messaging.MessageBrokerServlet.service(MessageBrokerServlet.java:353)
	at javax.servlet.http.HttpServlet.service(HttpServlet.java:803)
	at org.apache.catalina.core.ApplicationFilterChain.internalDoFilter(ApplicationFilterChain.java:290)
	at org.apache.catalina.core.ApplicationFilterChain.doFilter(ApplicationFilterChain.java:206)
	at org.apache.catalina.core.StandardWrapperValve.invoke(StandardWrapperValve.java:233)
	at org.apache.catalina.core.StandardContextValve.invoke(StandardContextValve.java:175)
	at org.apache.catalina.core.StandardHostValve.invoke(StandardHostValve.java:128)
	at org.apache.catalina.valves.ErrorReportValve.invoke(ErrorReportValve.java:102)
	at org.apache.catalina.core.StandardEngineValve.invoke(StandardEngineValve.java:109)
	at org.apache.catalina.connector.CoyoteAdapter.service(CoyoteAdapter.java:263)
	at org.apache.coyote.http11.Http11Processor.process(Http11Processor.java:844)
	at org.apache.coyote.http11.Http11Protocol$Http11ConnectionHandler.process(Http11Protocol.java:584)
	at org.apache.tomcat.util.net.JIoEndpoint$Worker.run(JIoEndpoint.java:447)
	at java.lang.Thread.run(Unknown Source)
Nov 19, 2010 9:43:02 PM kanbanbackend.db.SQLDriver getRowId
SEVERE: null
java.sql.SQLException: ResultSet closed
	at org.sqlite.RS.checkOpen(RS.java:57)
	at org.sqlite.RS.findColumn(RS.java:103)
	at org.sqlite.RS.getInt(RS.java:232)
	at kanbanbackend.db.SQLDriver.getRowId(SQLDriver.java:230)
	at kanbanbackend.model.ProjectUsersTuple.<init>(ProjectUsersTuple.java:44)
	at kanbanbackend.services.KanbanService.addUserToProject(KanbanService.java:195)
	at kanbanbackend.services.KanbanService.createNewProject(KanbanService.java:165)
	at sun.reflect.NativeMethodAccessorImpl.invoke0(Native Method)
	at sun.reflect.NativeMethodAccessorImpl.invoke(Unknown Source)
	at sun.reflect.DelegatingMethodAccessorImpl.invoke(Unknown Source)
	at java.lang.reflect.Method.invoke(Unknown Source)
	at flex.messaging.services.remoting.adapters.JavaAdapter.invoke(JavaAdapter.java:418)
	at flex.messaging.services.RemotingService.serviceMessage(RemotingService.java:183)
	at flex.messaging.MessageBroker.routeMessageToService(MessageBroker.java:1400)
	at flex.messaging.endpoints.AbstractEndpoint.serviceMessage(AbstractEndpoint.java:1005)
	at flex.messaging.endpoints.amf.MessageBrokerFilter.invoke(MessageBrokerFilter.java:103)
	at flex.messaging.endpoints.amf.LegacyFilter.invoke(LegacyFilter.java:158)
	at flex.messaging.endpoints.amf.SessionFilter.invoke(SessionFilter.java:44)
	at flex.messaging.endpoints.amf.BatchProcessFilter.invoke(BatchProcessFilter.java:67)
	at flex.messaging.endpoints.amf.SerializationFilter.invoke(SerializationFilter.java:166)
	at flex.messaging.endpoints.BaseHTTPEndpoint.service(BaseHTTPEndpoint.java:291)
	at flex.messaging.MessageBrokerServlet.service(MessageBrokerServlet.java:353)
	at javax.servlet.http.HttpServlet.service(HttpServlet.java:803)
	at org.apache.catalina.core.ApplicationFilterChain.internalDoFilter(ApplicationFilterChain.java:290)
	at org.apache.catalina.core.ApplicationFilterChain.doFilter(ApplicationFilterChain.java:206)
	at org.apache.catalina.core.StandardWrapperValve.invoke(StandardWrapperValve.java:233)
	at org.apache.catalina.core.StandardContextValve.invoke(StandardContextValve.java:175)
	at org.apache.catalina.core.StandardHostValve.invoke(StandardHostValve.java:128)
	at org.apache.catalina.valves.ErrorReportValve.invoke(ErrorReportValve.java:102)
	at org.apache.catalina.core.StandardEngineValve.invoke(StandardEngineValve.java:109)
	at org.apache.catalina.connector.CoyoteAdapter.service(CoyoteAdapter.java:263)
	at org.apache.coyote.http11.Http11Processor.process(Http11Processor.java:844)
	at org.apache.coyote.http11.Http11Protocol$Http11ConnectionHandler.process(Http11Protocol.java:584)
	at org.apache.tomcat.util.net.JIoEndpoint$Worker.run(JIoEndpoint.java:447)
	at java.lang.Thread.run(Unknown Source)
Nov 19, 2010 9:44:16 PM kanbanbackend.db.SQLDriver getRowId
SEVERE: null
java.sql.SQLException: ResultSet closed
	at org.sqlite.RS.checkOpen(RS.java:57)
	at org.sqlite.RS.findColumn(RS.java:103)
	at org.sqlite.RS.getInt(RS.java:232)
	at kanbanbackend.db.SQLDriver.getRowId(SQLDriver.java:230)
	at kanbanbackend.model.ProjectUsersTuple.<init>(ProjectUsersTuple.java:44)
	at kanbanbackend.services.KanbanService.addUserToProject(KanbanService.java:195)
	at kanbanbackend.services.KanbanService.createNewProject(KanbanService.java:165)
	at sun.reflect.NativeMethodAccessorImpl.invoke0(Native Method)
	at sun.reflect.NativeMethodAccessorImpl.invoke(Unknown Source)
	at sun.reflect.DelegatingMethodAccessorImpl.invoke(Unknown Source)
	at java.lang.reflect.Method.invoke(Unknown Source)
	at flex.messaging.services.remoting.adapters.JavaAdapter.invoke(JavaAdapter.java:418)
	at flex.messaging.services.RemotingService.serviceMessage(RemotingService.java:183)
	at flex.messaging.MessageBroker.routeMessageToService(MessageBroker.java:1400)
	at flex.messaging.endpoints.AbstractEndpoint.serviceMessage(AbstractEndpoint.java:1005)
	at flex.messaging.endpoints.amf.MessageBrokerFilter.invoke(MessageBrokerFilter.java:103)
	at flex.messaging.endpoints.amf.LegacyFilter.invoke(LegacyFilter.java:158)
	at flex.messaging.endpoints.amf.SessionFilter.invoke(SessionFilter.java:44)
	at flex.messaging.endpoints.amf.BatchProcessFilter.invoke(BatchProcessFilter.java:67)
	at flex.messaging.endpoints.amf.SerializationFilter.invoke(SerializationFilter.java:166)
	at flex.messaging.endpoints.BaseHTTPEndpoint.service(BaseHTTPEndpoint.java:291)
	at flex.messaging.MessageBrokerServlet.service(MessageBrokerServlet.java:353)
	at javax.servlet.http.HttpServlet.service(HttpServlet.java:803)
	at org.apache.catalina.core.ApplicationFilterChain.internalDoFilter(ApplicationFilterChain.java:290)
	at org.apache.catalina.core.ApplicationFilterChain.doFilter(ApplicationFilterChain.java:206)
	at org.apache.catalina.core.StandardWrapperValve.invoke(StandardWrapperValve.java:233)
	at org.apache.catalina.core.StandardContextValve.invoke(StandardContextValve.java:175)
	at org.apache.catalina.core.StandardHostValve.invoke(StandardHostValve.java:128)
	at org.apache.catalina.valves.ErrorReportValve.invoke(ErrorReportValve.java:102)
	at org.apache.catalina.core.StandardEngineValve.invoke(StandardEngineValve.java:109)
	at org.apache.catalina.connector.CoyoteAdapter.service(CoyoteAdapter.java:263)
	at org.apache.coyote.http11.Http11Processor.process(Http11Processor.java:844)
	at org.apache.coyote.http11.Http11Protocol$Http11ConnectionHandler.process(Http11Protocol.java:584)
	at org.apache.tomcat.util.net.JIoEndpoint$Worker.run(JIoEndpoint.java:447)
	at java.lang.Thread.run(Unknown Source)
Nov 19, 2010 9:47:50 PM kanbanbackend.db.SQLDriver getRowId
SEVERE: null
java.sql.SQLException: ResultSet closed
	at org.sqlite.RS.checkOpen(RS.java:57)
	at org.sqlite.RS.findColumn(RS.java:103)
	at org.sqlite.RS.getInt(RS.java:232)
	at kanbanbackend.db.SQLDriver.getRowId(SQLDriver.java:230)
	at kanbanbackend.model.ProjectUsersTuple.<init>(ProjectUsersTuple.java:44)
	at kanbanbackend.services.KanbanService.addUserToProject(KanbanService.java:195)
	at kanbanbackend.services.KanbanService.createNewProject(KanbanService.java:165)
	at sun.reflect.NativeMethodAccessorImpl.invoke0(Native Method)
	at sun.reflect.NativeMethodAccessorImpl.invoke(Unknown Source)
	at sun.reflect.DelegatingMethodAccessorImpl.invoke(Unknown Source)
	at java.lang.reflect.Method.invoke(Unknown Source)
	at flex.messaging.services.remoting.adapters.JavaAdapter.invoke(JavaAdapter.java:418)
	at flex.messaging.services.RemotingService.serviceMessage(RemotingService.java:183)
	at flex.messaging.MessageBroker.routeMessageToService(MessageBroker.java:1400)
	at flex.messaging.endpoints.AbstractEndpoint.serviceMessage(AbstractEndpoint.java:1005)
	at flex.messaging.endpoints.amf.MessageBrokerFilter.invoke(MessageBrokerFilter.java:103)
	at flex.messaging.endpoints.amf.LegacyFilter.invoke(LegacyFilter.java:158)
	at flex.messaging.endpoints.amf.SessionFilter.invoke(SessionFilter.java:44)
	at flex.messaging.endpoints.amf.BatchProcessFilter.invoke(BatchProcessFilter.java:67)
	at flex.messaging.endpoints.amf.SerializationFilter.invoke(SerializationFilter.java:166)
	at flex.messaging.endpoints.BaseHTTPEndpoint.service(BaseHTTPEndpoint.java:291)
	at flex.messaging.MessageBrokerServlet.service(MessageBrokerServlet.java:353)
	at javax.servlet.http.HttpServlet.service(HttpServlet.java:803)
	at org.apache.catalina.core.ApplicationFilterChain.internalDoFilter(ApplicationFilterChain.java:290)
	at org.apache.catalina.core.ApplicationFilterChain.doFilter(ApplicationFilterChain.java:206)
	at org.apache.catalina.core.StandardWrapperValve.invoke(StandardWrapperValve.java:233)
	at org.apache.catalina.core.StandardContextValve.invoke(StandardContextValve.java:175)
	at org.apache.catalina.core.StandardHostValve.invoke(StandardHostValve.java:128)
	at org.apache.catalina.valves.ErrorReportValve.invoke(ErrorReportValve.java:102)
	at org.apache.catalina.core.StandardEngineValve.invoke(StandardEngineValve.java:109)
	at org.apache.catalina.connector.CoyoteAdapter.service(CoyoteAdapter.java:263)
	at org.apache.coyote.http11.Http11Processor.process(Http11Processor.java:844)
	at org.apache.coyote.http11.Http11Protocol$Http11ConnectionHandler.process(Http11Protocol.java:584)
	at org.apache.tomcat.util.net.JIoEndpoint$Worker.run(JIoEndpoint.java:447)
	at java.lang.Thread.run(Unknown Source)
Nov 19, 2010 9:49:07 PM kanbanbackend.db.SQLDriver getRowId
SEVERE: null
java.sql.SQLException: ResultSet closed
	at org.sqlite.RS.checkOpen(RS.java:57)
	at org.sqlite.RS.findColumn(RS.java:103)
	at org.sqlite.RS.getInt(RS.java:232)
	at kanbanbackend.db.SQLDriver.getRowId(SQLDriver.java:230)
	at kanbanbackend.model.ProjectUsersTuple.<init>(ProjectUsersTuple.java:44)
	at kanbanbackend.services.KanbanService.addUserToProject(KanbanService.java:195)
	at kanbanbackend.services.KanbanService.createNewProject(KanbanService.java:165)
	at sun.reflect.NativeMethodAccessorImpl.invoke0(Native Method)
	at sun.reflect.NativeMethodAccessorImpl.invoke(Unknown Source)
	at sun.reflect.DelegatingMethodAccessorImpl.invoke(Unknown Source)
	at java.lang.reflect.Method.invoke(Unknown Source)
	at flex.messaging.services.remoting.adapters.JavaAdapter.invoke(JavaAdapter.java:418)
	at flex.messaging.services.RemotingService.serviceMessage(RemotingService.java:183)
	at flex.messaging.MessageBroker.routeMessageToService(MessageBroker.java:1400)
	at flex.messaging.endpoints.AbstractEndpoint.serviceMessage(AbstractEndpoint.java:1005)
	at flex.messaging.endpoints.amf.MessageBrokerFilter.invoke(MessageBrokerFilter.java:103)
	at flex.messaging.endpoints.amf.LegacyFilter.invoke(LegacyFilter.java:158)
	at flex.messaging.endpoints.amf.SessionFilter.invoke(SessionFilter.java:44)
	at flex.messaging.endpoints.amf.BatchProcessFilter.invoke(BatchProcessFilter.java:67)
	at flex.messaging.endpoints.amf.SerializationFilter.invoke(SerializationFilter.java:166)
	at flex.messaging.endpoints.BaseHTTPEndpoint.service(BaseHTTPEndpoint.java:291)
	at flex.messaging.MessageBrokerServlet.service(MessageBrokerServlet.java:353)
	at javax.servlet.http.HttpServlet.service(HttpServlet.java:803)
	at org.apache.catalina.core.ApplicationFilterChain.internalDoFilter(ApplicationFilterChain.java:290)
	at org.apache.catalina.core.ApplicationFilterChain.doFilter(ApplicationFilterChain.java:206)
	at org.apache.catalina.core.StandardWrapperValve.invoke(StandardWrapperValve.java:233)
	at org.apache.catalina.core.StandardContextValve.invoke(StandardContextValve.java:175)
	at org.apache.catalina.core.StandardHostValve.invoke(StandardHostValve.java:128)
	at org.apache.catalina.valves.ErrorReportValve.invoke(ErrorReportValve.java:102)
	at org.apache.catalina.core.StandardEngineValve.invoke(StandardEngineValve.java:109)
	at org.apache.catalina.connector.CoyoteAdapter.service(CoyoteAdapter.java:263)
	at org.apache.coyote.http11.Http11Processor.process(Http11Processor.java:844)
	at org.apache.coyote.http11.Http11Protocol$Http11ConnectionHandler.process(Http11Protocol.java:584)
	at org.apache.tomcat.util.net.JIoEndpoint$Worker.run(JIoEndpoint.java:447)
	at java.lang.Thread.run(Unknown Source)
Nov 19, 2010 9:54:16 PM kanbanbackend.db.SQLDriver getRowId
SEVERE: null
java.sql.SQLException: ResultSet closed
	at org.sqlite.RS.checkOpen(RS.java:57)
	at org.sqlite.RS.findColumn(RS.java:103)
	at org.sqlite.RS.getInt(RS.java:232)
	at kanbanbackend.db.SQLDriver.getRowId(SQLDriver.java:230)
	at kanbanbackend.model.ProjectUsersTuple.<init>(ProjectUsersTuple.java:44)
	at kanbanbackend.services.KanbanService.addUserToProject(KanbanService.java:195)
	at kanbanbackend.services.KanbanService.createNewProject(KanbanService.java:165)
	at sun.reflect.NativeMethodAccessorImpl.invoke0(Native Method)
	at sun.reflect.NativeMethodAccessorImpl.invoke(Unknown Source)
	at sun.reflect.DelegatingMethodAccessorImpl.invoke(Unknown Source)
	at java.lang.reflect.Method.invoke(Unknown Source)
	at flex.messaging.services.remoting.adapters.JavaAdapter.invoke(JavaAdapter.java:418)
	at flex.messaging.services.RemotingService.serviceMessage(RemotingService.java:183)
	at flex.messaging.MessageBroker.routeMessageToService(MessageBroker.java:1400)
	at flex.messaging.endpoints.AbstractEndpoint.serviceMessage(AbstractEndpoint.java:1005)
	at flex.messaging.endpoints.amf.MessageBrokerFilter.invoke(MessageBrokerFilter.java:103)
	at flex.messaging.endpoints.amf.LegacyFilter.invoke(LegacyFilter.java:158)
	at flex.messaging.endpoints.amf.SessionFilter.invoke(SessionFilter.java:44)
	at flex.messaging.endpoints.amf.BatchProcessFilter.invoke(BatchProcessFilter.java:67)
	at flex.messaging.endpoints.amf.SerializationFilter.invoke(SerializationFilter.java:166)
	at flex.messaging.endpoints.BaseHTTPEndpoint.service(BaseHTTPEndpoint.java:291)
	at flex.messaging.MessageBrokerServlet.service(MessageBrokerServlet.java:353)
	at javax.servlet.http.HttpServlet.service(HttpServlet.java:803)
	at org.apache.catalina.core.ApplicationFilterChain.internalDoFilter(ApplicationFilterChain.java:290)
	at org.apache.catalina.core.ApplicationFilterChain.doFilter(ApplicationFilterChain.java:206)
	at org.apache.catalina.core.StandardWrapperValve.invoke(StandardWrapperValve.java:233)
	at org.apache.catalina.core.StandardContextValve.invoke(StandardContextValve.java:175)
	at org.apache.catalina.core.StandardHostValve.invoke(StandardHostValve.java:128)
	at org.apache.catalina.valves.ErrorReportValve.invoke(ErrorReportValve.java:102)
	at org.apache.catalina.core.StandardEngineValve.invoke(StandardEngineValve.java:109)
	at org.apache.catalina.connector.CoyoteAdapter.service(CoyoteAdapter.java:263)
	at org.apache.coyote.http11.Http11Processor.process(Http11Processor.java:844)
	at org.apache.coyote.http11.Http11Protocol$Http11ConnectionHandler.process(Http11Protocol.java:584)
	at org.apache.tomcat.util.net.JIoEndpoint$Worker.run(JIoEndpoint.java:447)
	at java.lang.Thread.run(Unknown Source)
Nov 19, 2010 9:56:40 PM kanbanbackend.db.SQLDriver getRowId
SEVERE: null
java.sql.SQLException: ResultSet closed
	at org.sqlite.RS.checkOpen(RS.java:57)
	at org.sqlite.RS.findColumn(RS.java:103)
	at org.sqlite.RS.getInt(RS.java:232)
	at kanbanbackend.db.SQLDriver.getRowId(SQLDriver.java:230)
	at kanbanbackend.model.ProjectUsersTuple.<init>(ProjectUsersTuple.java:44)
	at kanbanbackend.services.KanbanService.addUserToProject(KanbanService.java:195)
	at kanbanbackend.services.KanbanService.createNewProject(KanbanService.java:165)
	at sun.reflect.NativeMethodAccessorImpl.invoke0(Native Method)
	at sun.reflect.NativeMethodAccessorImpl.invoke(Unknown Source)
	at sun.reflect.DelegatingMethodAccessorImpl.invoke(Unknown Source)
	at java.lang.reflect.Method.invoke(Unknown Source)
	at flex.messaging.services.remoting.adapters.JavaAdapter.invoke(JavaAdapter.java:418)
	at flex.messaging.services.RemotingService.serviceMessage(RemotingService.java:183)
	at flex.messaging.MessageBroker.routeMessageToService(MessageBroker.java:1400)
	at flex.messaging.endpoints.AbstractEndpoint.serviceMessage(AbstractEndpoint.java:1005)
	at flex.messaging.endpoints.amf.MessageBrokerFilter.invoke(MessageBrokerFilter.java:103)
	at flex.messaging.endpoints.amf.LegacyFilter.invoke(LegacyFilter.java:158)
	at flex.messaging.endpoints.amf.SessionFilter.invoke(SessionFilter.java:44)
	at flex.messaging.endpoints.amf.BatchProcessFilter.invoke(BatchProcessFilter.java:67)
	at flex.messaging.endpoints.amf.SerializationFilter.invoke(SerializationFilter.java:166)
	at flex.messaging.endpoints.BaseHTTPEndpoint.service(BaseHTTPEndpoint.java:291)
	at flex.messaging.MessageBrokerServlet.service(MessageBrokerServlet.java:353)
	at javax.servlet.http.HttpServlet.service(HttpServlet.java:803)
	at org.apache.catalina.core.ApplicationFilterChain.internalDoFilter(ApplicationFilterChain.java:290)
	at org.apache.catalina.core.ApplicationFilterChain.doFilter(ApplicationFilterChain.java:206)
	at org.apache.catalina.core.StandardWrapperValve.invoke(StandardWrapperValve.java:233)
	at org.apache.catalina.core.StandardContextValve.invoke(StandardContextValve.java:175)
	at org.apache.catalina.core.StandardHostValve.invoke(StandardHostValve.java:128)
	at org.apache.catalina.valves.ErrorReportValve.invoke(ErrorReportValve.java:102)
	at org.apache.catalina.core.StandardEngineValve.invoke(StandardEngineValve.java:109)
	at org.apache.catalina.connector.CoyoteAdapter.service(CoyoteAdapter.java:263)
	at org.apache.coyote.http11.Http11Processor.process(Http11Processor.java:844)
	at org.apache.coyote.http11.Http11Protocol$Http11ConnectionHandler.process(Http11Protocol.java:584)
	at org.apache.tomcat.util.net.JIoEndpoint$Worker.run(JIoEndpoint.java:447)
	at java.lang.Thread.run(Unknown Source)
Nov 19, 2010 10:00:22 PM kanbanbackend.db.SQLDriver getRowId
SEVERE: null
java.sql.SQLException: ResultSet closed
	at org.sqlite.RS.checkOpen(RS.java:57)
	at org.sqlite.RS.findColumn(RS.java:103)
	at org.sqlite.RS.getInt(RS.java:232)
	at kanbanbackend.db.SQLDriver.getRowId(SQLDriver.java:230)
	at kanbanbackend.model.ProjectUsersTuple.<init>(ProjectUsersTuple.java:44)
	at kanbanbackend.services.KanbanService.addUserToProject(KanbanService.java:195)
	at kanbanbackend.services.KanbanService.createNewProject(KanbanService.java:165)
	at sun.reflect.NativeMethodAccessorImpl.invoke0(Native Method)
	at sun.reflect.NativeMethodAccessorImpl.invoke(Unknown Source)
	at sun.reflect.DelegatingMethodAccessorImpl.invoke(Unknown Source)
	at java.lang.reflect.Method.invoke(Unknown Source)
	at flex.messaging.services.remoting.adapters.JavaAdapter.invoke(JavaAdapter.java:418)
	at flex.messaging.services.RemotingService.serviceMessage(RemotingService.java:183)
	at flex.messaging.MessageBroker.routeMessageToService(MessageBroker.java:1400)
	at flex.messaging.endpoints.AbstractEndpoint.serviceMessage(AbstractEndpoint.java:1005)
	at flex.messaging.endpoints.amf.MessageBrokerFilter.invoke(MessageBrokerFilter.java:103)
	at flex.messaging.endpoints.amf.LegacyFilter.invoke(LegacyFilter.java:158)
	at flex.messaging.endpoints.amf.SessionFilter.invoke(SessionFilter.java:44)
	at flex.messaging.endpoints.amf.BatchProcessFilter.invoke(BatchProcessFilter.java:67)
	at flex.messaging.endpoints.amf.SerializationFilter.invoke(SerializationFilter.java:166)
	at flex.messaging.endpoints.BaseHTTPEndpoint.service(BaseHTTPEndpoint.java:291)
	at flex.messaging.MessageBrokerServlet.service(MessageBrokerServlet.java:353)
	at javax.servlet.http.HttpServlet.service(HttpServlet.java:803)
	at org.apache.catalina.core.ApplicationFilterChain.internalDoFilter(ApplicationFilterChain.java:290)
	at org.apache.catalina.core.ApplicationFilterChain.doFilter(ApplicationFilterChain.java:206)
	at org.apache.catalina.core.StandardWrapperValve.invoke(StandardWrapperValve.java:233)
	at org.apache.catalina.core.StandardContextValve.invoke(StandardContextValve.java:175)
	at org.apache.catalina.core.StandardHostValve.invoke(StandardHostValve.java:128)
	at org.apache.catalina.valves.ErrorReportValve.invoke(ErrorReportValve.java:102)
	at org.apache.catalina.core.StandardEngineValve.invoke(StandardEngineValve.java:109)
	at org.apache.catalina.connector.CoyoteAdapter.service(CoyoteAdapter.java:263)
	at org.apache.coyote.http11.Http11Processor.process(Http11Processor.java:844)
	at org.apache.coyote.http11.Http11Protocol$Http11ConnectionHandler.process(Http11Protocol.java:584)
	at org.apache.tomcat.util.net.JIoEndpoint$Worker.run(JIoEndpoint.java:447)
	at java.lang.Thread.run(Unknown Source)
Nov 19, 2010 10:03:06 PM kanbanbackend.db.SQLDriver getRowId
SEVERE: null
java.sql.SQLException: ResultSet closed
	at org.sqlite.RS.checkOpen(RS.java:57)
	at org.sqlite.RS.findColumn(RS.java:103)
	at org.sqlite.RS.getInt(RS.java:232)
	at kanbanbackend.db.SQLDriver.getRowId(SQLDriver.java:230)
	at kanbanbackend.model.ProjectUsersTuple.<init>(ProjectUsersTuple.java:44)
	at kanbanbackend.services.KanbanService.addUserToProject(KanbanService.java:195)
	at kanbanbackend.services.KanbanService.createNewProject(KanbanService.java:165)
	at sun.reflect.GeneratedMethodAccessor68.invoke(Unknown Source)
	at sun.reflect.DelegatingMethodAccessorImpl.invoke(Unknown Source)
	at java.lang.reflect.Method.invoke(Unknown Source)
	at flex.messaging.services.remoting.adapters.JavaAdapter.invoke(JavaAdapter.java:418)
	at flex.messaging.services.RemotingService.serviceMessage(RemotingService.java:183)
	at flex.messaging.MessageBroker.routeMessageToService(MessageBroker.java:1400)
	at flex.messaging.endpoints.AbstractEndpoint.serviceMessage(AbstractEndpoint.java:1005)
	at flex.messaging.endpoints.amf.MessageBrokerFilter.invoke(MessageBrokerFilter.java:103)
	at flex.messaging.endpoints.amf.LegacyFilter.invoke(LegacyFilter.java:158)
	at flex.messaging.endpoints.amf.SessionFilter.invoke(SessionFilter.java:44)
	at flex.messaging.endpoints.amf.BatchProcessFilter.invoke(BatchProcessFilter.java:67)
	at flex.messaging.endpoints.amf.SerializationFilter.invoke(SerializationFilter.java:166)
	at flex.messaging.endpoints.BaseHTTPEndpoint.service(BaseHTTPEndpoint.java:291)
	at flex.messaging.MessageBrokerServlet.service(MessageBrokerServlet.java:353)
	at javax.servlet.http.HttpServlet.service(HttpServlet.java:803)
	at org.apache.catalina.core.ApplicationFilterChain.internalDoFilter(ApplicationFilterChain.java:290)
	at org.apache.catalina.core.ApplicationFilterChain.doFilter(ApplicationFilterChain.java:206)
	at org.apache.catalina.core.StandardWrapperValve.invoke(StandardWrapperValve.java:233)
	at org.apache.catalina.core.StandardContextValve.invoke(StandardContextValve.java:175)
	at org.apache.catalina.core.StandardHostValve.invoke(StandardHostValve.java:128)
	at org.apache.catalina.valves.ErrorReportValve.invoke(ErrorReportValve.java:102)
	at org.apache.catalina.core.StandardEngineValve.invoke(StandardEngineValve.java:109)
	at org.apache.catalina.connector.CoyoteAdapter.service(CoyoteAdapter.java:263)
	at org.apache.coyote.http11.Http11Processor.process(Http11Processor.java:844)
	at org.apache.coyote.http11.Http11Protocol$Http11ConnectionHandler.process(Http11Protocol.java:584)
	at org.apache.tomcat.util.net.JIoEndpoint$Worker.run(JIoEndpoint.java:447)
	at java.lang.Thread.run(Unknown Source)
Nov 19, 2010 10:04:50 PM kanbanbackend.db.SQLDriver getRowId
SEVERE: null
java.sql.SQLException: ResultSet closed
	at org.sqlite.RS.checkOpen(RS.java:57)
	at org.sqlite.RS.findColumn(RS.java:103)
	at org.sqlite.RS.getInt(RS.java:232)
	at kanbanbackend.db.SQLDriver.getRowId(SQLDriver.java:230)
	at kanbanbackend.model.ProjectUsersTuple.<init>(ProjectUsersTuple.java:44)
	at kanbanbackend.services.KanbanService.addUserToProject(KanbanService.java:195)
	at kanbanbackend.services.KanbanService.createNewProject(KanbanService.java:165)
	at sun.reflect.GeneratedMethodAccessor68.invoke(Unknown Source)
	at sun.reflect.DelegatingMethodAccessorImpl.invoke(Unknown Source)
	at java.lang.reflect.Method.invoke(Unknown Source)
	at flex.messaging.services.remoting.adapters.JavaAdapter.invoke(JavaAdapter.java:418)
	at flex.messaging.services.RemotingService.serviceMessage(RemotingService.java:183)
	at flex.messaging.MessageBroker.routeMessageToService(MessageBroker.java:1400)
	at flex.messaging.endpoints.AbstractEndpoint.serviceMessage(AbstractEndpoint.java:1005)
	at flex.messaging.endpoints.amf.MessageBrokerFilter.invoke(MessageBrokerFilter.java:103)
	at flex.messaging.endpoints.amf.LegacyFilter.invoke(LegacyFilter.java:158)
	at flex.messaging.endpoints.amf.SessionFilter.invoke(SessionFilter.java:44)
	at flex.messaging.endpoints.amf.BatchProcessFilter.invoke(BatchProcessFilter.java:67)
	at flex.messaging.endpoints.amf.SerializationFilter.invoke(SerializationFilter.java:166)
	at flex.messaging.endpoints.BaseHTTPEndpoint.service(BaseHTTPEndpoint.java:291)
	at flex.messaging.MessageBrokerServlet.service(MessageBrokerServlet.java:353)
	at javax.servlet.http.HttpServlet.service(HttpServlet.java:803)
	at org.apache.catalina.core.ApplicationFilterChain.internalDoFilter(ApplicationFilterChain.java:290)
	at org.apache.catalina.core.ApplicationFilterChain.doFilter(ApplicationFilterChain.java:206)
	at org.apache.catalina.core.StandardWrapperValve.invoke(StandardWrapperValve.java:233)
	at org.apache.catalina.core.StandardContextValve.invoke(StandardContextValve.java:175)
	at org.apache.catalina.core.StandardHostValve.invoke(StandardHostValve.java:128)
	at org.apache.catalina.valves.ErrorReportValve.invoke(ErrorReportValve.java:102)
	at org.apache.catalina.core.StandardEngineValve.invoke(StandardEngineValve.java:109)
	at org.apache.catalina.connector.CoyoteAdapter.service(CoyoteAdapter.java:263)
	at org.apache.coyote.http11.Http11Processor.process(Http11Processor.java:844)
	at org.apache.coyote.http11.Http11Protocol$Http11ConnectionHandler.process(Http11Protocol.java:584)
	at org.apache.tomcat.util.net.JIoEndpoint$Worker.run(JIoEndpoint.java:447)
	at java.lang.Thread.run(Unknown Source)
Nov 19, 2010 10:08:04 PM kanbanbackend.db.SQLDriver getRowId
SEVERE: null
java.sql.SQLException: ResultSet closed
	at org.sqlite.RS.checkOpen(RS.java:57)
	at org.sqlite.RS.findColumn(RS.java:103)
	at org.sqlite.RS.getInt(RS.java:232)
	at kanbanbackend.db.SQLDriver.getRowId(SQLDriver.java:230)
	at kanbanbackend.model.ProjectUsersTuple.<init>(ProjectUsersTuple.java:44)
	at kanbanbackend.services.KanbanService.addUserToProject(KanbanService.java:195)
	at kanbanbackend.services.KanbanService.createNewProject(KanbanService.java:165)
	at sun.reflect.GeneratedMethodAccessor68.invoke(Unknown Source)
	at sun.reflect.DelegatingMethodAccessorImpl.invoke(Unknown Source)
	at java.lang.reflect.Method.invoke(Unknown Source)
	at flex.messaging.services.remoting.adapters.JavaAdapter.invoke(JavaAdapter.java:418)
	at flex.messaging.services.RemotingService.serviceMessage(RemotingService.java:183)
	at flex.messaging.MessageBroker.routeMessageToService(MessageBroker.java:1400)
	at flex.messaging.endpoints.AbstractEndpoint.serviceMessage(AbstractEndpoint.java:1005)
	at flex.messaging.endpoints.amf.MessageBrokerFilter.invoke(MessageBrokerFilter.java:103)
	at flex.messaging.endpoints.amf.LegacyFilter.invoke(LegacyFilter.java:158)
	at flex.messaging.endpoints.amf.SessionFilter.invoke(SessionFilter.java:44)
	at flex.messaging.endpoints.amf.BatchProcessFilter.invoke(BatchProcessFilter.java:67)
	at flex.messaging.endpoints.amf.SerializationFilter.invoke(SerializationFilter.java:166)
	at flex.messaging.endpoints.BaseHTTPEndpoint.service(BaseHTTPEndpoint.java:291)
	at flex.messaging.MessageBrokerServlet.service(MessageBrokerServlet.java:353)
	at javax.servlet.http.HttpServlet.service(HttpServlet.java:803)
	at org.apache.catalina.core.ApplicationFilterChain.internalDoFilter(ApplicationFilterChain.java:290)
	at org.apache.catalina.core.ApplicationFilterChain.doFilter(ApplicationFilterChain.java:206)
	at org.apache.catalina.core.StandardWrapperValve.invoke(StandardWrapperValve.java:233)
	at org.apache.catalina.core.StandardContextValve.invoke(StandardContextValve.java:175)
	at org.apache.catalina.core.StandardHostValve.invoke(StandardHostValve.java:128)
	at org.apache.catalina.valves.ErrorReportValve.invoke(ErrorReportValve.java:102)
	at org.apache.catalina.core.StandardEngineValve.invoke(StandardEngineValve.java:109)
	at org.apache.catalina.connector.CoyoteAdapter.service(CoyoteAdapter.java:263)
	at org.apache.coyote.http11.Http11Processor.process(Http11Processor.java:844)
	at org.apache.coyote.http11.Http11Protocol$Http11ConnectionHandler.process(Http11Protocol.java:584)
	at org.apache.tomcat.util.net.JIoEndpoint$Worker.run(JIoEndpoint.java:447)
	at java.lang.Thread.run(Unknown Source)
Nov 19, 2010 10:13:34 PM kanbanbackend.db.SQLDriver getRowId
SEVERE: null
java.sql.SQLException: ResultSet closed
	at org.sqlite.RS.checkOpen(RS.java:57)
	at org.sqlite.RS.findColumn(RS.java:103)
	at org.sqlite.RS.getInt(RS.java:232)
	at kanbanbackend.db.SQLDriver.getRowId(SQLDriver.java:230)
	at kanbanbackend.model.ProjectUsersTuple.<init>(ProjectUsersTuple.java:44)
	at kanbanbackend.services.KanbanService.addUserToProject(KanbanService.java:195)
	at kanbanbackend.services.KanbanService.createNewProject(KanbanService.java:165)
	at sun.reflect.GeneratedMethodAccessor68.invoke(Unknown Source)
	at sun.reflect.DelegatingMethodAccessorImpl.invoke(Unknown Source)
	at java.lang.reflect.Method.invoke(Unknown Source)
	at flex.messaging.services.remoting.adapters.JavaAdapter.invoke(JavaAdapter.java:418)
	at flex.messaging.services.RemotingService.serviceMessage(RemotingService.java:183)
	at flex.messaging.MessageBroker.routeMessageToService(MessageBroker.java:1400)
	at flex.messaging.endpoints.AbstractEndpoint.serviceMessage(AbstractEndpoint.java:1005)
	at flex.messaging.endpoints.amf.MessageBrokerFilter.invoke(MessageBrokerFilter.java:103)
	at flex.messaging.endpoints.amf.LegacyFilter.invoke(LegacyFilter.java:158)
	at flex.messaging.endpoints.amf.SessionFilter.invoke(SessionFilter.java:44)
	at flex.messaging.endpoints.amf.BatchProcessFilter.invoke(BatchProcessFilter.java:67)
	at flex.messaging.endpoints.amf.SerializationFilter.invoke(SerializationFilter.java:166)
	at flex.messaging.endpoints.BaseHTTPEndpoint.service(BaseHTTPEndpoint.java:291)
	at flex.messaging.MessageBrokerServlet.service(MessageBrokerServlet.java:353)
	at javax.servlet.http.HttpServlet.service(HttpServlet.java:803)
	at org.apache.catalina.core.ApplicationFilterChain.internalDoFilter(ApplicationFilterChain.java:290)
	at org.apache.catalina.core.ApplicationFilterChain.doFilter(ApplicationFilterChain.java:206)
	at org.apache.catalina.core.StandardWrapperValve.invoke(StandardWrapperValve.java:233)
	at org.apache.catalina.core.StandardContextValve.invoke(StandardContextValve.java:175)
	at org.apache.catalina.core.StandardHostValve.invoke(StandardHostValve.java:128)
	at org.apache.catalina.valves.ErrorReportValve.invoke(ErrorReportValve.java:102)
	at org.apache.catalina.core.StandardEngineValve.invoke(StandardEngineValve.java:109)
	at org.apache.catalina.connector.CoyoteAdapter.service(CoyoteAdapter.java:263)
	at org.apache.coyote.http11.Http11Processor.process(Http11Processor.java:844)
	at org.apache.coyote.http11.Http11Protocol$Http11ConnectionHandler.process(Http11Protocol.java:584)
	at org.apache.tomcat.util.net.JIoEndpoint$Worker.run(JIoEndpoint.java:447)
	at java.lang.Thread.run(Unknown Source)
Nov 19, 2010 10:21:47 PM kanbanbackend.db.SQLDriver getRowId
SEVERE: null
java.sql.SQLException: ResultSet closed
	at org.sqlite.RS.checkOpen(RS.java:57)
	at org.sqlite.RS.findColumn(RS.java:103)
	at org.sqlite.RS.getInt(RS.java:232)
	at kanbanbackend.db.SQLDriver.getRowId(SQLDriver.java:230)
	at kanbanbackend.model.ProjectUsersTuple.<init>(ProjectUsersTuple.java:44)
	at kanbanbackend.services.KanbanService.addUserToProject(KanbanService.java:195)
	at kanbanbackend.services.KanbanService.createNewProject(KanbanService.java:165)
	at sun.reflect.GeneratedMethodAccessor68.invoke(Unknown Source)
	at sun.reflect.DelegatingMethodAccessorImpl.invoke(Unknown Source)
	at java.lang.reflect.Method.invoke(Unknown Source)
	at flex.messaging.services.remoting.adapters.JavaAdapter.invoke(JavaAdapter.java:418)
	at flex.messaging.services.RemotingService.serviceMessage(RemotingService.java:183)
	at flex.messaging.MessageBroker.routeMessageToService(MessageBroker.java:1400)
	at flex.messaging.endpoints.AbstractEndpoint.serviceMessage(AbstractEndpoint.java:1005)
	at flex.messaging.endpoints.amf.MessageBrokerFilter.invoke(MessageBrokerFilter.java:103)
	at flex.messaging.endpoints.amf.LegacyFilter.invoke(LegacyFilter.java:158)
	at flex.messaging.endpoints.amf.SessionFilter.invoke(SessionFilter.java:44)
	at flex.messaging.endpoints.amf.BatchProcessFilter.invoke(BatchProcessFilter.java:67)
	at flex.messaging.endpoints.amf.SerializationFilter.invoke(SerializationFilter.java:166)
	at flex.messaging.endpoints.BaseHTTPEndpoint.service(BaseHTTPEndpoint.java:291)
	at flex.messaging.MessageBrokerServlet.service(MessageBrokerServlet.java:353)
	at javax.servlet.http.HttpServlet.service(HttpServlet.java:803)
	at org.apache.catalina.core.ApplicationFilterChain.internalDoFilter(ApplicationFilterChain.java:290)
	at org.apache.catalina.core.ApplicationFilterChain.doFilter(ApplicationFilterChain.java:206)
	at org.apache.catalina.core.StandardWrapperValve.invoke(StandardWrapperValve.java:233)
	at org.apache.catalina.core.StandardContextValve.invoke(StandardContextValve.java:175)
	at org.apache.catalina.core.StandardHostValve.invoke(StandardHostValve.java:128)
	at org.apache.catalina.valves.ErrorReportValve.invoke(ErrorReportValve.java:102)
	at org.apache.catalina.core.StandardEngineValve.invoke(StandardEngineValve.java:109)
	at org.apache.catalina.connector.CoyoteAdapter.service(CoyoteAdapter.java:263)
	at org.apache.coyote.http11.Http11Processor.process(Http11Processor.java:844)
	at org.apache.coyote.http11.Http11Protocol$Http11ConnectionHandler.process(Http11Protocol.java:584)
	at org.apache.tomcat.util.net.JIoEndpoint$Worker.run(JIoEndpoint.java:447)
	at java.lang.Thread.run(Unknown Source)
Nov 19, 2010 10:51:01 PM kanbanbackend.db.SQLDriver getRowId
SEVERE: null
java.sql.SQLException: ResultSet closed
	at org.sqlite.RS.checkOpen(RS.java:57)
	at org.sqlite.RS.findColumn(RS.java:103)
	at org.sqlite.RS.getInt(RS.java:232)
	at kanbanbackend.db.SQLDriver.getRowId(SQLDriver.java:230)
	at kanbanbackend.model.ProjectUsersTuple.<init>(ProjectUsersTuple.java:44)
	at kanbanbackend.services.KanbanService.addUserToProject(KanbanService.java:195)
	at kanbanbackend.services.KanbanService.createNewProject(KanbanService.java:165)
	at sun.reflect.GeneratedMethodAccessor68.invoke(Unknown Source)
	at sun.reflect.DelegatingMethodAccessorImpl.invoke(Unknown Source)
	at java.lang.reflect.Method.invoke(Unknown Source)
	at flex.messaging.services.remoting.adapters.JavaAdapter.invoke(JavaAdapter.java:418)
	at flex.messaging.services.RemotingService.serviceMessage(RemotingService.java:183)
	at flex.messaging.MessageBroker.routeMessageToService(MessageBroker.java:1400)
	at flex.messaging.endpoints.AbstractEndpoint.serviceMessage(AbstractEndpoint.java:1005)
	at flex.messaging.endpoints.amf.MessageBrokerFilter.invoke(MessageBrokerFilter.java:103)
	at flex.messaging.endpoints.amf.LegacyFilter.invoke(LegacyFilter.java:158)
	at flex.messaging.endpoints.amf.SessionFilter.invoke(SessionFilter.java:44)
	at flex.messaging.endpoints.amf.BatchProcessFilter.invoke(BatchProcessFilter.java:67)
	at flex.messaging.endpoints.amf.SerializationFilter.invoke(SerializationFilter.java:166)
	at flex.messaging.endpoints.BaseHTTPEndpoint.service(BaseHTTPEndpoint.java:291)
	at flex.messaging.MessageBrokerServlet.service(MessageBrokerServlet.java:353)
	at javax.servlet.http.HttpServlet.service(HttpServlet.java:803)
	at org.apache.catalina.core.ApplicationFilterChain.internalDoFilter(ApplicationFilterChain.java:290)
	at org.apache.catalina.core.ApplicationFilterChain.doFilter(ApplicationFilterChain.java:206)
	at org.apache.catalina.core.StandardWrapperValve.invoke(StandardWrapperValve.java:233)
	at org.apache.catalina.core.StandardContextValve.invoke(StandardContextValve.java:175)
	at org.apache.catalina.core.StandardHostValve.invoke(StandardHostValve.java:128)
	at org.apache.catalina.valves.ErrorReportValve.invoke(ErrorReportValve.java:102)
	at org.apache.catalina.core.StandardEngineValve.invoke(StandardEngineValve.java:109)
	at org.apache.catalina.connector.CoyoteAdapter.service(CoyoteAdapter.java:263)
	at org.apache.coyote.http11.Http11Processor.process(Http11Processor.java:844)
	at org.apache.coyote.http11.Http11Protocol$Http11ConnectionHandler.process(Http11Protocol.java:584)
	at org.apache.tomcat.util.net.JIoEndpoint$Worker.run(JIoEndpoint.java:447)
	at java.lang.Thread.run(Unknown Source)
Nov 19, 2010 10:55:15 PM kanbanbackend.db.SQLDriver getRowId
SEVERE: null
java.sql.SQLException: ResultSet closed
	at org.sqlite.RS.checkOpen(RS.java:57)
	at org.sqlite.RS.findColumn(RS.java:103)
	at org.sqlite.RS.getInt(RS.java:232)
	at kanbanbackend.db.SQLDriver.getRowId(SQLDriver.java:230)
	at kanbanbackend.model.ProjectUsersTuple.<init>(ProjectUsersTuple.java:44)
	at kanbanbackend.services.KanbanService.addUserToProject(KanbanService.java:195)
	at kanbanbackend.services.KanbanService.createNewProject(KanbanService.java:165)
	at sun.reflect.GeneratedMethodAccessor68.invoke(Unknown Source)
	at sun.reflect.DelegatingMethodAccessorImpl.invoke(Unknown Source)
	at java.lang.reflect.Method.invoke(Unknown Source)
	at flex.messaging.services.remoting.adapters.JavaAdapter.invoke(JavaAdapter.java:418)
	at flex.messaging.services.RemotingService.serviceMessage(RemotingService.java:183)
	at flex.messaging.MessageBroker.routeMessageToService(MessageBroker.java:1400)
	at flex.messaging.endpoints.AbstractEndpoint.serviceMessage(AbstractEndpoint.java:1005)
	at flex.messaging.endpoints.amf.MessageBrokerFilter.invoke(MessageBrokerFilter.java:103)
	at flex.messaging.endpoints.amf.LegacyFilter.invoke(LegacyFilter.java:158)
	at flex.messaging.endpoints.amf.SessionFilter.invoke(SessionFilter.java:44)
	at flex.messaging.endpoints.amf.BatchProcessFilter.invoke(BatchProcessFilter.java:67)
	at flex.messaging.endpoints.amf.SerializationFilter.invoke(SerializationFilter.java:166)
	at flex.messaging.endpoints.BaseHTTPEndpoint.service(BaseHTTPEndpoint.java:291)
	at flex.messaging.MessageBrokerServlet.service(MessageBrokerServlet.java:353)
	at javax.servlet.http.HttpServlet.service(HttpServlet.java:803)
	at org.apache.catalina.core.ApplicationFilterChain.internalDoFilter(ApplicationFilterChain.java:290)
	at org.apache.catalina.core.ApplicationFilterChain.doFilter(ApplicationFilterChain.java:206)
	at org.apache.catalina.core.StandardWrapperValve.invoke(StandardWrapperValve.java:233)
	at org.apache.catalina.core.StandardContextValve.invoke(StandardContextValve.java:175)
	at org.apache.catalina.core.StandardHostValve.invoke(StandardHostValve.java:128)
	at org.apache.catalina.valves.ErrorReportValve.invoke(ErrorReportValve.java:102)
	at org.apache.catalina.core.StandardEngineValve.invoke(StandardEngineValve.java:109)
	at org.apache.catalina.connector.CoyoteAdapter.service(CoyoteAdapter.java:263)
	at org.apache.coyote.http11.Http11Processor.process(Http11Processor.java:844)
	at org.apache.coyote.http11.Http11Protocol$Http11ConnectionHandler.process(Http11Protocol.java:584)
	at org.apache.tomcat.util.net.JIoEndpoint$Worker.run(JIoEndpoint.java:447)
	at java.lang.Thread.run(Unknown Source)
Nov 19, 2010 10:58:33 PM kanbanbackend.db.SQLDriver getRowId
SEVERE: null
java.sql.SQLException: ResultSet closed
	at org.sqlite.RS.checkOpen(RS.java:57)
	at org.sqlite.RS.findColumn(RS.java:103)
	at org.sqlite.RS.getInt(RS.java:232)
	at kanbanbackend.db.SQLDriver.getRowId(SQLDriver.java:230)
	at kanbanbackend.model.ProjectUsersTuple.<init>(ProjectUsersTuple.java:44)
	at kanbanbackend.services.KanbanService.addUserToProject(KanbanService.java:195)
	at kanbanbackend.services.KanbanService.createNewProject(KanbanService.java:165)
	at sun.reflect.GeneratedMethodAccessor68.invoke(Unknown Source)
	at sun.reflect.DelegatingMethodAccessorImpl.invoke(Unknown Source)
	at java.lang.reflect.Method.invoke(Unknown Source)
	at flex.messaging.services.remoting.adapters.JavaAdapter.invoke(JavaAdapter.java:418)
	at flex.messaging.services.RemotingService.serviceMessage(RemotingService.java:183)
	at flex.messaging.MessageBroker.routeMessageToService(MessageBroker.java:1400)
	at flex.messaging.endpoints.AbstractEndpoint.serviceMessage(AbstractEndpoint.java:1005)
	at flex.messaging.endpoints.amf.MessageBrokerFilter.invoke(MessageBrokerFilter.java:103)
	at flex.messaging.endpoints.amf.LegacyFilter.invoke(LegacyFilter.java:158)
	at flex.messaging.endpoints.amf.SessionFilter.invoke(SessionFilter.java:44)
	at flex.messaging.endpoints.amf.BatchProcessFilter.invoke(BatchProcessFilter.java:67)
	at flex.messaging.endpoints.amf.SerializationFilter.invoke(SerializationFilter.java:166)
	at flex.messaging.endpoints.BaseHTTPEndpoint.service(BaseHTTPEndpoint.java:291)
	at flex.messaging.MessageBrokerServlet.service(MessageBrokerServlet.java:353)
	at javax.servlet.http.HttpServlet.service(HttpServlet.java:803)
	at org.apache.catalina.core.ApplicationFilterChain.internalDoFilter(ApplicationFilterChain.java:290)
	at org.apache.catalina.core.ApplicationFilterChain.doFilter(ApplicationFilterChain.java:206)
	at org.apache.catalina.core.StandardWrapperValve.invoke(StandardWrapperValve.java:233)
	at org.apache.catalina.core.StandardContextValve.invoke(StandardContextValve.java:175)
	at org.apache.catalina.core.StandardHostValve.invoke(StandardHostValve.java:128)
	at org.apache.catalina.valves.ErrorReportValve.invoke(ErrorReportValve.java:102)
	at org.apache.catalina.core.StandardEngineValve.invoke(StandardEngineValve.java:109)
	at org.apache.catalina.connector.CoyoteAdapter.service(CoyoteAdapter.java:263)
	at org.apache.coyote.http11.Http11Processor.process(Http11Processor.java:844)
	at org.apache.coyote.http11.Http11Protocol$Http11ConnectionHandler.process(Http11Protocol.java:584)
	at org.apache.tomcat.util.net.JIoEndpoint$Worker.run(JIoEndpoint.java:447)
	at java.lang.Thread.run(Unknown Source)
Nov 19, 2010 11:23:14 PM kanbanbackend.db.SQLDriver getRowId
SEVERE: null
java.sql.SQLException: ResultSet closed
	at org.sqlite.RS.checkOpen(RS.java:57)
	at org.sqlite.RS.findColumn(RS.java:103)
	at org.sqlite.RS.getInt(RS.java:232)
	at kanbanbackend.db.SQLDriver.getRowId(SQLDriver.java:230)
	at kanbanbackend.model.ProjectUsersTuple.<init>(ProjectUsersTuple.java:44)
	at kanbanbackend.services.KanbanService.addUserToProject(KanbanService.java:195)
	at kanbanbackend.services.KanbanService.createNewProject(KanbanService.java:165)
	at sun.reflect.GeneratedMethodAccessor68.invoke(Unknown Source)
	at sun.reflect.DelegatingMethodAccessorImpl.invoke(Unknown Source)
	at java.lang.reflect.Method.invoke(Unknown Source)
	at flex.messaging.services.remoting.adapters.JavaAdapter.invoke(JavaAdapter.java:418)
	at flex.messaging.services.RemotingService.serviceMessage(RemotingService.java:183)
	at flex.messaging.MessageBroker.routeMessageToService(MessageBroker.java:1400)
	at flex.messaging.endpoints.AbstractEndpoint.serviceMessage(AbstractEndpoint.java:1005)
	at flex.messaging.endpoints.amf.MessageBrokerFilter.invoke(MessageBrokerFilter.java:103)
	at flex.messaging.endpoints.amf.LegacyFilter.invoke(LegacyFilter.java:158)
	at flex.messaging.endpoints.amf.SessionFilter.invoke(SessionFilter.java:44)
	at flex.messaging.endpoints.amf.BatchProcessFilter.invoke(BatchProcessFilter.java:67)
	at flex.messaging.endpoints.amf.SerializationFilter.invoke(SerializationFilter.java:166)
	at flex.messaging.endpoints.BaseHTTPEndpoint.service(BaseHTTPEndpoint.java:291)
	at flex.messaging.MessageBrokerServlet.service(MessageBrokerServlet.java:353)
	at javax.servlet.http.HttpServlet.service(HttpServlet.java:803)
	at org.apache.catalina.core.ApplicationFilterChain.internalDoFilter(ApplicationFilterChain.java:290)
	at org.apache.catalina.core.ApplicationFilterChain.doFilter(ApplicationFilterChain.java:206)
	at org.apache.catalina.core.StandardWrapperValve.invoke(StandardWrapperValve.java:233)
	at org.apache.catalina.core.StandardContextValve.invoke(StandardContextValve.java:175)
	at org.apache.catalina.core.StandardHostValve.invoke(StandardHostValve.java:128)
	at org.apache.catalina.valves.ErrorReportValve.invoke(ErrorReportValve.java:102)
	at org.apache.catalina.core.StandardEngineValve.invoke(StandardEngineValve.java:109)
	at org.apache.catalina.connector.CoyoteAdapter.service(CoyoteAdapter.java:263)
	at org.apache.coyote.http11.Http11Processor.process(Http11Processor.java:844)
	at org.apache.coyote.http11.Http11Protocol$Http11ConnectionHandler.process(Http11Protocol.java:584)
	at org.apache.tomcat.util.net.JIoEndpoint$Worker.run(JIoEndpoint.java:447)
	at java.lang.Thread.run(Unknown Source)
