Nov 6, 2010 11:24:00 AM org.apache.catalina.core.AprLifecycleListener init
INFO: The Apache Tomcat Native library which allows optimal performance in production environments was not found on the java.library.path: C:\Program Files\Java\jre6\bin;.;C:\Windows\Sun\Java\bin;C:\Windows\system32;C:\Windows;C:\Windows\system32;C:\Windows;C:\Windows\System32\Wbem;C:\Windows\System32\WindowsPowerShell\v1.0\;C:\Program Files\ATI Technologies\ATI.ACE\Core-Static;C:\Program Files\TortoiseSVN\bin;C:\Program Files\Java\jdk1.6.0_21\bin;C:\Program Files\QuickTime\QTSystem\
Nov 6, 2010 11:24:00 AM org.apache.coyote.http11.Http11Protocol init
INFO: Initializing Coyote HTTP/1.1 on http-8400
Nov 6, 2010 11:24:00 AM org.apache.catalina.startup.Catalina load
INFO: Initialization processed in 505 ms
Nov 6, 2010 11:24:00 AM org.apache.catalina.core.StandardService start
INFO: Starting service Catalina
Nov 6, 2010 11:24:00 AM org.apache.catalina.core.StandardEngine start
INFO: Starting Servlet Engine: Apache Tomcat/6.0.14
Nov 6, 2010 11:24:01 AM org.apache.catalina.loader.WebappClassLoader validateJarFile
INFO: validateJarFile(C:\Users\Anthony\Desktop\kanban-taskboard\tomcat\webapps\testdrive\WEB-INF\lib\servlet-api.jar) - jar not loaded. See Servlet Spec 2.3, section 9.7.2. Offending class: javax/servlet/Servlet.class
Nov 6, 2010 11:24:02 AM org.apache.coyote.http11.Http11Protocol start
INFO: Starting Coyote HTTP/1.1 on http-8400
Nov 6, 2010 11:24:02 AM org.apache.jk.common.ChannelSocket init
INFO: JK: ajp13 listening on /0.0.0.0:8009
Nov 6, 2010 11:24:02 AM org.apache.jk.server.JkMain start
INFO: Jk running ID=0 time=0/31  config=null
Nov 6, 2010 11:24:02 AM org.apache.catalina.startup.Catalina start
INFO: Server startup in 1815 ms
Nov 6, 2010 11:27:12 AM org.apache.catalina.core.AprLifecycleListener init
INFO: The Apache Tomcat Native library which allows optimal performance in production environments was not found on the java.library.path: C:\Program Files\Java\jre6\bin;.;C:\Windows\Sun\Java\bin;C:\Windows\system32;C:\Windows;C:\Windows\system32;C:\Windows;C:\Windows\System32\Wbem;C:\Windows\System32\WindowsPowerShell\v1.0\;C:\Program Files\ATI Technologies\ATI.ACE\Core-Static;C:\Program Files\TortoiseSVN\bin;C:\Program Files\Java\jdk1.6.0_21\bin;C:\Program Files\QuickTime\QTSystem\
Nov 6, 2010 11:27:12 AM org.apache.coyote.http11.Http11Protocol init
INFO: Initializing Coyote HTTP/1.1 on http-8400
Nov 6, 2010 11:27:12 AM org.apache.catalina.startup.Catalina load
INFO: Initialization processed in 537 ms
Nov 6, 2010 11:27:12 AM org.apache.catalina.core.StandardService start
INFO: Starting service Catalina
Nov 6, 2010 11:27:12 AM org.apache.catalina.core.StandardEngine start
INFO: Starting Servlet Engine: Apache Tomcat/6.0.14
Nov 6, 2010 11:27:13 AM org.apache.catalina.loader.WebappClassLoader validateJarFile
INFO: validateJarFile(C:\Users\Anthony\Desktop\kanban-taskboard\tomcat\webapps\testdrive\WEB-INF\lib\servlet-api.jar) - jar not loaded. See Servlet Spec 2.3, section 9.7.2. Offending class: javax/servlet/Servlet.class
Nov 6, 2010 11:27:14 AM org.apache.coyote.http11.Http11Protocol start
INFO: Starting Coyote HTTP/1.1 on http-8400
Nov 6, 2010 11:27:14 AM org.apache.jk.common.ChannelSocket init
INFO: JK: ajp13 listening on /0.0.0.0:8009
Nov 6, 2010 11:27:14 AM org.apache.jk.server.JkMain start
INFO: Jk running ID=0 time=0/32  config=null
Nov 6, 2010 11:27:14 AM org.apache.catalina.startup.Catalina start
INFO: Server startup in 1741 ms
Nov 6, 2010 11:38:48 AM org.apache.jk.common.MsgAjp processHeader
SEVERE: BAD packet signature 18245
Nov 6, 2010 11:38:48 AM org.apache.jk.common.ChannelSocket processConnection
SEVERE: Error, processing connection
java.lang.IndexOutOfBoundsException
	at java.io.BufferedInputStream.read(Unknown Source)
	at org.apache.jk.common.ChannelSocket.read(ChannelSocket.java:620)
	at org.apache.jk.common.ChannelSocket.receive(ChannelSocket.java:577)
	at org.apache.jk.common.ChannelSocket.processConnection(ChannelSocket.java:685)
	at org.apache.jk.common.ChannelSocket$SocketConnection.runIt(ChannelSocket.java:889)
	at org.apache.tomcat.util.threads.ThreadPool$ControlRunnable.run(ThreadPool.java:690)
	at java.lang.Thread.run(Unknown Source)
Nov 6, 2010 11:38:48 AM org.apache.jk.common.MsgAjp processHeader
SEVERE: BAD packet signature 18245
Nov 6, 2010 11:38:48 AM org.apache.jk.common.ChannelSocket processConnection
SEVERE: Error, processing connection
java.lang.IndexOutOfBoundsException
	at java.io.BufferedInputStream.read(Unknown Source)
	at org.apache.jk.common.ChannelSocket.read(ChannelSocket.java:620)
	at org.apache.jk.common.ChannelSocket.receive(ChannelSocket.java:577)
	at org.apache.jk.common.ChannelSocket.processConnection(ChannelSocket.java:685)
	at org.apache.jk.common.ChannelSocket$SocketConnection.runIt(ChannelSocket.java:889)
	at org.apache.tomcat.util.threads.ThreadPool$ControlRunnable.run(ThreadPool.java:690)
	at java.lang.Thread.run(Unknown Source)
Nov 6, 2010 3:16:49 PM org.apache.catalina.core.AprLifecycleListener init
INFO: The Apache Tomcat Native library which allows optimal performance in production environments was not found on the java.library.path: C:\Program Files\Java\jre6\bin;.;C:\Windows\Sun\Java\bin;C:\Windows\system32;C:\Windows;C:\Windows\system32;C:\Windows;C:\Windows\System32\Wbem;C:\Windows\System32\WindowsPowerShell\v1.0\;C:\Program Files\ATI Technologies\ATI.ACE\Core-Static;C:\Program Files\TortoiseSVN\bin;C:\Program Files\Java\jdk1.6.0_21\bin;C:\Program Files\QuickTime\QTSystem\
Nov 6, 2010 3:16:49 PM org.apache.coyote.http11.Http11Protocol init
INFO: Initializing Coyote HTTP/1.1 on http-8400
Nov 6, 2010 3:16:49 PM org.apache.catalina.startup.Catalina load
INFO: Initialization processed in 583 ms
Nov 6, 2010 3:16:49 PM org.apache.catalina.core.StandardService start
INFO: Starting service Catalina
Nov 6, 2010 3:16:49 PM org.apache.catalina.core.StandardEngine start
INFO: Starting Servlet Engine: Apache Tomcat/6.0.14
Nov 6, 2010 3:16:50 PM org.apache.catalina.loader.WebappClassLoader validateJarFile
INFO: validateJarFile(C:\Users\Anthony\Desktop\kanban-taskboard\tomcat\webapps\testdrive\WEB-INF\lib\servlet-api.jar) - jar not loaded. See Servlet Spec 2.3, section 9.7.2. Offending class: javax/servlet/Servlet.class
Nov 6, 2010 3:16:51 PM org.apache.coyote.http11.Http11Protocol start
INFO: Starting Coyote HTTP/1.1 on http-8400
Nov 6, 2010 3:16:51 PM org.apache.jk.common.ChannelSocket init
INFO: JK: ajp13 listening on /0.0.0.0:8009
Nov 6, 2010 3:16:51 PM org.apache.jk.server.JkMain start
INFO: Jk running ID=0 time=0/38  config=null
Nov 6, 2010 3:16:51 PM org.apache.catalina.startup.Catalina start
INFO: Server startup in 1958 ms
Nov 6, 2010 3:34:22 PM org.apache.jk.common.MsgAjp processHeader
SEVERE: BAD packet signature 18245
Nov 6, 2010 3:34:22 PM org.apache.jk.common.ChannelSocket processConnection
SEVERE: Error, processing connection
java.lang.IndexOutOfBoundsException
	at java.io.BufferedInputStream.read(Unknown Source)
	at org.apache.jk.common.ChannelSocket.read(ChannelSocket.java:620)
	at org.apache.jk.common.ChannelSocket.receive(ChannelSocket.java:577)
	at org.apache.jk.common.ChannelSocket.processConnection(ChannelSocket.java:685)
	at org.apache.jk.common.ChannelSocket$SocketConnection.runIt(ChannelSocket.java:889)
	at org.apache.tomcat.util.threads.ThreadPool$ControlRunnable.run(ThreadPool.java:690)
	at java.lang.Thread.run(Unknown Source)
Nov 6, 2010 3:34:22 PM org.apache.jk.common.MsgAjp processHeader
SEVERE: BAD packet signature 18245
Nov 6, 2010 3:34:22 PM org.apache.jk.common.ChannelSocket processConnection
SEVERE: Error, processing connection
java.lang.IndexOutOfBoundsException
	at java.io.BufferedInputStream.read(Unknown Source)
	at org.apache.jk.common.ChannelSocket.read(ChannelSocket.java:620)
	at org.apache.jk.common.ChannelSocket.receive(ChannelSocket.java:577)
	at org.apache.jk.common.ChannelSocket.processConnection(ChannelSocket.java:685)
	at org.apache.jk.common.ChannelSocket$SocketConnection.runIt(ChannelSocket.java:889)
	at org.apache.tomcat.util.threads.ThreadPool$ControlRunnable.run(ThreadPool.java:690)
	at java.lang.Thread.run(Unknown Source)
